<?xml version="1.0" encoding="UTF-8"?>
<testsuites name="GuitarCenter Formularz Rejestracji" time="240.871" tests="18" failures="4" errors="0">
   <testsuite name="GuitarCenter Formularz Rejestracji" tests="18" failures="4" errors="0" time="240.871" timestamp="2020-01-30 16:30:28" hostname="Tomek - 192.168.1.2" id="Test Suites/GuitarCenter Formularz Rejestracji">
      <properties>
         <property name="deviceName" value=""/>
         <property name="devicePlatform" value=""/>
         <property name="logFolder" value="C:\\Users\\Tomek\\git\\GC.FR\\Reports\\20200130_163025\\GuitarCenter Formularz Rejestracji\\20200130_163025"/>
         <property name="logFiles" value="C:\\Users\\Tomek\\git\\GC.FR\\Reports\\20200130_163025\\GuitarCenter Formularz Rejestracji\\20200130_163025\\execution0.log"/>
         <property name="attachments" value="C:\\Users\\Tomek\\git\\GC.FR\\Reports\\20200130_163025\\GuitarCenter Formularz Rejestracji\\20200130_163025\\1580398283528.png, C:\\Users\\Tomek\\git\\GC.FR\\Reports\\20200130_163025\\GuitarCenter Formularz Rejestracji\\20200130_163025\\1580398283713.png, C:\\Users\\Tomek\\git\\GC.FR\\Reports\\20200130_163025\\GuitarCenter Formularz Rejestracji\\20200130_163025\\1580398314430.png, C:\\Users\\Tomek\\git\\GC.FR\\Reports\\20200130_163025\\GuitarCenter Formularz Rejestracji\\20200130_163025\\1580398314591.png, C:\\Users\\Tomek\\git\\GC.FR\\Reports\\20200130_163025\\GuitarCenter Formularz Rejestracji\\20200130_163025\\1580398378714.png, C:\\Users\\Tomek\\git\\GC.FR\\Reports\\20200130_163025\\GuitarCenter Formularz Rejestracji\\20200130_163025\\1580398378877.png, C:\\Users\\Tomek\\git\\GC.FR\\Reports\\20200130_163025\\GuitarCenter Formularz Rejestracji\\20200130_163025\\1580398467811.png, C:\\Users\\Tomek\\git\\GC.FR\\Reports\\20200130_163025\\GuitarCenter Formularz Rejestracji\\20200130_163025\\1580398467991.png"/>
         <property name="hostName" value="Tomek - 192.168.1.2"/>
         <property name="os" value="Windows 7 64bit"/>
         <property name="katalonVersion" value="7.2.1.1"/>
         <property name="browser" value="Firefox 72.0"/>
         <property name="hostAddress" value="192.168.1.2"/>
         <property name="sessionId" value="76a4b0da-fe42-40c8-8ae1-396f3b4d2560"/>
         <property name="seleniumVersion" value="3.141.59"/>
         <property name="proxyInformation" value="ProxyInformation{proxyOption=NO_PROXY, proxyServerType=HTTP, password=, proxyServerAddress=, proxyServerPort=0, executionList=}"/>
         <property name="platform" value="Windows 7"/>
      </properties>
      <testcase name="Test Cases/GC.FR.1" time="13.009" classname="Test Cases/GC.FR.1" status="PASSED">
         <system-out><![CDATA[2020-01-30 16:30:28 - [TEST_CASE][PASSED] - Test Cases/GC.FR.1: Test Cases/GC.FR.1

2020-01-30 16:30:29 - [TEST_STEP][PASSED] - RN = Math.random() * 10000000: null

2020-01-30 16:30:29 - [TEST_STEP][PASSED] - openBrowser("https://www.google.com/"): Browser is opened with url: 'https://www.google.com/'

2020-01-30 16:30:29 - [MESSAGE][INFO] - Starting 'Firefox' driver

2020-01-30 16:30:29 - [MESSAGE][INFO] - Action delay is set to 0 seconds

2020-01-30 16:30:35 - [MESSAGE][PASSED] - Browser is opened with url: 'https://www.google.com/'

2020-01-30 16:30:35 - [TEST_STEP][PASSED] - driver = getWebDriver(): null

2020-01-30 16:30:35 - [TEST_STEP][PASSED] - baseUrl = "https://www.google.com/": null

2020-01-30 16:30:35 - [TEST_STEP][PASSED] - selenium = new com.thoughtworks.selenium.webdriven.WebDriverBackedSelenium(driver, baseUrl): null

2020-01-30 16:30:35 - [TEST_STEP][PASSED] - selenium.open("https://guitarcenter.pl/catalog/logreg.php"): null

2020-01-30 16:30:38 - [TEST_STEP][PASSED] - selenium.click("id=firstname"): null

2020-01-30 16:30:38 - [TEST_STEP][PASSED] - selenium.type("id=firstname", "Marek"): null

2020-01-30 16:30:38 - [TEST_STEP][PASSED] - selenium.type("id=lastname", "Nowak"): null

2020-01-30 16:30:38 - [TEST_STEP][PASSED] - selenium.type("id=email_address", "mareknowak+" + RN + "@gmail.com"): null

2020-01-30 16:30:38 - [TEST_STEP][PASSED] - selenium.type("id=telephone", "123852951"): null

2020-01-30 16:30:38 - [TEST_STEP][PASSED] - selenium.type("id=password", "marek123"): null

2020-01-30 16:30:38 - [TEST_STEP][PASSED] - selenium.type("id=password_confirmation", "marek123"): null

2020-01-30 16:30:38 - [TEST_STEP][PASSED] - selenium.click("id=regulamin"): null

2020-01-30 16:30:39 - [TEST_STEP][PASSED] - selenium.click("xpath=(//input[@value=''])[12]"): null

2020-01-30 16:30:40 - [TEST_STEP][PASSED] - verifyElementPresent(findTestObject("Konto zostało założone"), 10): Object 'Object Repository/Konto zostało założone' is present

2020-01-30 16:30:40 - [MESSAGE][PASSED] - Object 'Object Repository/Konto zostało założone' is present

2020-01-30 16:30:40 - [TEST_STEP][PASSED] - closeBrowser(): Browser is closed

2020-01-30 16:30:41 - [MESSAGE][PASSED] - Browser is closed]]></system-out>
         <system-err><![CDATA[]]></system-err>
      </testcase>
      <testcase name="Test Cases/GC.FR.2" time="12.355" classname="Test Cases/GC.FR.2" status="PASSED">
         <system-out><![CDATA[2020-01-30 16:30:41 - [TEST_CASE][PASSED] - Test Cases/GC.FR.2: Test Cases/GC.FR.2

2020-01-30 16:30:41 - [TEST_STEP][PASSED] - RN = Math.random() * 10000000: null

2020-01-30 16:30:41 - [TEST_STEP][PASSED] - openBrowser("https://www.google.com/"): Browser is opened with url: 'https://www.google.com/'

2020-01-30 16:30:41 - [MESSAGE][INFO] - Starting 'Firefox' driver

2020-01-30 16:30:47 - [MESSAGE][PASSED] - Browser is opened with url: 'https://www.google.com/'

2020-01-30 16:30:47 - [TEST_STEP][PASSED] - driver = getWebDriver(): null

2020-01-30 16:30:47 - [TEST_STEP][PASSED] - baseUrl = "https://www.google.com/": null

2020-01-30 16:30:47 - [TEST_STEP][PASSED] - selenium = new com.thoughtworks.selenium.webdriven.WebDriverBackedSelenium(driver, baseUrl): null

2020-01-30 16:30:47 - [TEST_STEP][PASSED] - selenium.open("https://guitarcenter.pl/catalog/logreg.php"): null

2020-01-30 16:30:49 - [TEST_STEP][PASSED] - selenium.click("id=firstname"): null

2020-01-30 16:30:50 - [TEST_STEP][PASSED] - selenium.type("id=firstname", ""): null

2020-01-30 16:30:50 - [TEST_STEP][PASSED] - selenium.type("id=lastname", ""): null

2020-01-30 16:30:50 - [TEST_STEP][PASSED] - selenium.type("id=email_address", ""): null

2020-01-30 16:30:50 - [TEST_STEP][PASSED] - selenium.type("id=telephone", ""): null

2020-01-30 16:30:50 - [TEST_STEP][PASSED] - selenium.type("id=password", ""): null

2020-01-30 16:30:50 - [TEST_STEP][PASSED] - selenium.type("id=password_confirmation", ""): null

2020-01-30 16:30:50 - [TEST_STEP][PASSED] - selenium.click("xpath=(//input[@value=''])[12]"): null

2020-01-30 16:30:51 - [TEST_STEP][PASSED] - verifyElementPresent(findTestObject("Problem z polem Imię"), 5): Object 'Object Repository/Problem z polem Imię' is present

2020-01-30 16:30:51 - [MESSAGE][PASSED] - Object 'Object Repository/Problem z polem Imię' is present

2020-01-30 16:30:51 - [TEST_STEP][PASSED] - verifyElementPresent(findTestObject("Problem z polem Nazwisko"), 5): Object 'Object Repository/Problem z polem Nazwisko' is present

2020-01-30 16:30:51 - [MESSAGE][PASSED] - Object 'Object Repository/Problem z polem Nazwisko' is present

2020-01-30 16:30:51 - [TEST_STEP][PASSED] - verifyElementPresent(findTestObject("Problem z polem Email"), 5): Object 'Object Repository/Problem z polem Email' is present

2020-01-30 16:30:52 - [MESSAGE][PASSED] - Object 'Object Repository/Problem z polem Email' is present

2020-01-30 16:30:52 - [TEST_STEP][PASSED] - verifyElementPresent(findTestObject("Problem z polem Telefon"), 5): Object 'Object Repository/Problem z polem Telefon' is present

2020-01-30 16:30:52 - [MESSAGE][PASSED] - Object 'Object Repository/Problem z polem Telefon' is present

2020-01-30 16:30:52 - [TEST_STEP][PASSED] - verifyElementPresent(findTestObject("Problem z polem Hasło"), 5): Object 'Object Repository/Problem z polem Hasło' is present

2020-01-30 16:30:52 - [MESSAGE][PASSED] - Object 'Object Repository/Problem z polem Hasło' is present

2020-01-30 16:30:52 - [TEST_STEP][PASSED] - closeBrowser(): Browser is closed

2020-01-30 16:30:54 - [MESSAGE][PASSED] - Browser is closed]]></system-out>
         <system-err><![CDATA[]]></system-err>
      </testcase>
      <testcase name="Test Cases/GC.FR.3.1" time="11.378" classname="Test Cases/GC.FR.3.1" status="PASSED">
         <system-out><![CDATA[2020-01-30 16:30:54 - [TEST_CASE][PASSED] - Test Cases/GC.FR.3.1: Test Cases/GC.FR.3.1

2020-01-30 16:30:54 - [TEST_STEP][PASSED] - RN = Math.random() * 10000000: null

2020-01-30 16:30:54 - [TEST_STEP][PASSED] - openBrowser("https://www.google.com/"): Browser is opened with url: 'https://www.google.com/'

2020-01-30 16:30:54 - [MESSAGE][INFO] - Starting 'Firefox' driver

2020-01-30 16:30:59 - [MESSAGE][PASSED] - Browser is opened with url: 'https://www.google.com/'

2020-01-30 16:30:59 - [TEST_STEP][PASSED] - driver = getWebDriver(): null

2020-01-30 16:30:59 - [TEST_STEP][PASSED] - baseUrl = "https://www.google.com/": null

2020-01-30 16:30:59 - [TEST_STEP][PASSED] - selenium = new com.thoughtworks.selenium.webdriven.WebDriverBackedSelenium(driver, baseUrl): null

2020-01-30 16:30:59 - [TEST_STEP][PASSED] - selenium.open("https://guitarcenter.pl/catalog/logreg.php"): null

2020-01-30 16:31:02 - [TEST_STEP][PASSED] - selenium.click("id=firstname"): null

2020-01-30 16:31:02 - [TEST_STEP][PASSED] - selenium.type("id=firstname", "ma"): null

2020-01-30 16:31:02 - [TEST_STEP][PASSED] - selenium.type("id=lastname", "Nowak"): null

2020-01-30 16:31:02 - [TEST_STEP][PASSED] - selenium.type("id=email_address", "mareknowak+" + RN + "@gmail.com"): null

2020-01-30 16:31:02 - [TEST_STEP][PASSED] - selenium.type("id=telephone", "123852951"): null

2020-01-30 16:31:02 - [TEST_STEP][PASSED] - selenium.type("id=password", "marek123"): null

2020-01-30 16:31:02 - [TEST_STEP][PASSED] - selenium.type("id=password_confirmation", "marek123"): null

2020-01-30 16:31:02 - [TEST_STEP][PASSED] - selenium.click("id=regulamin"): null

2020-01-30 16:31:03 - [TEST_STEP][PASSED] - selenium.click("xpath=(//input[@value=''])[12]"): null

2020-01-30 16:31:03 - [TEST_STEP][PASSED] - verifyElementPresent(findTestObject("Problem z polem Imię"), 5): Object 'Object Repository/Problem z polem Imię' is present

2020-01-30 16:31:04 - [MESSAGE][PASSED] - Object 'Object Repository/Problem z polem Imię' is present

2020-01-30 16:31:04 - [TEST_STEP][PASSED] - closeBrowser(): Browser is closed

2020-01-30 16:31:05 - [MESSAGE][PASSED] - Browser is closed]]></system-out>
         <system-err><![CDATA[]]></system-err>
      </testcase>
      <testcase name="Test Cases/GC.FR.3.2" time="18.452" classname="Test Cases/GC.FR.3.2" status="FAILED">
         <failure type="FAILED" message="Test Cases/GC.FR.3.2 FAILED.
Reason:
com.kms.katalon.core.exception.StepFailedException: Unable to verify object 'Object Repository/Problem z polem Imię' is present
	at com.kms.katalon.core.webui.keyword.internal.WebUIKeywordMain.stepFailed(WebUIKeywordMain.groovy:64)
	at com.kms.katalon.core.webui.keyword.internal.WebUIKeywordMain.runKeyword(WebUIKeywordMain.groovy:26)
	at com.kms.katalon.core.webui.keyword.builtin.VerifyElementPresentKeyword.verifyElementPresent(VerifyElementPresentKeyword.groovy:92)
	at com.kms.katalon.core.webui.keyword.builtin.VerifyElementPresentKeyword.execute(VerifyElementPresentKeyword.groovy:68)
	at com.kms.katalon.core.keyword.internal.KeywordExecutor.executeKeywordForPlatform(KeywordExecutor.groovy:72)
	at com.kms.katalon.core.webui.keyword.WebUiBuiltInKeywords.verifyElementPresent(WebUiBuiltInKeywords.groovy:1434)
	at com.kms.katalon.core.webui.keyword.WebUiBuiltInKeywords$verifyElementPresent$0.call(Unknown Source)
	at GC.FR.3.2.run(GC.FR.3.2:73)
	at com.kms.katalon.core.main.ScriptEngine.run(ScriptEngine.java:194)
	at com.kms.katalon.core.main.ScriptEngine.runScriptAsRawText(ScriptEngine.java:119)
	at com.kms.katalon.core.main.TestCaseExecutor.runScript(TestCaseExecutor.java:337)
	at com.kms.katalon.core.main.TestCaseExecutor.doExecute(TestCaseExecutor.java:328)
	at com.kms.katalon.core.main.TestCaseExecutor.processExecutionPhase(TestCaseExecutor.java:307)
	at com.kms.katalon.core.main.TestCaseExecutor.accessMainPhase(TestCaseExecutor.java:299)
	at com.kms.katalon.core.main.TestCaseExecutor.execute(TestCaseExecutor.java:233)
	at com.kms.katalon.core.main.TestSuiteExecutor.accessTestCaseMainPhase(TestSuiteExecutor.java:169)
	at com.kms.katalon.core.main.TestSuiteExecutor.accessTestSuiteMainPhase(TestSuiteExecutor.java:142)
	at com.kms.katalon.core.main.TestSuiteExecutor.execute(TestSuiteExecutor.java:91)
	at com.kms.katalon.core.main.TestCaseMain.startTestSuite(TestCaseMain.java:157)
	at com.kms.katalon.core.main.TestCaseMain$startTestSuite$0.call(Unknown Source)
	at TempTestSuite1580398225244.run(TempTestSuite1580398225244.groovy:36)
Caused by: com.kms.katalon.core.exception.StepFailedException: com.kms.katalon.core.webui.exception.WebElementNotFoundException: Web element with id: 'Object Repository/Problem z polem Imię' located by 'By.xpath: /html/body/center/table/tbody/tr/td/table[2]/tbody/tr/td/table/tbody/tr/td[2]/form/table[1]/tbody/tr[1]/td/p' not found
	at com.kms.katalon.core.webui.keyword.internal.WebUIKeywordMain.stepFailed(WebUIKeywordMain.groovy:64)
	at com.kms.katalon.core.webui.keyword.builtin.VerifyElementPresentKeyword$_verifyElementPresent_closure1.doCall(VerifyElementPresentKeyword.groovy:85)
	at com.kms.katalon.core.webui.keyword.builtin.VerifyElementPresentKeyword$_verifyElementPresent_closure1.call(VerifyElementPresentKeyword.groovy)
	at com.kms.katalon.core.webui.keyword.internal.WebUIKeywordMain.runKeyword(WebUIKeywordMain.groovy:20)
	... 19 more
"/>
         <system-out><![CDATA[2020-01-30 16:31:05 - [TEST_CASE][FAILED] - Test Cases/GC.FR.3.2: Test Cases/GC.FR.3.2 FAILED.
Reason:
com.kms.katalon.core.exception.StepFailedException: Unable to verify object 'Object Repository/Problem z polem Imię' is present
	at com.kms.katalon.core.webui.keyword.internal.WebUIKeywordMain.stepFailed(WebUIKeywordMain.groovy:64)
	at com.kms.katalon.core.webui.keyword.internal.WebUIKeywordMain.runKeyword(WebUIKeywordMain.groovy:26)
	at com.kms.katalon.core.webui.keyword.builtin.VerifyElementPresentKeyword.verifyElementPresent(VerifyElementPresentKeyword.groovy:92)
	at com.kms.katalon.core.webui.keyword.builtin.VerifyElementPresentKeyword.execute(VerifyElementPresentKeyword.groovy:68)
	at com.kms.katalon.core.keyword.internal.KeywordExecutor.executeKeywordForPlatform(KeywordExecutor.groovy:72)
	at com.kms.katalon.core.webui.keyword.WebUiBuiltInKeywords.verifyElementPresent(WebUiBuiltInKeywords.groovy:1434)
	at com.kms.katalon.core.webui.keyword.WebUiBuiltInKeywords$verifyElementPresent$0.call(Unknown Source)
	at GC.FR.3.2.run(GC.FR.3.2:73)
	at com.kms.katalon.core.main.ScriptEngine.run(ScriptEngine.java:194)
	at com.kms.katalon.core.main.ScriptEngine.runScriptAsRawText(ScriptEngine.java:119)
	at com.kms.katalon.core.main.TestCaseExecutor.runScript(TestCaseExecutor.java:337)
	at com.kms.katalon.core.main.TestCaseExecutor.doExecute(TestCaseExecutor.java:328)
	at com.kms.katalon.core.main.TestCaseExecutor.processExecutionPhase(TestCaseExecutor.java:307)
	at com.kms.katalon.core.main.TestCaseExecutor.accessMainPhase(TestCaseExecutor.java:299)
	at com.kms.katalon.core.main.TestCaseExecutor.execute(TestCaseExecutor.java:233)
	at com.kms.katalon.core.main.TestSuiteExecutor.accessTestCaseMainPhase(TestSuiteExecutor.java:169)
	at com.kms.katalon.core.main.TestSuiteExecutor.accessTestSuiteMainPhase(TestSuiteExecutor.java:142)
	at com.kms.katalon.core.main.TestSuiteExecutor.execute(TestSuiteExecutor.java:91)
	at com.kms.katalon.core.main.TestCaseMain.startTestSuite(TestCaseMain.java:157)
	at com.kms.katalon.core.main.TestCaseMain$startTestSuite$0.call(Unknown Source)
	at TempTestSuite1580398225244.run(TempTestSuite1580398225244.groovy:36)
Caused by: com.kms.katalon.core.exception.StepFailedException: com.kms.katalon.core.webui.exception.WebElementNotFoundException: Web element with id: 'Object Repository/Problem z polem Imię' located by 'By.xpath: /html/body/center/table/tbody/tr/td/table[2]/tbody/tr/td/table/tbody/tr/td[2]/form/table[1]/tbody/tr[1]/td/p' not found
	at com.kms.katalon.core.webui.keyword.internal.WebUIKeywordMain.stepFailed(WebUIKeywordMain.groovy:64)
	at com.kms.katalon.core.webui.keyword.builtin.VerifyElementPresentKeyword$_verifyElementPresent_closure1.doCall(VerifyElementPresentKeyword.groovy:85)
	at com.kms.katalon.core.webui.keyword.builtin.VerifyElementPresentKeyword$_verifyElementPresent_closure1.call(VerifyElementPresentKeyword.groovy)
	at com.kms.katalon.core.webui.keyword.internal.WebUIKeywordMain.runKeyword(WebUIKeywordMain.groovy:20)
	... 19 more


2020-01-30 16:31:05 - [TEST_STEP][PASSED] - RN = Math.random() * 10000000: null

2020-01-30 16:31:05 - [TEST_STEP][PASSED] - openBrowser("https://www.google.com/"): Browser is opened with url: 'https://www.google.com/'

2020-01-30 16:31:05 - [MESSAGE][INFO] - Starting 'Firefox' driver

2020-01-30 16:31:11 - [MESSAGE][PASSED] - Browser is opened with url: 'https://www.google.com/'

2020-01-30 16:31:11 - [TEST_STEP][PASSED] - driver = getWebDriver(): null

2020-01-30 16:31:11 - [TEST_STEP][PASSED] - baseUrl = "https://www.google.com/": null

2020-01-30 16:31:11 - [TEST_STEP][PASSED] - selenium = new com.thoughtworks.selenium.webdriven.WebDriverBackedSelenium(driver, baseUrl): null

2020-01-30 16:31:11 - [TEST_STEP][PASSED] - selenium.open("https://guitarcenter.pl/catalog/logreg.php"): null

2020-01-30 16:31:14 - [TEST_STEP][PASSED] - selenium.click("id=firstname"): null

2020-01-30 16:31:14 - [TEST_STEP][PASSED] - selenium.type("id=firstname", "Ma123"): null

2020-01-30 16:31:14 - [TEST_STEP][PASSED] - selenium.type("id=lastname", "Nowak"): null

2020-01-30 16:31:14 - [TEST_STEP][PASSED] - selenium.type("id=email_address", "mareknowak+" + RN + "@gmail.com"): null

2020-01-30 16:31:14 - [TEST_STEP][PASSED] - selenium.type("id=telephone", "123852951"): null

2020-01-30 16:31:14 - [TEST_STEP][PASSED] - selenium.type("id=password", "marek123"): null

2020-01-30 16:31:14 - [TEST_STEP][PASSED] - selenium.type("id=password_confirmation", "marek123"): null

2020-01-30 16:31:14 - [TEST_STEP][PASSED] - selenium.click("id=regulamin"): null

2020-01-30 16:31:15 - [TEST_STEP][PASSED] - selenium.click("xpath=(//input[@value=''])[12]"): null

2020-01-30 16:31:16 - [TEST_STEP][FAILED] - verifyElementPresent(findTestObject("Problem z polem Imię"), 5): Unable to verify object 'Object Repository/Problem z polem Imię' is present (Root cause: com.kms.katalon.core.exception.StepFailedException: Unable to verify object 'Object Repository/Problem z polem Imię' is present
	at com.kms.katalon.core.webui.keyword.internal.WebUIKeywordMain.stepFailed(WebUIKeywordMain.groovy:64)
	at com.kms.katalon.core.webui.keyword.internal.WebUIKeywordMain.runKeyword(WebUIKeywordMain.groovy:26)
	at com.kms.katalon.core.webui.keyword.builtin.VerifyElementPresentKeyword.verifyElementPresent(VerifyElementPresentKeyword.groovy:92)
	at com.kms.katalon.core.webui.keyword.builtin.VerifyElementPresentKeyword.execute(VerifyElementPresentKeyword.groovy:68)
	at com.kms.katalon.core.keyword.internal.KeywordExecutor.executeKeywordForPlatform(KeywordExecutor.groovy:72)
	at com.kms.katalon.core.webui.keyword.WebUiBuiltInKeywords.verifyElementPresent(WebUiBuiltInKeywords.groovy:1434)
	at com.kms.katalon.core.webui.keyword.WebUiBuiltInKeywords$verifyElementPresent$0.call(Unknown Source)
	at GC.FR.3.2.run(GC.FR.3.2:73)
	at com.kms.katalon.core.main.ScriptEngine.run(ScriptEngine.java:194)
	at com.kms.katalon.core.main.ScriptEngine.runScriptAsRawText(ScriptEngine.java:119)
	at com.kms.katalon.core.main.TestCaseExecutor.runScript(TestCaseExecutor.java:337)
	at com.kms.katalon.core.main.TestCaseExecutor.doExecute(TestCaseExecutor.java:328)
	at com.kms.katalon.core.main.TestCaseExecutor.processExecutionPhase(TestCaseExecutor.java:307)
	at com.kms.katalon.core.main.TestCaseExecutor.accessMainPhase(TestCaseExecutor.java:299)
	at com.kms.katalon.core.main.TestCaseExecutor.execute(TestCaseExecutor.java:233)
	at com.kms.katalon.core.main.TestSuiteExecutor.accessTestCaseMainPhase(TestSuiteExecutor.java:169)
	at com.kms.katalon.core.main.TestSuiteExecutor.accessTestSuiteMainPhase(TestSuiteExecutor.java:142)
	at com.kms.katalon.core.main.TestSuiteExecutor.execute(TestSuiteExecutor.java:91)
	at com.kms.katalon.core.main.TestCaseMain.startTestSuite(TestCaseMain.java:157)
	at com.kms.katalon.core.main.TestCaseMain$startTestSuite$0.call(Unknown Source)
	at TempTestSuite1580398225244.run(TempTestSuite1580398225244.groovy:36)
Caused by: com.kms.katalon.core.exception.StepFailedException: com.kms.katalon.core.webui.exception.WebElementNotFoundException: Web element with id: 'Object Repository/Problem z polem Imię' located by 'By.xpath: /html/body/center/table/tbody/tr/td/table[2]/tbody/tr/td/table/tbody/tr/td[2]/form/table[1]/tbody/tr[1]/td/p' not found
	at com.kms.katalon.core.webui.keyword.internal.WebUIKeywordMain.stepFailed(WebUIKeywordMain.groovy:64)
	at com.kms.katalon.core.webui.keyword.builtin.VerifyElementPresentKeyword$_verifyElementPresent_closure1.doCall(VerifyElementPresentKeyword.groovy:85)
	at com.kms.katalon.core.webui.keyword.builtin.VerifyElementPresentKeyword$_verifyElementPresent_closure1.call(VerifyElementPresentKeyword.groovy)
	at com.kms.katalon.core.webui.keyword.internal.WebUIKeywordMain.runKeyword(WebUIKeywordMain.groovy:20)
	... 19 more
)

2020-01-30 16:31:23 - [MESSAGE][INFO] - Unable to find the element located by 'By.xpath: /html/body/center/table/tbody/tr/td/table[2]/tbody/tr/td/table/tbody/tr/td[2]/form/table[1]/tbody/tr[1]/td/p'. Please recheck the objects properties to make sure the desired element is located. 

2020-01-30 16:31:23 - [MESSAGE][INFO] - [SMART_XPATH] Auto-trying out other XPath values in the test object.

2020-01-30 16:31:23 - [MESSAGE][INFO] - [SMART_XPATH] No working XPath is found.

2020-01-30 16:31:23 - [MESSAGE][FAILED] - com.kms.katalon.core.webui.exception.WebElementNotFoundException: Web element with id: 'Object Repository/Problem z polem Imię' located by 'By.xpath: /html/body/center/table/tbody/tr/td/table[2]/tbody/tr/td/table/tbody/tr/td[2]/form/table[1]/tbody/tr[1]/td/p' not found (Root cause: com.kms.katalon.core.exception.StepFailedException: com.kms.katalon.core.webui.exception.WebElementNotFoundException: Web element with id: 'Object Repository/Problem z polem Imię' located by 'By.xpath: /html/body/center/table/tbody/tr/td/table[2]/tbody/tr/td/table/tbody/tr/td[2]/form/table[1]/tbody/tr[1]/td/p' not found
	at com.kms.katalon.core.webui.keyword.internal.WebUIKeywordMain.stepFailed(WebUIKeywordMain.groovy:64)
	at com.kms.katalon.core.webui.keyword.builtin.VerifyElementPresentKeyword$_verifyElementPresent_closure1.doCall(VerifyElementPresentKeyword.groovy:85)
	at com.kms.katalon.core.webui.keyword.builtin.VerifyElementPresentKeyword$_verifyElementPresent_closure1.call(VerifyElementPresentKeyword.groovy)
	at com.kms.katalon.core.webui.keyword.internal.WebUIKeywordMain.runKeyword(WebUIKeywordMain.groovy:20)
	at com.kms.katalon.core.webui.keyword.builtin.VerifyElementPresentKeyword.verifyElementPresent(VerifyElementPresentKeyword.groovy:92)
	at com.kms.katalon.core.webui.keyword.builtin.VerifyElementPresentKeyword.execute(VerifyElementPresentKeyword.groovy:68)
	at com.kms.katalon.core.keyword.internal.KeywordExecutor.executeKeywordForPlatform(KeywordExecutor.groovy:72)
	at com.kms.katalon.core.webui.keyword.WebUiBuiltInKeywords.verifyElementPresent(WebUiBuiltInKeywords.groovy:1434)
	at com.kms.katalon.core.webui.keyword.WebUiBuiltInKeywords$verifyElementPresent$0.call(Unknown Source)
	at GC.FR.3.2.run(GC.FR.3.2:73)
	at com.kms.katalon.core.main.ScriptEngine.run(ScriptEngine.java:194)
	at com.kms.katalon.core.main.ScriptEngine.runScriptAsRawText(ScriptEngine.java:119)
	at com.kms.katalon.core.main.TestCaseExecutor.runScript(TestCaseExecutor.java:337)
	at com.kms.katalon.core.main.TestCaseExecutor.doExecute(TestCaseExecutor.java:328)
	at com.kms.katalon.core.main.TestCaseExecutor.processExecutionPhase(TestCaseExecutor.java:307)
	at com.kms.katalon.core.main.TestCaseExecutor.accessMainPhase(TestCaseExecutor.java:299)
	at com.kms.katalon.core.main.TestCaseExecutor.execute(TestCaseExecutor.java:233)
	at com.kms.katalon.core.main.TestSuiteExecutor.accessTestCaseMainPhase(TestSuiteExecutor.java:169)
	at com.kms.katalon.core.main.TestSuiteExecutor.accessTestSuiteMainPhase(TestSuiteExecutor.java:142)
	at com.kms.katalon.core.main.TestSuiteExecutor.execute(TestSuiteExecutor.java:91)
	at com.kms.katalon.core.main.TestCaseMain.startTestSuite(TestCaseMain.java:157)
	at com.kms.katalon.core.main.TestCaseMain$startTestSuite$0.call(Unknown Source)
	at TempTestSuite1580398225244.run(TempTestSuite1580398225244.groovy:36)
)
[[ATTACHMENT|C:\\Users\\Tomek\\git\\GC.FR\\Reports\\20200130_163025\\GuitarCenter Formularz Rejestracji\\20200130_163025\\1580398283528.png]]

2020-01-30 16:31:23 - [MESSAGE][FAILED] - Unable to verify object 'Object Repository/Problem z polem Imię' is present (Root cause: com.kms.katalon.core.exception.StepFailedException: Unable to verify object 'Object Repository/Problem z polem Imię' is present
	at com.kms.katalon.core.webui.keyword.internal.WebUIKeywordMain.stepFailed(WebUIKeywordMain.groovy:64)
	at com.kms.katalon.core.webui.keyword.internal.WebUIKeywordMain.runKeyword(WebUIKeywordMain.groovy:26)
	at com.kms.katalon.core.webui.keyword.builtin.VerifyElementPresentKeyword.verifyElementPresent(VerifyElementPresentKeyword.groovy:92)
	at com.kms.katalon.core.webui.keyword.builtin.VerifyElementPresentKeyword.execute(VerifyElementPresentKeyword.groovy:68)
	at com.kms.katalon.core.keyword.internal.KeywordExecutor.executeKeywordForPlatform(KeywordExecutor.groovy:72)
	at com.kms.katalon.core.webui.keyword.WebUiBuiltInKeywords.verifyElementPresent(WebUiBuiltInKeywords.groovy:1434)
	at com.kms.katalon.core.webui.keyword.WebUiBuiltInKeywords$verifyElementPresent$0.call(Unknown Source)
	at GC.FR.3.2.run(GC.FR.3.2:73)
	at com.kms.katalon.core.main.ScriptEngine.run(ScriptEngine.java:194)
	at com.kms.katalon.core.main.ScriptEngine.runScriptAsRawText(ScriptEngine.java:119)
	at com.kms.katalon.core.main.TestCaseExecutor.runScript(TestCaseExecutor.java:337)
	at com.kms.katalon.core.main.TestCaseExecutor.doExecute(TestCaseExecutor.java:328)
	at com.kms.katalon.core.main.TestCaseExecutor.processExecutionPhase(TestCaseExecutor.java:307)
	at com.kms.katalon.core.main.TestCaseExecutor.accessMainPhase(TestCaseExecutor.java:299)
	at com.kms.katalon.core.main.TestCaseExecutor.execute(TestCaseExecutor.java:233)
	at com.kms.katalon.core.main.TestSuiteExecutor.accessTestCaseMainPhase(TestSuiteExecutor.java:169)
	at com.kms.katalon.core.main.TestSuiteExecutor.accessTestSuiteMainPhase(TestSuiteExecutor.java:142)
	at com.kms.katalon.core.main.TestSuiteExecutor.execute(TestSuiteExecutor.java:91)
	at com.kms.katalon.core.main.TestCaseMain.startTestSuite(TestCaseMain.java:157)
	at com.kms.katalon.core.main.TestCaseMain$startTestSuite$0.call(Unknown Source)
	at TempTestSuite1580398225244.run(TempTestSuite1580398225244.groovy:36)
Caused by: com.kms.katalon.core.exception.StepFailedException: com.kms.katalon.core.webui.exception.WebElementNotFoundException: Web element with id: 'Object Repository/Problem z polem Imię' located by 'By.xpath: /html/body/center/table/tbody/tr/td/table[2]/tbody/tr/td/table/tbody/tr/td[2]/form/table[1]/tbody/tr[1]/td/p' not found
	at com.kms.katalon.core.webui.keyword.internal.WebUIKeywordMain.stepFailed(WebUIKeywordMain.groovy:64)
	at com.kms.katalon.core.webui.keyword.builtin.VerifyElementPresentKeyword$_verifyElementPresent_closure1.doCall(VerifyElementPresentKeyword.groovy:85)
	at com.kms.katalon.core.webui.keyword.builtin.VerifyElementPresentKeyword$_verifyElementPresent_closure1.call(VerifyElementPresentKeyword.groovy)
	at com.kms.katalon.core.webui.keyword.internal.WebUIKeywordMain.runKeyword(WebUIKeywordMain.groovy:20)
	... 19 more
)
[[ATTACHMENT|C:\\Users\\Tomek\\git\\GC.FR\\Reports\\20200130_163025\\GuitarCenter Formularz Rejestracji\\20200130_163025\\1580398283713.png]]]]></system-out>
         <system-err><![CDATA[2020-01-30 16:31:05 - [TEST_CASE][FAILED] - Test Cases/GC.FR.3.2: Test Cases/GC.FR.3.2 FAILED.
Reason:
com.kms.katalon.core.exception.StepFailedException: Unable to verify object 'Object Repository/Problem z polem Imię' is present
	at com.kms.katalon.core.webui.keyword.internal.WebUIKeywordMain.stepFailed(WebUIKeywordMain.groovy:64)
	at com.kms.katalon.core.webui.keyword.internal.WebUIKeywordMain.runKeyword(WebUIKeywordMain.groovy:26)
	at com.kms.katalon.core.webui.keyword.builtin.VerifyElementPresentKeyword.verifyElementPresent(VerifyElementPresentKeyword.groovy:92)
	at com.kms.katalon.core.webui.keyword.builtin.VerifyElementPresentKeyword.execute(VerifyElementPresentKeyword.groovy:68)
	at com.kms.katalon.core.keyword.internal.KeywordExecutor.executeKeywordForPlatform(KeywordExecutor.groovy:72)
	at com.kms.katalon.core.webui.keyword.WebUiBuiltInKeywords.verifyElementPresent(WebUiBuiltInKeywords.groovy:1434)
	at com.kms.katalon.core.webui.keyword.WebUiBuiltInKeywords$verifyElementPresent$0.call(Unknown Source)
	at GC.FR.3.2.run(GC.FR.3.2:73)
	at com.kms.katalon.core.main.ScriptEngine.run(ScriptEngine.java:194)
	at com.kms.katalon.core.main.ScriptEngine.runScriptAsRawText(ScriptEngine.java:119)
	at com.kms.katalon.core.main.TestCaseExecutor.runScript(TestCaseExecutor.java:337)
	at com.kms.katalon.core.main.TestCaseExecutor.doExecute(TestCaseExecutor.java:328)
	at com.kms.katalon.core.main.TestCaseExecutor.processExecutionPhase(TestCaseExecutor.java:307)
	at com.kms.katalon.core.main.TestCaseExecutor.accessMainPhase(TestCaseExecutor.java:299)
	at com.kms.katalon.core.main.TestCaseExecutor.execute(TestCaseExecutor.java:233)
	at com.kms.katalon.core.main.TestSuiteExecutor.accessTestCaseMainPhase(TestSuiteExecutor.java:169)
	at com.kms.katalon.core.main.TestSuiteExecutor.accessTestSuiteMainPhase(TestSuiteExecutor.java:142)
	at com.kms.katalon.core.main.TestSuiteExecutor.execute(TestSuiteExecutor.java:91)
	at com.kms.katalon.core.main.TestCaseMain.startTestSuite(TestCaseMain.java:157)
	at com.kms.katalon.core.main.TestCaseMain$startTestSuite$0.call(Unknown Source)
	at TempTestSuite1580398225244.run(TempTestSuite1580398225244.groovy:36)
Caused by: com.kms.katalon.core.exception.StepFailedException: com.kms.katalon.core.webui.exception.WebElementNotFoundException: Web element with id: 'Object Repository/Problem z polem Imię' located by 'By.xpath: /html/body/center/table/tbody/tr/td/table[2]/tbody/tr/td/table/tbody/tr/td[2]/form/table[1]/tbody/tr[1]/td/p' not found
	at com.kms.katalon.core.webui.keyword.internal.WebUIKeywordMain.stepFailed(WebUIKeywordMain.groovy:64)
	at com.kms.katalon.core.webui.keyword.builtin.VerifyElementPresentKeyword$_verifyElementPresent_closure1.doCall(VerifyElementPresentKeyword.groovy:85)
	at com.kms.katalon.core.webui.keyword.builtin.VerifyElementPresentKeyword$_verifyElementPresent_closure1.call(VerifyElementPresentKeyword.groovy)
	at com.kms.katalon.core.webui.keyword.internal.WebUIKeywordMain.runKeyword(WebUIKeywordMain.groovy:20)
	... 19 more]]></system-err>
      </testcase>
      <testcase name="Test Cases/GC.FR.4.1" time="13.243" classname="Test Cases/GC.FR.4.1" status="PASSED">
         <system-out><![CDATA[2020-01-30 16:31:23 - [TEST_CASE][PASSED] - Test Cases/GC.FR.4.1: Test Cases/GC.FR.4.1

2020-01-30 16:31:24 - [TEST_STEP][PASSED] - RN = Math.random() * 10000000: null

2020-01-30 16:31:24 - [TEST_STEP][PASSED] - openBrowser("https://www.google.com/"): Browser is opened with url: 'https://www.google.com/'

2020-01-30 16:31:24 - [MESSAGE][WARNING] - A browser is already opened. Closing browser and opening a new one

2020-01-30 16:31:25 - [MESSAGE][INFO] - Starting 'Firefox' driver

2020-01-30 16:31:31 - [MESSAGE][PASSED] - Browser is opened with url: 'https://www.google.com/'

2020-01-30 16:31:31 - [TEST_STEP][PASSED] - driver = getWebDriver(): null

2020-01-30 16:31:31 - [TEST_STEP][PASSED] - baseUrl = "https://www.google.com/": null

2020-01-30 16:31:31 - [TEST_STEP][PASSED] - selenium = new com.thoughtworks.selenium.webdriven.WebDriverBackedSelenium(driver, baseUrl): null

2020-01-30 16:31:31 - [TEST_STEP][PASSED] - selenium.open("https://guitarcenter.pl/catalog/logreg.php"): null

2020-01-30 16:31:33 - [TEST_STEP][PASSED] - selenium.click("id=firstname"): null

2020-01-30 16:31:34 - [TEST_STEP][PASSED] - selenium.type("id=firstname", "Marek"): null

2020-01-30 16:31:34 - [TEST_STEP][PASSED] - selenium.type("id=lastname", "N"): null

2020-01-30 16:31:34 - [TEST_STEP][PASSED] - selenium.type("id=email_address", "mareknowak+" + RN + "@gmail.com"): null

2020-01-30 16:31:34 - [TEST_STEP][PASSED] - selenium.type("id=telephone", "123852951"): null

2020-01-30 16:31:34 - [TEST_STEP][PASSED] - selenium.type("id=password", "marek123"): null

2020-01-30 16:31:34 - [TEST_STEP][PASSED] - selenium.type("id=password_confirmation", "marek123"): null

2020-01-30 16:31:34 - [TEST_STEP][PASSED] - selenium.click("id=regulamin"): null

2020-01-30 16:31:34 - [TEST_STEP][PASSED] - selenium.click("xpath=(//input[@value=''])[12]"): null

2020-01-30 16:31:35 - [TEST_STEP][PASSED] - verifyElementPresent(findTestObject("Problem z polem Nazwisko"), 5): Object 'Object Repository/Problem z polem Nazwisko' is present

2020-01-30 16:31:35 - [MESSAGE][PASSED] - Object 'Object Repository/Problem z polem Nazwisko' is present

2020-01-30 16:31:35 - [TEST_STEP][PASSED] - closeBrowser(): Browser is closed

2020-01-30 16:31:37 - [MESSAGE][PASSED] - Browser is closed]]></system-out>
         <system-err><![CDATA[]]></system-err>
      </testcase>
      <testcase name="Test Cases/GC.FR.4.2" time="17.64" classname="Test Cases/GC.FR.4.2" status="FAILED">
         <failure type="FAILED" message="Test Cases/GC.FR.4.2 FAILED.
Reason:
com.kms.katalon.core.exception.StepFailedException: Unable to verify object 'Object Repository/Problem z polem Nazwisko' is present
	at com.kms.katalon.core.webui.keyword.internal.WebUIKeywordMain.stepFailed(WebUIKeywordMain.groovy:64)
	at com.kms.katalon.core.webui.keyword.internal.WebUIKeywordMain.runKeyword(WebUIKeywordMain.groovy:26)
	at com.kms.katalon.core.webui.keyword.builtin.VerifyElementPresentKeyword.verifyElementPresent(VerifyElementPresentKeyword.groovy:92)
	at com.kms.katalon.core.webui.keyword.builtin.VerifyElementPresentKeyword.execute(VerifyElementPresentKeyword.groovy:68)
	at com.kms.katalon.core.keyword.internal.KeywordExecutor.executeKeywordForPlatform(KeywordExecutor.groovy:72)
	at com.kms.katalon.core.webui.keyword.WebUiBuiltInKeywords.verifyElementPresent(WebUiBuiltInKeywords.groovy:1434)
	at com.kms.katalon.core.webui.keyword.WebUiBuiltInKeywords$verifyElementPresent$0.call(Unknown Source)
	at GC.FR.4.2.run(GC.FR.4.2:73)
	at com.kms.katalon.core.main.ScriptEngine.run(ScriptEngine.java:194)
	at com.kms.katalon.core.main.ScriptEngine.runScriptAsRawText(ScriptEngine.java:119)
	at com.kms.katalon.core.main.TestCaseExecutor.runScript(TestCaseExecutor.java:337)
	at com.kms.katalon.core.main.TestCaseExecutor.doExecute(TestCaseExecutor.java:328)
	at com.kms.katalon.core.main.TestCaseExecutor.processExecutionPhase(TestCaseExecutor.java:307)
	at com.kms.katalon.core.main.TestCaseExecutor.accessMainPhase(TestCaseExecutor.java:299)
	at com.kms.katalon.core.main.TestCaseExecutor.execute(TestCaseExecutor.java:233)
	at com.kms.katalon.core.main.TestSuiteExecutor.accessTestCaseMainPhase(TestSuiteExecutor.java:169)
	at com.kms.katalon.core.main.TestSuiteExecutor.accessTestSuiteMainPhase(TestSuiteExecutor.java:142)
	at com.kms.katalon.core.main.TestSuiteExecutor.execute(TestSuiteExecutor.java:91)
	at com.kms.katalon.core.main.TestCaseMain.startTestSuite(TestCaseMain.java:157)
	at com.kms.katalon.core.main.TestCaseMain$startTestSuite$0.call(Unknown Source)
	at TempTestSuite1580398225244.run(TempTestSuite1580398225244.groovy:36)
Caused by: com.kms.katalon.core.exception.StepFailedException: com.kms.katalon.core.webui.exception.WebElementNotFoundException: Web element with id: 'Object Repository/Problem z polem Nazwisko' located by 'By.xpath: /html/body/center/table/tbody/tr/td/table[2]/tbody/tr/td/table/tbody/tr/td[2]/form/table[1]/tbody/tr[2]/td/p' not found
	at com.kms.katalon.core.webui.keyword.internal.WebUIKeywordMain.stepFailed(WebUIKeywordMain.groovy:64)
	at com.kms.katalon.core.webui.keyword.builtin.VerifyElementPresentKeyword$_verifyElementPresent_closure1.doCall(VerifyElementPresentKeyword.groovy:85)
	at com.kms.katalon.core.webui.keyword.builtin.VerifyElementPresentKeyword$_verifyElementPresent_closure1.call(VerifyElementPresentKeyword.groovy)
	at com.kms.katalon.core.webui.keyword.internal.WebUIKeywordMain.runKeyword(WebUIKeywordMain.groovy:20)
	... 19 more
"/>
         <system-out><![CDATA[2020-01-30 16:31:37 - [TEST_CASE][FAILED] - Test Cases/GC.FR.4.2: Test Cases/GC.FR.4.2 FAILED.
Reason:
com.kms.katalon.core.exception.StepFailedException: Unable to verify object 'Object Repository/Problem z polem Nazwisko' is present
	at com.kms.katalon.core.webui.keyword.internal.WebUIKeywordMain.stepFailed(WebUIKeywordMain.groovy:64)
	at com.kms.katalon.core.webui.keyword.internal.WebUIKeywordMain.runKeyword(WebUIKeywordMain.groovy:26)
	at com.kms.katalon.core.webui.keyword.builtin.VerifyElementPresentKeyword.verifyElementPresent(VerifyElementPresentKeyword.groovy:92)
	at com.kms.katalon.core.webui.keyword.builtin.VerifyElementPresentKeyword.execute(VerifyElementPresentKeyword.groovy:68)
	at com.kms.katalon.core.keyword.internal.KeywordExecutor.executeKeywordForPlatform(KeywordExecutor.groovy:72)
	at com.kms.katalon.core.webui.keyword.WebUiBuiltInKeywords.verifyElementPresent(WebUiBuiltInKeywords.groovy:1434)
	at com.kms.katalon.core.webui.keyword.WebUiBuiltInKeywords$verifyElementPresent$0.call(Unknown Source)
	at GC.FR.4.2.run(GC.FR.4.2:73)
	at com.kms.katalon.core.main.ScriptEngine.run(ScriptEngine.java:194)
	at com.kms.katalon.core.main.ScriptEngine.runScriptAsRawText(ScriptEngine.java:119)
	at com.kms.katalon.core.main.TestCaseExecutor.runScript(TestCaseExecutor.java:337)
	at com.kms.katalon.core.main.TestCaseExecutor.doExecute(TestCaseExecutor.java:328)
	at com.kms.katalon.core.main.TestCaseExecutor.processExecutionPhase(TestCaseExecutor.java:307)
	at com.kms.katalon.core.main.TestCaseExecutor.accessMainPhase(TestCaseExecutor.java:299)
	at com.kms.katalon.core.main.TestCaseExecutor.execute(TestCaseExecutor.java:233)
	at com.kms.katalon.core.main.TestSuiteExecutor.accessTestCaseMainPhase(TestSuiteExecutor.java:169)
	at com.kms.katalon.core.main.TestSuiteExecutor.accessTestSuiteMainPhase(TestSuiteExecutor.java:142)
	at com.kms.katalon.core.main.TestSuiteExecutor.execute(TestSuiteExecutor.java:91)
	at com.kms.katalon.core.main.TestCaseMain.startTestSuite(TestCaseMain.java:157)
	at com.kms.katalon.core.main.TestCaseMain$startTestSuite$0.call(Unknown Source)
	at TempTestSuite1580398225244.run(TempTestSuite1580398225244.groovy:36)
Caused by: com.kms.katalon.core.exception.StepFailedException: com.kms.katalon.core.webui.exception.WebElementNotFoundException: Web element with id: 'Object Repository/Problem z polem Nazwisko' located by 'By.xpath: /html/body/center/table/tbody/tr/td/table[2]/tbody/tr/td/table/tbody/tr/td[2]/form/table[1]/tbody/tr[2]/td/p' not found
	at com.kms.katalon.core.webui.keyword.internal.WebUIKeywordMain.stepFailed(WebUIKeywordMain.groovy:64)
	at com.kms.katalon.core.webui.keyword.builtin.VerifyElementPresentKeyword$_verifyElementPresent_closure1.doCall(VerifyElementPresentKeyword.groovy:85)
	at com.kms.katalon.core.webui.keyword.builtin.VerifyElementPresentKeyword$_verifyElementPresent_closure1.call(VerifyElementPresentKeyword.groovy)
	at com.kms.katalon.core.webui.keyword.internal.WebUIKeywordMain.runKeyword(WebUIKeywordMain.groovy:20)
	... 19 more


2020-01-30 16:31:37 - [TEST_STEP][PASSED] - RN = Math.random() * 10000000: null

2020-01-30 16:31:37 - [TEST_STEP][PASSED] - openBrowser("https://www.google.com/"): Browser is opened with url: 'https://www.google.com/'

2020-01-30 16:31:37 - [MESSAGE][INFO] - Starting 'Firefox' driver

2020-01-30 16:31:42 - [MESSAGE][PASSED] - Browser is opened with url: 'https://www.google.com/'

2020-01-30 16:31:42 - [TEST_STEP][PASSED] - driver = getWebDriver(): null

2020-01-30 16:31:42 - [TEST_STEP][PASSED] - baseUrl = "https://www.google.com/": null

2020-01-30 16:31:42 - [TEST_STEP][PASSED] - selenium = new com.thoughtworks.selenium.webdriven.WebDriverBackedSelenium(driver, baseUrl): null

2020-01-30 16:31:42 - [TEST_STEP][PASSED] - selenium.open("https://guitarcenter.pl/catalog/logreg.php"): null

2020-01-30 16:31:45 - [TEST_STEP][PASSED] - selenium.click("id=firstname"): null

2020-01-30 16:31:45 - [TEST_STEP][PASSED] - selenium.type("id=firstname", "Marek"): null

2020-01-30 16:31:45 - [TEST_STEP][PASSED] - selenium.type("id=lastname", "N!@#"): null

2020-01-30 16:31:45 - [TEST_STEP][PASSED] - selenium.type("id=email_address", "mareknowak+" + RN + "@gmail.com"): null

2020-01-30 16:31:45 - [TEST_STEP][PASSED] - selenium.type("id=telephone", "123852951"): null

2020-01-30 16:31:45 - [TEST_STEP][PASSED] - selenium.type("id=password", "marek123"): null

2020-01-30 16:31:45 - [TEST_STEP][PASSED] - selenium.type("id=password_confirmation", "marek123"): null

2020-01-30 16:31:45 - [TEST_STEP][PASSED] - selenium.click("id=regulamin"): null

2020-01-30 16:31:45 - [TEST_STEP][PASSED] - selenium.click("xpath=(//input[@value=''])[12]"): null

2020-01-30 16:31:46 - [TEST_STEP][FAILED] - verifyElementPresent(findTestObject("Problem z polem Nazwisko"), 5): Unable to verify object 'Object Repository/Problem z polem Nazwisko' is present (Root cause: com.kms.katalon.core.exception.StepFailedException: Unable to verify object 'Object Repository/Problem z polem Nazwisko' is present
	at com.kms.katalon.core.webui.keyword.internal.WebUIKeywordMain.stepFailed(WebUIKeywordMain.groovy:64)
	at com.kms.katalon.core.webui.keyword.internal.WebUIKeywordMain.runKeyword(WebUIKeywordMain.groovy:26)
	at com.kms.katalon.core.webui.keyword.builtin.VerifyElementPresentKeyword.verifyElementPresent(VerifyElementPresentKeyword.groovy:92)
	at com.kms.katalon.core.webui.keyword.builtin.VerifyElementPresentKeyword.execute(VerifyElementPresentKeyword.groovy:68)
	at com.kms.katalon.core.keyword.internal.KeywordExecutor.executeKeywordForPlatform(KeywordExecutor.groovy:72)
	at com.kms.katalon.core.webui.keyword.WebUiBuiltInKeywords.verifyElementPresent(WebUiBuiltInKeywords.groovy:1434)
	at com.kms.katalon.core.webui.keyword.WebUiBuiltInKeywords$verifyElementPresent$0.call(Unknown Source)
	at GC.FR.4.2.run(GC.FR.4.2:73)
	at com.kms.katalon.core.main.ScriptEngine.run(ScriptEngine.java:194)
	at com.kms.katalon.core.main.ScriptEngine.runScriptAsRawText(ScriptEngine.java:119)
	at com.kms.katalon.core.main.TestCaseExecutor.runScript(TestCaseExecutor.java:337)
	at com.kms.katalon.core.main.TestCaseExecutor.doExecute(TestCaseExecutor.java:328)
	at com.kms.katalon.core.main.TestCaseExecutor.processExecutionPhase(TestCaseExecutor.java:307)
	at com.kms.katalon.core.main.TestCaseExecutor.accessMainPhase(TestCaseExecutor.java:299)
	at com.kms.katalon.core.main.TestCaseExecutor.execute(TestCaseExecutor.java:233)
	at com.kms.katalon.core.main.TestSuiteExecutor.accessTestCaseMainPhase(TestSuiteExecutor.java:169)
	at com.kms.katalon.core.main.TestSuiteExecutor.accessTestSuiteMainPhase(TestSuiteExecutor.java:142)
	at com.kms.katalon.core.main.TestSuiteExecutor.execute(TestSuiteExecutor.java:91)
	at com.kms.katalon.core.main.TestCaseMain.startTestSuite(TestCaseMain.java:157)
	at com.kms.katalon.core.main.TestCaseMain$startTestSuite$0.call(Unknown Source)
	at TempTestSuite1580398225244.run(TempTestSuite1580398225244.groovy:36)
Caused by: com.kms.katalon.core.exception.StepFailedException: com.kms.katalon.core.webui.exception.WebElementNotFoundException: Web element with id: 'Object Repository/Problem z polem Nazwisko' located by 'By.xpath: /html/body/center/table/tbody/tr/td/table[2]/tbody/tr/td/table/tbody/tr/td[2]/form/table[1]/tbody/tr[2]/td/p' not found
	at com.kms.katalon.core.webui.keyword.internal.WebUIKeywordMain.stepFailed(WebUIKeywordMain.groovy:64)
	at com.kms.katalon.core.webui.keyword.builtin.VerifyElementPresentKeyword$_verifyElementPresent_closure1.doCall(VerifyElementPresentKeyword.groovy:85)
	at com.kms.katalon.core.webui.keyword.builtin.VerifyElementPresentKeyword$_verifyElementPresent_closure1.call(VerifyElementPresentKeyword.groovy)
	at com.kms.katalon.core.webui.keyword.internal.WebUIKeywordMain.runKeyword(WebUIKeywordMain.groovy:20)
	... 19 more
)

2020-01-30 16:31:54 - [MESSAGE][INFO] - Unable to find the element located by 'By.xpath: /html/body/center/table/tbody/tr/td/table[2]/tbody/tr/td/table/tbody/tr/td[2]/form/table[1]/tbody/tr[2]/td/p'. Please recheck the objects properties to make sure the desired element is located. 

2020-01-30 16:31:54 - [MESSAGE][INFO] - [SMART_XPATH] Auto-trying out other XPath values in the test object.

2020-01-30 16:31:54 - [MESSAGE][INFO] - [SMART_XPATH] No working XPath is found.

2020-01-30 16:31:54 - [MESSAGE][FAILED] - com.kms.katalon.core.webui.exception.WebElementNotFoundException: Web element with id: 'Object Repository/Problem z polem Nazwisko' located by 'By.xpath: /html/body/center/table/tbody/tr/td/table[2]/tbody/tr/td/table/tbody/tr/td[2]/form/table[1]/tbody/tr[2]/td/p' not found (Root cause: com.kms.katalon.core.exception.StepFailedException: com.kms.katalon.core.webui.exception.WebElementNotFoundException: Web element with id: 'Object Repository/Problem z polem Nazwisko' located by 'By.xpath: /html/body/center/table/tbody/tr/td/table[2]/tbody/tr/td/table/tbody/tr/td[2]/form/table[1]/tbody/tr[2]/td/p' not found
	at com.kms.katalon.core.webui.keyword.internal.WebUIKeywordMain.stepFailed(WebUIKeywordMain.groovy:64)
	at com.kms.katalon.core.webui.keyword.builtin.VerifyElementPresentKeyword$_verifyElementPresent_closure1.doCall(VerifyElementPresentKeyword.groovy:85)
	at com.kms.katalon.core.webui.keyword.builtin.VerifyElementPresentKeyword$_verifyElementPresent_closure1.call(VerifyElementPresentKeyword.groovy)
	at com.kms.katalon.core.webui.keyword.internal.WebUIKeywordMain.runKeyword(WebUIKeywordMain.groovy:20)
	at com.kms.katalon.core.webui.keyword.builtin.VerifyElementPresentKeyword.verifyElementPresent(VerifyElementPresentKeyword.groovy:92)
	at com.kms.katalon.core.webui.keyword.builtin.VerifyElementPresentKeyword.execute(VerifyElementPresentKeyword.groovy:68)
	at com.kms.katalon.core.keyword.internal.KeywordExecutor.executeKeywordForPlatform(KeywordExecutor.groovy:72)
	at com.kms.katalon.core.webui.keyword.WebUiBuiltInKeywords.verifyElementPresent(WebUiBuiltInKeywords.groovy:1434)
	at com.kms.katalon.core.webui.keyword.WebUiBuiltInKeywords$verifyElementPresent$0.call(Unknown Source)
	at GC.FR.4.2.run(GC.FR.4.2:73)
	at com.kms.katalon.core.main.ScriptEngine.run(ScriptEngine.java:194)
	at com.kms.katalon.core.main.ScriptEngine.runScriptAsRawText(ScriptEngine.java:119)
	at com.kms.katalon.core.main.TestCaseExecutor.runScript(TestCaseExecutor.java:337)
	at com.kms.katalon.core.main.TestCaseExecutor.doExecute(TestCaseExecutor.java:328)
	at com.kms.katalon.core.main.TestCaseExecutor.processExecutionPhase(TestCaseExecutor.java:307)
	at com.kms.katalon.core.main.TestCaseExecutor.accessMainPhase(TestCaseExecutor.java:299)
	at com.kms.katalon.core.main.TestCaseExecutor.execute(TestCaseExecutor.java:233)
	at com.kms.katalon.core.main.TestSuiteExecutor.accessTestCaseMainPhase(TestSuiteExecutor.java:169)
	at com.kms.katalon.core.main.TestSuiteExecutor.accessTestSuiteMainPhase(TestSuiteExecutor.java:142)
	at com.kms.katalon.core.main.TestSuiteExecutor.execute(TestSuiteExecutor.java:91)
	at com.kms.katalon.core.main.TestCaseMain.startTestSuite(TestCaseMain.java:157)
	at com.kms.katalon.core.main.TestCaseMain$startTestSuite$0.call(Unknown Source)
	at TempTestSuite1580398225244.run(TempTestSuite1580398225244.groovy:36)
)
[[ATTACHMENT|C:\\Users\\Tomek\\git\\GC.FR\\Reports\\20200130_163025\\GuitarCenter Formularz Rejestracji\\20200130_163025\\1580398314430.png]]

2020-01-30 16:31:54 - [MESSAGE][FAILED] - Unable to verify object 'Object Repository/Problem z polem Nazwisko' is present (Root cause: com.kms.katalon.core.exception.StepFailedException: Unable to verify object 'Object Repository/Problem z polem Nazwisko' is present
	at com.kms.katalon.core.webui.keyword.internal.WebUIKeywordMain.stepFailed(WebUIKeywordMain.groovy:64)
	at com.kms.katalon.core.webui.keyword.internal.WebUIKeywordMain.runKeyword(WebUIKeywordMain.groovy:26)
	at com.kms.katalon.core.webui.keyword.builtin.VerifyElementPresentKeyword.verifyElementPresent(VerifyElementPresentKeyword.groovy:92)
	at com.kms.katalon.core.webui.keyword.builtin.VerifyElementPresentKeyword.execute(VerifyElementPresentKeyword.groovy:68)
	at com.kms.katalon.core.keyword.internal.KeywordExecutor.executeKeywordForPlatform(KeywordExecutor.groovy:72)
	at com.kms.katalon.core.webui.keyword.WebUiBuiltInKeywords.verifyElementPresent(WebUiBuiltInKeywords.groovy:1434)
	at com.kms.katalon.core.webui.keyword.WebUiBuiltInKeywords$verifyElementPresent$0.call(Unknown Source)
	at GC.FR.4.2.run(GC.FR.4.2:73)
	at com.kms.katalon.core.main.ScriptEngine.run(ScriptEngine.java:194)
	at com.kms.katalon.core.main.ScriptEngine.runScriptAsRawText(ScriptEngine.java:119)
	at com.kms.katalon.core.main.TestCaseExecutor.runScript(TestCaseExecutor.java:337)
	at com.kms.katalon.core.main.TestCaseExecutor.doExecute(TestCaseExecutor.java:328)
	at com.kms.katalon.core.main.TestCaseExecutor.processExecutionPhase(TestCaseExecutor.java:307)
	at com.kms.katalon.core.main.TestCaseExecutor.accessMainPhase(TestCaseExecutor.java:299)
	at com.kms.katalon.core.main.TestCaseExecutor.execute(TestCaseExecutor.java:233)
	at com.kms.katalon.core.main.TestSuiteExecutor.accessTestCaseMainPhase(TestSuiteExecutor.java:169)
	at com.kms.katalon.core.main.TestSuiteExecutor.accessTestSuiteMainPhase(TestSuiteExecutor.java:142)
	at com.kms.katalon.core.main.TestSuiteExecutor.execute(TestSuiteExecutor.java:91)
	at com.kms.katalon.core.main.TestCaseMain.startTestSuite(TestCaseMain.java:157)
	at com.kms.katalon.core.main.TestCaseMain$startTestSuite$0.call(Unknown Source)
	at TempTestSuite1580398225244.run(TempTestSuite1580398225244.groovy:36)
Caused by: com.kms.katalon.core.exception.StepFailedException: com.kms.katalon.core.webui.exception.WebElementNotFoundException: Web element with id: 'Object Repository/Problem z polem Nazwisko' located by 'By.xpath: /html/body/center/table/tbody/tr/td/table[2]/tbody/tr/td/table/tbody/tr/td[2]/form/table[1]/tbody/tr[2]/td/p' not found
	at com.kms.katalon.core.webui.keyword.internal.WebUIKeywordMain.stepFailed(WebUIKeywordMain.groovy:64)
	at com.kms.katalon.core.webui.keyword.builtin.VerifyElementPresentKeyword$_verifyElementPresent_closure1.doCall(VerifyElementPresentKeyword.groovy:85)
	at com.kms.katalon.core.webui.keyword.builtin.VerifyElementPresentKeyword$_verifyElementPresent_closure1.call(VerifyElementPresentKeyword.groovy)
	at com.kms.katalon.core.webui.keyword.internal.WebUIKeywordMain.runKeyword(WebUIKeywordMain.groovy:20)
	... 19 more
)
[[ATTACHMENT|C:\\Users\\Tomek\\git\\GC.FR\\Reports\\20200130_163025\\GuitarCenter Formularz Rejestracji\\20200130_163025\\1580398314591.png]]]]></system-out>
         <system-err><![CDATA[2020-01-30 16:31:37 - [TEST_CASE][FAILED] - Test Cases/GC.FR.4.2: Test Cases/GC.FR.4.2 FAILED.
Reason:
com.kms.katalon.core.exception.StepFailedException: Unable to verify object 'Object Repository/Problem z polem Nazwisko' is present
	at com.kms.katalon.core.webui.keyword.internal.WebUIKeywordMain.stepFailed(WebUIKeywordMain.groovy:64)
	at com.kms.katalon.core.webui.keyword.internal.WebUIKeywordMain.runKeyword(WebUIKeywordMain.groovy:26)
	at com.kms.katalon.core.webui.keyword.builtin.VerifyElementPresentKeyword.verifyElementPresent(VerifyElementPresentKeyword.groovy:92)
	at com.kms.katalon.core.webui.keyword.builtin.VerifyElementPresentKeyword.execute(VerifyElementPresentKeyword.groovy:68)
	at com.kms.katalon.core.keyword.internal.KeywordExecutor.executeKeywordForPlatform(KeywordExecutor.groovy:72)
	at com.kms.katalon.core.webui.keyword.WebUiBuiltInKeywords.verifyElementPresent(WebUiBuiltInKeywords.groovy:1434)
	at com.kms.katalon.core.webui.keyword.WebUiBuiltInKeywords$verifyElementPresent$0.call(Unknown Source)
	at GC.FR.4.2.run(GC.FR.4.2:73)
	at com.kms.katalon.core.main.ScriptEngine.run(ScriptEngine.java:194)
	at com.kms.katalon.core.main.ScriptEngine.runScriptAsRawText(ScriptEngine.java:119)
	at com.kms.katalon.core.main.TestCaseExecutor.runScript(TestCaseExecutor.java:337)
	at com.kms.katalon.core.main.TestCaseExecutor.doExecute(TestCaseExecutor.java:328)
	at com.kms.katalon.core.main.TestCaseExecutor.processExecutionPhase(TestCaseExecutor.java:307)
	at com.kms.katalon.core.main.TestCaseExecutor.accessMainPhase(TestCaseExecutor.java:299)
	at com.kms.katalon.core.main.TestCaseExecutor.execute(TestCaseExecutor.java:233)
	at com.kms.katalon.core.main.TestSuiteExecutor.accessTestCaseMainPhase(TestSuiteExecutor.java:169)
	at com.kms.katalon.core.main.TestSuiteExecutor.accessTestSuiteMainPhase(TestSuiteExecutor.java:142)
	at com.kms.katalon.core.main.TestSuiteExecutor.execute(TestSuiteExecutor.java:91)
	at com.kms.katalon.core.main.TestCaseMain.startTestSuite(TestCaseMain.java:157)
	at com.kms.katalon.core.main.TestCaseMain$startTestSuite$0.call(Unknown Source)
	at TempTestSuite1580398225244.run(TempTestSuite1580398225244.groovy:36)
Caused by: com.kms.katalon.core.exception.StepFailedException: com.kms.katalon.core.webui.exception.WebElementNotFoundException: Web element with id: 'Object Repository/Problem z polem Nazwisko' located by 'By.xpath: /html/body/center/table/tbody/tr/td/table[2]/tbody/tr/td/table/tbody/tr/td[2]/form/table[1]/tbody/tr[2]/td/p' not found
	at com.kms.katalon.core.webui.keyword.internal.WebUIKeywordMain.stepFailed(WebUIKeywordMain.groovy:64)
	at com.kms.katalon.core.webui.keyword.builtin.VerifyElementPresentKeyword$_verifyElementPresent_closure1.doCall(VerifyElementPresentKeyword.groovy:85)
	at com.kms.katalon.core.webui.keyword.builtin.VerifyElementPresentKeyword$_verifyElementPresent_closure1.call(VerifyElementPresentKeyword.groovy)
	at com.kms.katalon.core.webui.keyword.internal.WebUIKeywordMain.runKeyword(WebUIKeywordMain.groovy:20)
	... 19 more]]></system-err>
      </testcase>
      <testcase name="Test Cases/GC.FR.5.1" time="12.411" classname="Test Cases/GC.FR.5.1" status="PASSED">
         <system-out><![CDATA[2020-01-30 16:31:54 - [TEST_CASE][PASSED] - Test Cases/GC.FR.5.1: Test Cases/GC.FR.5.1

2020-01-30 16:31:54 - [TEST_STEP][PASSED] - RN = Math.random() * 10000000: null

2020-01-30 16:31:54 - [TEST_STEP][PASSED] - openBrowser("https://www.google.com/"): Browser is opened with url: 'https://www.google.com/'

2020-01-30 16:31:54 - [MESSAGE][WARNING] - A browser is already opened. Closing browser and opening a new one

2020-01-30 16:31:56 - [MESSAGE][INFO] - Starting 'Firefox' driver

2020-01-30 16:32:01 - [MESSAGE][PASSED] - Browser is opened with url: 'https://www.google.com/'

2020-01-30 16:32:01 - [TEST_STEP][PASSED] - driver = getWebDriver(): null

2020-01-30 16:32:01 - [TEST_STEP][PASSED] - baseUrl = "https://www.google.com/": null

2020-01-30 16:32:01 - [TEST_STEP][PASSED] - selenium = new com.thoughtworks.selenium.webdriven.WebDriverBackedSelenium(driver, baseUrl): null

2020-01-30 16:32:01 - [TEST_STEP][PASSED] - selenium.open("https://guitarcenter.pl/catalog/logreg.php"): null

2020-01-30 16:32:03 - [TEST_STEP][PASSED] - selenium.click("id=firstname"): null

2020-01-30 16:32:04 - [TEST_STEP][PASSED] - selenium.type("id=firstname", "Marek"): null

2020-01-30 16:32:04 - [TEST_STEP][PASSED] - selenium.type("id=lastname", "Nowak"): null

2020-01-30 16:32:04 - [TEST_STEP][PASSED] - selenium.type("id=email_address", "testowyemail"): null

2020-01-30 16:32:04 - [TEST_STEP][PASSED] - selenium.type("id=telephone", "123852951"): null

2020-01-30 16:32:04 - [TEST_STEP][PASSED] - selenium.type("id=password", "marek123"): null

2020-01-30 16:32:04 - [TEST_STEP][PASSED] - selenium.type("id=password_confirmation", "marek123"): null

2020-01-30 16:32:04 - [TEST_STEP][PASSED] - selenium.click("id=regulamin"): null

2020-01-30 16:32:04 - [TEST_STEP][PASSED] - selenium.click("xpath=(//input[@value=''])[12]"): null

2020-01-30 16:32:05 - [TEST_STEP][PASSED] - verifyElementPresent(findTestObject("Problem z polem Email"), 5): Object 'Object Repository/Problem z polem Email' is present

2020-01-30 16:32:05 - [MESSAGE][PASSED] - Object 'Object Repository/Problem z polem Email' is present

2020-01-30 16:32:05 - [TEST_STEP][PASSED] - closeBrowser(): Browser is closed

2020-01-30 16:32:07 - [MESSAGE][PASSED] - Browser is closed]]></system-out>
         <system-err><![CDATA[]]></system-err>
      </testcase>
      <testcase name="Test Cases/GC.FR.5.2" time="11.399" classname="Test Cases/GC.FR.5.2" status="PASSED">
         <system-out><![CDATA[2020-01-30 16:32:07 - [TEST_CASE][PASSED] - Test Cases/GC.FR.5.2: Test Cases/GC.FR.5.2

2020-01-30 16:32:07 - [TEST_STEP][PASSED] - RN = Math.random() * 10000000: null

2020-01-30 16:32:07 - [TEST_STEP][PASSED] - openBrowser("https://www.google.com/"): Browser is opened with url: 'https://www.google.com/'

2020-01-30 16:32:07 - [MESSAGE][INFO] - Starting 'Firefox' driver

2020-01-30 16:32:12 - [MESSAGE][PASSED] - Browser is opened with url: 'https://www.google.com/'

2020-01-30 16:32:12 - [TEST_STEP][PASSED] - driver = getWebDriver(): null

2020-01-30 16:32:12 - [TEST_STEP][PASSED] - baseUrl = "https://www.google.com/": null

2020-01-30 16:32:12 - [TEST_STEP][PASSED] - selenium = new com.thoughtworks.selenium.webdriven.WebDriverBackedSelenium(driver, baseUrl): null

2020-01-30 16:32:12 - [TEST_STEP][PASSED] - selenium.open("https://guitarcenter.pl/catalog/logreg.php"): null

2020-01-30 16:32:15 - [TEST_STEP][PASSED] - selenium.click("id=firstname"): null

2020-01-30 16:32:15 - [TEST_STEP][PASSED] - selenium.type("id=firstname", "Marek"): null

2020-01-30 16:32:15 - [TEST_STEP][PASSED] - selenium.type("id=lastname", "Nowak"): null

2020-01-30 16:32:15 - [TEST_STEP][PASSED] - selenium.type("id=email_address", "testowyemail@test"): null

2020-01-30 16:32:15 - [TEST_STEP][PASSED] - selenium.type("id=telephone", "123852951"): null

2020-01-30 16:32:15 - [TEST_STEP][PASSED] - selenium.type("id=password", "marek123"): null

2020-01-30 16:32:15 - [TEST_STEP][PASSED] - selenium.type("id=password_confirmation", "marek123"): null

2020-01-30 16:32:15 - [TEST_STEP][PASSED] - selenium.click("id=regulamin"): null

2020-01-30 16:32:16 - [TEST_STEP][PASSED] - selenium.click("xpath=(//input[@value=''])[12]"): null

2020-01-30 16:32:17 - [TEST_STEP][PASSED] - verifyElementPresent(findTestObject("Problem z polem Email"), 5): Object 'Object Repository/Problem z polem Email' is present

2020-01-30 16:32:17 - [MESSAGE][PASSED] - Object 'Object Repository/Problem z polem Email' is present

2020-01-30 16:32:17 - [TEST_STEP][PASSED] - closeBrowser(): Browser is closed

2020-01-30 16:32:18 - [MESSAGE][PASSED] - Browser is closed]]></system-out>
         <system-err><![CDATA[]]></system-err>
      </testcase>
      <testcase name="Test Cases/GC.FR.5.3" time="11.103" classname="Test Cases/GC.FR.5.3" status="PASSED">
         <system-out><![CDATA[2020-01-30 16:32:18 - [TEST_CASE][PASSED] - Test Cases/GC.FR.5.3: Test Cases/GC.FR.5.3

2020-01-30 16:32:18 - [TEST_STEP][PASSED] - RN = Math.random() * 10000000: null

2020-01-30 16:32:18 - [TEST_STEP][PASSED] - openBrowser("https://www.google.com/"): Browser is opened with url: 'https://www.google.com/'

2020-01-30 16:32:18 - [MESSAGE][INFO] - Starting 'Firefox' driver

2020-01-30 16:32:24 - [MESSAGE][PASSED] - Browser is opened with url: 'https://www.google.com/'

2020-01-30 16:32:24 - [TEST_STEP][PASSED] - driver = getWebDriver(): null

2020-01-30 16:32:24 - [TEST_STEP][PASSED] - baseUrl = "https://www.google.com/": null

2020-01-30 16:32:24 - [TEST_STEP][PASSED] - selenium = new com.thoughtworks.selenium.webdriven.WebDriverBackedSelenium(driver, baseUrl): null

2020-01-30 16:32:24 - [TEST_STEP][PASSED] - selenium.open("https://guitarcenter.pl/catalog/logreg.php"): null

2020-01-30 16:32:26 - [TEST_STEP][PASSED] - selenium.click("id=firstname"): null

2020-01-30 16:32:26 - [TEST_STEP][PASSED] - selenium.type("id=firstname", "Marek"): null

2020-01-30 16:32:26 - [TEST_STEP][PASSED] - selenium.type("id=lastname", "Nowak"): null

2020-01-30 16:32:26 - [TEST_STEP][PASSED] - selenium.type("id=email_address", "test.pl"): null

2020-01-30 16:32:26 - [TEST_STEP][PASSED] - selenium.type("id=telephone", "123852951"): null

2020-01-30 16:32:27 - [TEST_STEP][PASSED] - selenium.type("id=password", "marek123"): null

2020-01-30 16:32:27 - [TEST_STEP][PASSED] - selenium.type("id=password_confirmation", "marek123"): null

2020-01-30 16:32:27 - [TEST_STEP][PASSED] - selenium.click("id=regulamin"): null

2020-01-30 16:32:27 - [TEST_STEP][PASSED] - selenium.click("xpath=(//input[@value=''])[12]"): null

2020-01-30 16:32:28 - [TEST_STEP][PASSED] - verifyElementPresent(findTestObject("Problem z polem Email"), 5): Object 'Object Repository/Problem z polem Email' is present

2020-01-30 16:32:28 - [MESSAGE][PASSED] - Object 'Object Repository/Problem z polem Email' is present

2020-01-30 16:32:28 - [TEST_STEP][PASSED] - closeBrowser(): Browser is closed

2020-01-30 16:32:29 - [MESSAGE][PASSED] - Browser is closed]]></system-out>
         <system-err><![CDATA[]]></system-err>
      </testcase>
      <testcase name="Test Cases/GC.FR.5.4" time="11.646" classname="Test Cases/GC.FR.5.4" status="PASSED">
         <system-out><![CDATA[2020-01-30 16:32:29 - [TEST_CASE][PASSED] - Test Cases/GC.FR.5.4: Test Cases/GC.FR.5.4

2020-01-30 16:32:29 - [TEST_STEP][PASSED] - RN = Math.random() * 10000000: null

2020-01-30 16:32:29 - [TEST_STEP][PASSED] - openBrowser("https://www.google.com/"): Browser is opened with url: 'https://www.google.com/'

2020-01-30 16:32:29 - [MESSAGE][INFO] - Starting 'Firefox' driver

2020-01-30 16:32:35 - [MESSAGE][PASSED] - Browser is opened with url: 'https://www.google.com/'

2020-01-30 16:32:35 - [TEST_STEP][PASSED] - driver = getWebDriver(): null

2020-01-30 16:32:35 - [TEST_STEP][PASSED] - baseUrl = "https://www.google.com/": null

2020-01-30 16:32:35 - [TEST_STEP][PASSED] - selenium = new com.thoughtworks.selenium.webdriven.WebDriverBackedSelenium(driver, baseUrl): null

2020-01-30 16:32:35 - [TEST_STEP][PASSED] - selenium.open("https://guitarcenter.pl/catalog/logreg.php"): null

2020-01-30 16:32:38 - [TEST_STEP][PASSED] - selenium.click("id=firstname"): null

2020-01-30 16:32:38 - [TEST_STEP][PASSED] - selenium.type("id=firstname", "Marek"): null

2020-01-30 16:32:38 - [TEST_STEP][PASSED] - selenium.type("id=lastname", "Nowak"): null

2020-01-30 16:32:38 - [TEST_STEP][PASSED] - selenium.type("id=email_address", "mareknowak@gmail.com"): null

2020-01-30 16:32:38 - [TEST_STEP][PASSED] - selenium.type("id=telephone", "123852951"): null

2020-01-30 16:32:38 - [TEST_STEP][PASSED] - selenium.type("id=password", "marek123"): null

2020-01-30 16:32:38 - [TEST_STEP][PASSED] - selenium.type("id=password_confirmation", "marek123"): null

2020-01-30 16:32:38 - [TEST_STEP][PASSED] - selenium.click("id=regulamin"): null

2020-01-30 16:32:39 - [TEST_STEP][PASSED] - selenium.click("xpath=(//input[@value=''])[12]"): null

2020-01-30 16:32:39 - [TEST_STEP][PASSED] - verifyElementPresent(findTestObject("Problem z polem Email"), 5): Object 'Object Repository/Problem z polem Email' is present

2020-01-30 16:32:40 - [MESSAGE][PASSED] - Object 'Object Repository/Problem z polem Email' is present

2020-01-30 16:32:40 - [TEST_STEP][PASSED] - closeBrowser(): Browser is closed

2020-01-30 16:32:41 - [MESSAGE][PASSED] - Browser is closed]]></system-out>
         <system-err><![CDATA[]]></system-err>
      </testcase>
      <testcase name="Test Cases/GC.FR.6.2" time="17.711" classname="Test Cases/GC.FR.6.2" status="FAILED">
         <failure type="FAILED" message="Test Cases/GC.FR.6.2 FAILED.
Reason:
com.kms.katalon.core.exception.StepFailedException: Unable to verify object 'Object Repository/Problem z polem Telefon' is present
	at com.kms.katalon.core.webui.keyword.internal.WebUIKeywordMain.stepFailed(WebUIKeywordMain.groovy:64)
	at com.kms.katalon.core.webui.keyword.internal.WebUIKeywordMain.runKeyword(WebUIKeywordMain.groovy:26)
	at com.kms.katalon.core.webui.keyword.builtin.VerifyElementPresentKeyword.verifyElementPresent(VerifyElementPresentKeyword.groovy:92)
	at com.kms.katalon.core.webui.keyword.builtin.VerifyElementPresentKeyword.execute(VerifyElementPresentKeyword.groovy:68)
	at com.kms.katalon.core.keyword.internal.KeywordExecutor.executeKeywordForPlatform(KeywordExecutor.groovy:72)
	at com.kms.katalon.core.webui.keyword.WebUiBuiltInKeywords.verifyElementPresent(WebUiBuiltInKeywords.groovy:1434)
	at com.kms.katalon.core.webui.keyword.WebUiBuiltInKeywords$verifyElementPresent$0.call(Unknown Source)
	at GC.FR.6.2.run(GC.FR.6.2:73)
	at com.kms.katalon.core.main.ScriptEngine.run(ScriptEngine.java:194)
	at com.kms.katalon.core.main.ScriptEngine.runScriptAsRawText(ScriptEngine.java:119)
	at com.kms.katalon.core.main.TestCaseExecutor.runScript(TestCaseExecutor.java:337)
	at com.kms.katalon.core.main.TestCaseExecutor.doExecute(TestCaseExecutor.java:328)
	at com.kms.katalon.core.main.TestCaseExecutor.processExecutionPhase(TestCaseExecutor.java:307)
	at com.kms.katalon.core.main.TestCaseExecutor.accessMainPhase(TestCaseExecutor.java:299)
	at com.kms.katalon.core.main.TestCaseExecutor.execute(TestCaseExecutor.java:233)
	at com.kms.katalon.core.main.TestSuiteExecutor.accessTestCaseMainPhase(TestSuiteExecutor.java:169)
	at com.kms.katalon.core.main.TestSuiteExecutor.accessTestSuiteMainPhase(TestSuiteExecutor.java:142)
	at com.kms.katalon.core.main.TestSuiteExecutor.execute(TestSuiteExecutor.java:91)
	at com.kms.katalon.core.main.TestCaseMain.startTestSuite(TestCaseMain.java:157)
	at com.kms.katalon.core.main.TestCaseMain$startTestSuite$0.call(Unknown Source)
	at TempTestSuite1580398225244.run(TempTestSuite1580398225244.groovy:36)
Caused by: com.kms.katalon.core.exception.StepFailedException: com.kms.katalon.core.webui.exception.WebElementNotFoundException: Web element with id: 'Object Repository/Problem z polem Telefon' located by 'By.xpath: /html/body/center/table/tbody/tr/td/table[2]/tbody/tr/td/table/tbody/tr/td[2]/form/table[1]/tbody/tr[4]/td/p' not found
	at com.kms.katalon.core.webui.keyword.internal.WebUIKeywordMain.stepFailed(WebUIKeywordMain.groovy:64)
	at com.kms.katalon.core.webui.keyword.builtin.VerifyElementPresentKeyword$_verifyElementPresent_closure1.doCall(VerifyElementPresentKeyword.groovy:85)
	at com.kms.katalon.core.webui.keyword.builtin.VerifyElementPresentKeyword$_verifyElementPresent_closure1.call(VerifyElementPresentKeyword.groovy)
	at com.kms.katalon.core.webui.keyword.internal.WebUIKeywordMain.runKeyword(WebUIKeywordMain.groovy:20)
	... 19 more
"/>
         <system-out><![CDATA[2020-01-30 16:32:41 - [TEST_CASE][FAILED] - Test Cases/GC.FR.6.2: Test Cases/GC.FR.6.2 FAILED.
Reason:
com.kms.katalon.core.exception.StepFailedException: Unable to verify object 'Object Repository/Problem z polem Telefon' is present
	at com.kms.katalon.core.webui.keyword.internal.WebUIKeywordMain.stepFailed(WebUIKeywordMain.groovy:64)
	at com.kms.katalon.core.webui.keyword.internal.WebUIKeywordMain.runKeyword(WebUIKeywordMain.groovy:26)
	at com.kms.katalon.core.webui.keyword.builtin.VerifyElementPresentKeyword.verifyElementPresent(VerifyElementPresentKeyword.groovy:92)
	at com.kms.katalon.core.webui.keyword.builtin.VerifyElementPresentKeyword.execute(VerifyElementPresentKeyword.groovy:68)
	at com.kms.katalon.core.keyword.internal.KeywordExecutor.executeKeywordForPlatform(KeywordExecutor.groovy:72)
	at com.kms.katalon.core.webui.keyword.WebUiBuiltInKeywords.verifyElementPresent(WebUiBuiltInKeywords.groovy:1434)
	at com.kms.katalon.core.webui.keyword.WebUiBuiltInKeywords$verifyElementPresent$0.call(Unknown Source)
	at GC.FR.6.2.run(GC.FR.6.2:73)
	at com.kms.katalon.core.main.ScriptEngine.run(ScriptEngine.java:194)
	at com.kms.katalon.core.main.ScriptEngine.runScriptAsRawText(ScriptEngine.java:119)
	at com.kms.katalon.core.main.TestCaseExecutor.runScript(TestCaseExecutor.java:337)
	at com.kms.katalon.core.main.TestCaseExecutor.doExecute(TestCaseExecutor.java:328)
	at com.kms.katalon.core.main.TestCaseExecutor.processExecutionPhase(TestCaseExecutor.java:307)
	at com.kms.katalon.core.main.TestCaseExecutor.accessMainPhase(TestCaseExecutor.java:299)
	at com.kms.katalon.core.main.TestCaseExecutor.execute(TestCaseExecutor.java:233)
	at com.kms.katalon.core.main.TestSuiteExecutor.accessTestCaseMainPhase(TestSuiteExecutor.java:169)
	at com.kms.katalon.core.main.TestSuiteExecutor.accessTestSuiteMainPhase(TestSuiteExecutor.java:142)
	at com.kms.katalon.core.main.TestSuiteExecutor.execute(TestSuiteExecutor.java:91)
	at com.kms.katalon.core.main.TestCaseMain.startTestSuite(TestCaseMain.java:157)
	at com.kms.katalon.core.main.TestCaseMain$startTestSuite$0.call(Unknown Source)
	at TempTestSuite1580398225244.run(TempTestSuite1580398225244.groovy:36)
Caused by: com.kms.katalon.core.exception.StepFailedException: com.kms.katalon.core.webui.exception.WebElementNotFoundException: Web element with id: 'Object Repository/Problem z polem Telefon' located by 'By.xpath: /html/body/center/table/tbody/tr/td/table[2]/tbody/tr/td/table/tbody/tr/td[2]/form/table[1]/tbody/tr[4]/td/p' not found
	at com.kms.katalon.core.webui.keyword.internal.WebUIKeywordMain.stepFailed(WebUIKeywordMain.groovy:64)
	at com.kms.katalon.core.webui.keyword.builtin.VerifyElementPresentKeyword$_verifyElementPresent_closure1.doCall(VerifyElementPresentKeyword.groovy:85)
	at com.kms.katalon.core.webui.keyword.builtin.VerifyElementPresentKeyword$_verifyElementPresent_closure1.call(VerifyElementPresentKeyword.groovy)
	at com.kms.katalon.core.webui.keyword.internal.WebUIKeywordMain.runKeyword(WebUIKeywordMain.groovy:20)
	... 19 more


2020-01-30 16:32:41 - [TEST_STEP][PASSED] - RN = Math.random() * 10000000: null

2020-01-30 16:32:41 - [TEST_STEP][PASSED] - openBrowser("https://www.google.com/"): Browser is opened with url: 'https://www.google.com/'

2020-01-30 16:32:41 - [MESSAGE][INFO] - Starting 'Firefox' driver

2020-01-30 16:32:46 - [MESSAGE][PASSED] - Browser is opened with url: 'https://www.google.com/'

2020-01-30 16:32:46 - [TEST_STEP][PASSED] - driver = getWebDriver(): null

2020-01-30 16:32:46 - [TEST_STEP][PASSED] - baseUrl = "https://www.google.com/": null

2020-01-30 16:32:46 - [TEST_STEP][PASSED] - selenium = new com.thoughtworks.selenium.webdriven.WebDriverBackedSelenium(driver, baseUrl): null

2020-01-30 16:32:46 - [TEST_STEP][PASSED] - selenium.open("https://guitarcenter.pl/catalog/logreg.php"): null

2020-01-30 16:32:49 - [TEST_STEP][PASSED] - selenium.click("id=firstname"): null

2020-01-30 16:32:49 - [TEST_STEP][PASSED] - selenium.type("id=firstname", "Marek"): null

2020-01-30 16:32:49 - [TEST_STEP][PASSED] - selenium.type("id=lastname", "Nowak"): null

2020-01-30 16:32:49 - [TEST_STEP][PASSED] - selenium.type("id=email_address", "mareknowak+" + RN + "@gmail.com"): null

2020-01-30 16:32:49 - [TEST_STEP][PASSED] - selenium.type("id=telephone", "123szesc1"): null

2020-01-30 16:32:49 - [TEST_STEP][PASSED] - selenium.type("id=password", "marek123"): null

2020-01-30 16:32:49 - [TEST_STEP][PASSED] - selenium.type("id=password_confirmation", "marek123"): null

2020-01-30 16:32:50 - [TEST_STEP][PASSED] - selenium.click("id=regulamin"): null

2020-01-30 16:32:50 - [TEST_STEP][PASSED] - selenium.click("xpath=(//input[@value=''])[12]"): null

2020-01-30 16:32:51 - [TEST_STEP][FAILED] - verifyElementPresent(findTestObject("Problem z polem Telefon"), 5): Unable to verify object 'Object Repository/Problem z polem Telefon' is present (Root cause: com.kms.katalon.core.exception.StepFailedException: Unable to verify object 'Object Repository/Problem z polem Telefon' is present
	at com.kms.katalon.core.webui.keyword.internal.WebUIKeywordMain.stepFailed(WebUIKeywordMain.groovy:64)
	at com.kms.katalon.core.webui.keyword.internal.WebUIKeywordMain.runKeyword(WebUIKeywordMain.groovy:26)
	at com.kms.katalon.core.webui.keyword.builtin.VerifyElementPresentKeyword.verifyElementPresent(VerifyElementPresentKeyword.groovy:92)
	at com.kms.katalon.core.webui.keyword.builtin.VerifyElementPresentKeyword.execute(VerifyElementPresentKeyword.groovy:68)
	at com.kms.katalon.core.keyword.internal.KeywordExecutor.executeKeywordForPlatform(KeywordExecutor.groovy:72)
	at com.kms.katalon.core.webui.keyword.WebUiBuiltInKeywords.verifyElementPresent(WebUiBuiltInKeywords.groovy:1434)
	at com.kms.katalon.core.webui.keyword.WebUiBuiltInKeywords$verifyElementPresent$0.call(Unknown Source)
	at GC.FR.6.2.run(GC.FR.6.2:73)
	at com.kms.katalon.core.main.ScriptEngine.run(ScriptEngine.java:194)
	at com.kms.katalon.core.main.ScriptEngine.runScriptAsRawText(ScriptEngine.java:119)
	at com.kms.katalon.core.main.TestCaseExecutor.runScript(TestCaseExecutor.java:337)
	at com.kms.katalon.core.main.TestCaseExecutor.doExecute(TestCaseExecutor.java:328)
	at com.kms.katalon.core.main.TestCaseExecutor.processExecutionPhase(TestCaseExecutor.java:307)
	at com.kms.katalon.core.main.TestCaseExecutor.accessMainPhase(TestCaseExecutor.java:299)
	at com.kms.katalon.core.main.TestCaseExecutor.execute(TestCaseExecutor.java:233)
	at com.kms.katalon.core.main.TestSuiteExecutor.accessTestCaseMainPhase(TestSuiteExecutor.java:169)
	at com.kms.katalon.core.main.TestSuiteExecutor.accessTestSuiteMainPhase(TestSuiteExecutor.java:142)
	at com.kms.katalon.core.main.TestSuiteExecutor.execute(TestSuiteExecutor.java:91)
	at com.kms.katalon.core.main.TestCaseMain.startTestSuite(TestCaseMain.java:157)
	at com.kms.katalon.core.main.TestCaseMain$startTestSuite$0.call(Unknown Source)
	at TempTestSuite1580398225244.run(TempTestSuite1580398225244.groovy:36)
Caused by: com.kms.katalon.core.exception.StepFailedException: com.kms.katalon.core.webui.exception.WebElementNotFoundException: Web element with id: 'Object Repository/Problem z polem Telefon' located by 'By.xpath: /html/body/center/table/tbody/tr/td/table[2]/tbody/tr/td/table/tbody/tr/td[2]/form/table[1]/tbody/tr[4]/td/p' not found
	at com.kms.katalon.core.webui.keyword.internal.WebUIKeywordMain.stepFailed(WebUIKeywordMain.groovy:64)
	at com.kms.katalon.core.webui.keyword.builtin.VerifyElementPresentKeyword$_verifyElementPresent_closure1.doCall(VerifyElementPresentKeyword.groovy:85)
	at com.kms.katalon.core.webui.keyword.builtin.VerifyElementPresentKeyword$_verifyElementPresent_closure1.call(VerifyElementPresentKeyword.groovy)
	at com.kms.katalon.core.webui.keyword.internal.WebUIKeywordMain.runKeyword(WebUIKeywordMain.groovy:20)
	... 19 more
)

2020-01-30 16:32:58 - [MESSAGE][INFO] - Unable to find the element located by 'By.xpath: /html/body/center/table/tbody/tr/td/table[2]/tbody/tr/td/table/tbody/tr/td[2]/form/table[1]/tbody/tr[4]/td/p'. Please recheck the objects properties to make sure the desired element is located. 

2020-01-30 16:32:58 - [MESSAGE][INFO] - [SMART_XPATH] Auto-trying out other XPath values in the test object.

2020-01-30 16:32:58 - [MESSAGE][INFO] - [SMART_XPATH] No working XPath is found.

2020-01-30 16:32:58 - [MESSAGE][FAILED] - com.kms.katalon.core.webui.exception.WebElementNotFoundException: Web element with id: 'Object Repository/Problem z polem Telefon' located by 'By.xpath: /html/body/center/table/tbody/tr/td/table[2]/tbody/tr/td/table/tbody/tr/td[2]/form/table[1]/tbody/tr[4]/td/p' not found (Root cause: com.kms.katalon.core.exception.StepFailedException: com.kms.katalon.core.webui.exception.WebElementNotFoundException: Web element with id: 'Object Repository/Problem z polem Telefon' located by 'By.xpath: /html/body/center/table/tbody/tr/td/table[2]/tbody/tr/td/table/tbody/tr/td[2]/form/table[1]/tbody/tr[4]/td/p' not found
	at com.kms.katalon.core.webui.keyword.internal.WebUIKeywordMain.stepFailed(WebUIKeywordMain.groovy:64)
	at com.kms.katalon.core.webui.keyword.builtin.VerifyElementPresentKeyword$_verifyElementPresent_closure1.doCall(VerifyElementPresentKeyword.groovy:85)
	at com.kms.katalon.core.webui.keyword.builtin.VerifyElementPresentKeyword$_verifyElementPresent_closure1.call(VerifyElementPresentKeyword.groovy)
	at com.kms.katalon.core.webui.keyword.internal.WebUIKeywordMain.runKeyword(WebUIKeywordMain.groovy:20)
	at com.kms.katalon.core.webui.keyword.builtin.VerifyElementPresentKeyword.verifyElementPresent(VerifyElementPresentKeyword.groovy:92)
	at com.kms.katalon.core.webui.keyword.builtin.VerifyElementPresentKeyword.execute(VerifyElementPresentKeyword.groovy:68)
	at com.kms.katalon.core.keyword.internal.KeywordExecutor.executeKeywordForPlatform(KeywordExecutor.groovy:72)
	at com.kms.katalon.core.webui.keyword.WebUiBuiltInKeywords.verifyElementPresent(WebUiBuiltInKeywords.groovy:1434)
	at com.kms.katalon.core.webui.keyword.WebUiBuiltInKeywords$verifyElementPresent$0.call(Unknown Source)
	at GC.FR.6.2.run(GC.FR.6.2:73)
	at com.kms.katalon.core.main.ScriptEngine.run(ScriptEngine.java:194)
	at com.kms.katalon.core.main.ScriptEngine.runScriptAsRawText(ScriptEngine.java:119)
	at com.kms.katalon.core.main.TestCaseExecutor.runScript(TestCaseExecutor.java:337)
	at com.kms.katalon.core.main.TestCaseExecutor.doExecute(TestCaseExecutor.java:328)
	at com.kms.katalon.core.main.TestCaseExecutor.processExecutionPhase(TestCaseExecutor.java:307)
	at com.kms.katalon.core.main.TestCaseExecutor.accessMainPhase(TestCaseExecutor.java:299)
	at com.kms.katalon.core.main.TestCaseExecutor.execute(TestCaseExecutor.java:233)
	at com.kms.katalon.core.main.TestSuiteExecutor.accessTestCaseMainPhase(TestSuiteExecutor.java:169)
	at com.kms.katalon.core.main.TestSuiteExecutor.accessTestSuiteMainPhase(TestSuiteExecutor.java:142)
	at com.kms.katalon.core.main.TestSuiteExecutor.execute(TestSuiteExecutor.java:91)
	at com.kms.katalon.core.main.TestCaseMain.startTestSuite(TestCaseMain.java:157)
	at com.kms.katalon.core.main.TestCaseMain$startTestSuite$0.call(Unknown Source)
	at TempTestSuite1580398225244.run(TempTestSuite1580398225244.groovy:36)
)
[[ATTACHMENT|C:\\Users\\Tomek\\git\\GC.FR\\Reports\\20200130_163025\\GuitarCenter Formularz Rejestracji\\20200130_163025\\1580398378714.png]]

2020-01-30 16:32:59 - [MESSAGE][FAILED] - Unable to verify object 'Object Repository/Problem z polem Telefon' is present (Root cause: com.kms.katalon.core.exception.StepFailedException: Unable to verify object 'Object Repository/Problem z polem Telefon' is present
	at com.kms.katalon.core.webui.keyword.internal.WebUIKeywordMain.stepFailed(WebUIKeywordMain.groovy:64)
	at com.kms.katalon.core.webui.keyword.internal.WebUIKeywordMain.runKeyword(WebUIKeywordMain.groovy:26)
	at com.kms.katalon.core.webui.keyword.builtin.VerifyElementPresentKeyword.verifyElementPresent(VerifyElementPresentKeyword.groovy:92)
	at com.kms.katalon.core.webui.keyword.builtin.VerifyElementPresentKeyword.execute(VerifyElementPresentKeyword.groovy:68)
	at com.kms.katalon.core.keyword.internal.KeywordExecutor.executeKeywordForPlatform(KeywordExecutor.groovy:72)
	at com.kms.katalon.core.webui.keyword.WebUiBuiltInKeywords.verifyElementPresent(WebUiBuiltInKeywords.groovy:1434)
	at com.kms.katalon.core.webui.keyword.WebUiBuiltInKeywords$verifyElementPresent$0.call(Unknown Source)
	at GC.FR.6.2.run(GC.FR.6.2:73)
	at com.kms.katalon.core.main.ScriptEngine.run(ScriptEngine.java:194)
	at com.kms.katalon.core.main.ScriptEngine.runScriptAsRawText(ScriptEngine.java:119)
	at com.kms.katalon.core.main.TestCaseExecutor.runScript(TestCaseExecutor.java:337)
	at com.kms.katalon.core.main.TestCaseExecutor.doExecute(TestCaseExecutor.java:328)
	at com.kms.katalon.core.main.TestCaseExecutor.processExecutionPhase(TestCaseExecutor.java:307)
	at com.kms.katalon.core.main.TestCaseExecutor.accessMainPhase(TestCaseExecutor.java:299)
	at com.kms.katalon.core.main.TestCaseExecutor.execute(TestCaseExecutor.java:233)
	at com.kms.katalon.core.main.TestSuiteExecutor.accessTestCaseMainPhase(TestSuiteExecutor.java:169)
	at com.kms.katalon.core.main.TestSuiteExecutor.accessTestSuiteMainPhase(TestSuiteExecutor.java:142)
	at com.kms.katalon.core.main.TestSuiteExecutor.execute(TestSuiteExecutor.java:91)
	at com.kms.katalon.core.main.TestCaseMain.startTestSuite(TestCaseMain.java:157)
	at com.kms.katalon.core.main.TestCaseMain$startTestSuite$0.call(Unknown Source)
	at TempTestSuite1580398225244.run(TempTestSuite1580398225244.groovy:36)
Caused by: com.kms.katalon.core.exception.StepFailedException: com.kms.katalon.core.webui.exception.WebElementNotFoundException: Web element with id: 'Object Repository/Problem z polem Telefon' located by 'By.xpath: /html/body/center/table/tbody/tr/td/table[2]/tbody/tr/td/table/tbody/tr/td[2]/form/table[1]/tbody/tr[4]/td/p' not found
	at com.kms.katalon.core.webui.keyword.internal.WebUIKeywordMain.stepFailed(WebUIKeywordMain.groovy:64)
	at com.kms.katalon.core.webui.keyword.builtin.VerifyElementPresentKeyword$_verifyElementPresent_closure1.doCall(VerifyElementPresentKeyword.groovy:85)
	at com.kms.katalon.core.webui.keyword.builtin.VerifyElementPresentKeyword$_verifyElementPresent_closure1.call(VerifyElementPresentKeyword.groovy)
	at com.kms.katalon.core.webui.keyword.internal.WebUIKeywordMain.runKeyword(WebUIKeywordMain.groovy:20)
	... 19 more
)
[[ATTACHMENT|C:\\Users\\Tomek\\git\\GC.FR\\Reports\\20200130_163025\\GuitarCenter Formularz Rejestracji\\20200130_163025\\1580398378877.png]]]]></system-out>
         <system-err><![CDATA[2020-01-30 16:32:41 - [TEST_CASE][FAILED] - Test Cases/GC.FR.6.2: Test Cases/GC.FR.6.2 FAILED.
Reason:
com.kms.katalon.core.exception.StepFailedException: Unable to verify object 'Object Repository/Problem z polem Telefon' is present
	at com.kms.katalon.core.webui.keyword.internal.WebUIKeywordMain.stepFailed(WebUIKeywordMain.groovy:64)
	at com.kms.katalon.core.webui.keyword.internal.WebUIKeywordMain.runKeyword(WebUIKeywordMain.groovy:26)
	at com.kms.katalon.core.webui.keyword.builtin.VerifyElementPresentKeyword.verifyElementPresent(VerifyElementPresentKeyword.groovy:92)
	at com.kms.katalon.core.webui.keyword.builtin.VerifyElementPresentKeyword.execute(VerifyElementPresentKeyword.groovy:68)
	at com.kms.katalon.core.keyword.internal.KeywordExecutor.executeKeywordForPlatform(KeywordExecutor.groovy:72)
	at com.kms.katalon.core.webui.keyword.WebUiBuiltInKeywords.verifyElementPresent(WebUiBuiltInKeywords.groovy:1434)
	at com.kms.katalon.core.webui.keyword.WebUiBuiltInKeywords$verifyElementPresent$0.call(Unknown Source)
	at GC.FR.6.2.run(GC.FR.6.2:73)
	at com.kms.katalon.core.main.ScriptEngine.run(ScriptEngine.java:194)
	at com.kms.katalon.core.main.ScriptEngine.runScriptAsRawText(ScriptEngine.java:119)
	at com.kms.katalon.core.main.TestCaseExecutor.runScript(TestCaseExecutor.java:337)
	at com.kms.katalon.core.main.TestCaseExecutor.doExecute(TestCaseExecutor.java:328)
	at com.kms.katalon.core.main.TestCaseExecutor.processExecutionPhase(TestCaseExecutor.java:307)
	at com.kms.katalon.core.main.TestCaseExecutor.accessMainPhase(TestCaseExecutor.java:299)
	at com.kms.katalon.core.main.TestCaseExecutor.execute(TestCaseExecutor.java:233)
	at com.kms.katalon.core.main.TestSuiteExecutor.accessTestCaseMainPhase(TestSuiteExecutor.java:169)
	at com.kms.katalon.core.main.TestSuiteExecutor.accessTestSuiteMainPhase(TestSuiteExecutor.java:142)
	at com.kms.katalon.core.main.TestSuiteExecutor.execute(TestSuiteExecutor.java:91)
	at com.kms.katalon.core.main.TestCaseMain.startTestSuite(TestCaseMain.java:157)
	at com.kms.katalon.core.main.TestCaseMain$startTestSuite$0.call(Unknown Source)
	at TempTestSuite1580398225244.run(TempTestSuite1580398225244.groovy:36)
Caused by: com.kms.katalon.core.exception.StepFailedException: com.kms.katalon.core.webui.exception.WebElementNotFoundException: Web element with id: 'Object Repository/Problem z polem Telefon' located by 'By.xpath: /html/body/center/table/tbody/tr/td/table[2]/tbody/tr/td/table/tbody/tr/td[2]/form/table[1]/tbody/tr[4]/td/p' not found
	at com.kms.katalon.core.webui.keyword.internal.WebUIKeywordMain.stepFailed(WebUIKeywordMain.groovy:64)
	at com.kms.katalon.core.webui.keyword.builtin.VerifyElementPresentKeyword$_verifyElementPresent_closure1.doCall(VerifyElementPresentKeyword.groovy:85)
	at com.kms.katalon.core.webui.keyword.builtin.VerifyElementPresentKeyword$_verifyElementPresent_closure1.call(VerifyElementPresentKeyword.groovy)
	at com.kms.katalon.core.webui.keyword.internal.WebUIKeywordMain.runKeyword(WebUIKeywordMain.groovy:20)
	... 19 more]]></system-err>
      </testcase>
      <testcase name="Test Cases/GC.FR.7.1" time="12.561" classname="Test Cases/GC.FR.7.1" status="PASSED">
         <system-out><![CDATA[2020-01-30 16:32:59 - [TEST_CASE][PASSED] - Test Cases/GC.FR.7.1: Test Cases/GC.FR.7.1

2020-01-30 16:32:59 - [TEST_STEP][PASSED] - RN = Math.random() * 10000000: null

2020-01-30 16:32:59 - [TEST_STEP][PASSED] - openBrowser("https://www.google.com/"): Browser is opened with url: 'https://www.google.com/'

2020-01-30 16:32:59 - [MESSAGE][WARNING] - A browser is already opened. Closing browser and opening a new one

2020-01-30 16:33:00 - [MESSAGE][INFO] - Starting 'Firefox' driver

2020-01-30 16:33:05 - [MESSAGE][PASSED] - Browser is opened with url: 'https://www.google.com/'

2020-01-30 16:33:05 - [TEST_STEP][PASSED] - driver = getWebDriver(): null

2020-01-30 16:33:05 - [TEST_STEP][PASSED] - baseUrl = "https://www.google.com/": null

2020-01-30 16:33:05 - [TEST_STEP][PASSED] - selenium = new com.thoughtworks.selenium.webdriven.WebDriverBackedSelenium(driver, baseUrl): null

2020-01-30 16:33:05 - [TEST_STEP][PASSED] - selenium.open("https://guitarcenter.pl/catalog/logreg.php"): null

2020-01-30 16:33:08 - [TEST_STEP][PASSED] - selenium.click("id=firstname"): null

2020-01-30 16:33:08 - [TEST_STEP][PASSED] - selenium.type("id=firstname", "Marek"): null

2020-01-30 16:33:08 - [TEST_STEP][PASSED] - selenium.type("id=lastname", "Nowak"): null

2020-01-30 16:33:08 - [TEST_STEP][PASSED] - selenium.type("id=email_address", "mareknowak+" + RN + "@gmail.com"): null

2020-01-30 16:33:08 - [TEST_STEP][PASSED] - selenium.type("id=telephone", "123852951"): null

2020-01-30 16:33:08 - [TEST_STEP][PASSED] - selenium.type("id=password", "ma"): null

2020-01-30 16:33:08 - [TEST_STEP][PASSED] - selenium.type("id=password_confirmation", "ma"): null

2020-01-30 16:33:09 - [TEST_STEP][PASSED] - selenium.click("id=regulamin"): null

2020-01-30 16:33:09 - [TEST_STEP][PASSED] - selenium.click("xpath=(//input[@value=''])[12]"): null

2020-01-30 16:33:10 - [TEST_STEP][PASSED] - verifyElementPresent(findTestObject("Problem z polem Hasło"), 5): Object 'Object Repository/Problem z polem Hasło' is present

2020-01-30 16:33:10 - [MESSAGE][PASSED] - Object 'Object Repository/Problem z polem Hasło' is present

2020-01-30 16:33:10 - [TEST_STEP][PASSED] - closeBrowser(): Browser is closed

2020-01-30 16:33:11 - [MESSAGE][PASSED] - Browser is closed]]></system-out>
         <system-err><![CDATA[]]></system-err>
      </testcase>
      <testcase name="Test Cases/GC.FR.7.2" time="11.504" classname="Test Cases/GC.FR.7.2" status="PASSED">
         <system-out><![CDATA[2020-01-30 16:33:11 - [TEST_CASE][PASSED] - Test Cases/GC.FR.7.2: Test Cases/GC.FR.7.2

2020-01-30 16:33:11 - [TEST_STEP][PASSED] - RN = Math.random() * 10000000: null

2020-01-30 16:33:11 - [TEST_STEP][PASSED] - openBrowser("https://www.google.com/"): Browser is opened with url: 'https://www.google.com/'

2020-01-30 16:33:11 - [MESSAGE][INFO] - Starting 'Firefox' driver

2020-01-30 16:33:17 - [MESSAGE][PASSED] - Browser is opened with url: 'https://www.google.com/'

2020-01-30 16:33:17 - [TEST_STEP][PASSED] - driver = getWebDriver(): null

2020-01-30 16:33:17 - [TEST_STEP][PASSED] - baseUrl = "https://www.google.com/": null

2020-01-30 16:33:17 - [TEST_STEP][PASSED] - selenium = new com.thoughtworks.selenium.webdriven.WebDriverBackedSelenium(driver, baseUrl): null

2020-01-30 16:33:17 - [TEST_STEP][PASSED] - selenium.open("https://guitarcenter.pl/catalog/logreg.php"): null

2020-01-30 16:33:19 - [TEST_STEP][PASSED] - selenium.click("id=firstname"): null

2020-01-30 16:33:19 - [TEST_STEP][PASSED] - selenium.type("id=firstname", "Marek"): null

2020-01-30 16:33:20 - [TEST_STEP][PASSED] - selenium.type("id=lastname", "Nowak"): null

2020-01-30 16:33:20 - [TEST_STEP][PASSED] - selenium.type("id=email_address", "mareknowak+" + RN + "@gmail.com"): null

2020-01-30 16:33:20 - [TEST_STEP][PASSED] - selenium.type("id=telephone", "123852951"): null

2020-01-30 16:33:20 - [TEST_STEP][PASSED] - selenium.type("id=password", "Marek123(!)"): null

2020-01-30 16:33:20 - [TEST_STEP][PASSED] - selenium.type("id=password_confirmation", "Marek123(!)"): null

2020-01-30 16:33:20 - [TEST_STEP][PASSED] - selenium.click("id=regulamin"): null

2020-01-30 16:33:20 - [TEST_STEP][PASSED] - selenium.click("xpath=(//input[@value=''])[12]"): null

2020-01-30 16:33:21 - [TEST_STEP][PASSED] - verifyElementPresent(findTestObject("Konto zostało założone"), 5): Object 'Object Repository/Konto zostało założone' is present

2020-01-30 16:33:21 - [MESSAGE][PASSED] - Object 'Object Repository/Konto zostało założone' is present

2020-01-30 16:33:21 - [TEST_STEP][PASSED] - closeBrowser(): Browser is closed

2020-01-30 16:33:23 - [MESSAGE][PASSED] - Browser is closed]]></system-out>
         <system-err><![CDATA[]]></system-err>
      </testcase>
      <testcase name="Test Cases/GC.FR.7.3" time="11.102" classname="Test Cases/GC.FR.7.3" status="PASSED">
         <system-out><![CDATA[2020-01-30 16:33:23 - [TEST_CASE][PASSED] - Test Cases/GC.FR.7.3: Test Cases/GC.FR.7.3

2020-01-30 16:33:23 - [TEST_STEP][PASSED] - RN = Math.random() * 10000000: null

2020-01-30 16:33:23 - [TEST_STEP][PASSED] - openBrowser("https://www.google.com/"): Browser is opened with url: 'https://www.google.com/'

2020-01-30 16:33:23 - [MESSAGE][INFO] - Starting 'Firefox' driver

2020-01-30 16:33:28 - [MESSAGE][PASSED] - Browser is opened with url: 'https://www.google.com/'

2020-01-30 16:33:28 - [TEST_STEP][PASSED] - driver = getWebDriver(): null

2020-01-30 16:33:28 - [TEST_STEP][PASSED] - baseUrl = "https://www.google.com/": null

2020-01-30 16:33:28 - [TEST_STEP][PASSED] - selenium = new com.thoughtworks.selenium.webdriven.WebDriverBackedSelenium(driver, baseUrl): null

2020-01-30 16:33:28 - [TEST_STEP][PASSED] - selenium.open("https://guitarcenter.pl/catalog/logreg.php"): null

2020-01-30 16:33:30 - [TEST_STEP][PASSED] - selenium.click("id=firstname"): null

2020-01-30 16:33:31 - [TEST_STEP][PASSED] - selenium.type("id=firstname", "Marek"): null

2020-01-30 16:33:31 - [TEST_STEP][PASSED] - selenium.type("id=lastname", "Nowak"): null

2020-01-30 16:33:31 - [TEST_STEP][PASSED] - selenium.type("id=email_address", "mareknowak+" + RN + "@gmail.com"): null

2020-01-30 16:33:31 - [TEST_STEP][PASSED] - selenium.type("id=telephone", "123852951"): null

2020-01-30 16:33:31 - [TEST_STEP][PASSED] - selenium.type("id=password", "marek123"): null

2020-01-30 16:33:31 - [TEST_STEP][PASSED] - selenium.type("id=password_confirmation", ""): null

2020-01-30 16:33:31 - [TEST_STEP][PASSED] - selenium.click("id=regulamin"): null

2020-01-30 16:33:31 - [TEST_STEP][PASSED] - selenium.click("xpath=(//input[@value=''])[12]"): null

2020-01-30 16:33:32 - [TEST_STEP][PASSED] - verifyElementPresent(findTestObject("Problem z polem Hasło"), 5): Object 'Object Repository/Problem z polem Hasło' is present

2020-01-30 16:33:33 - [MESSAGE][PASSED] - Object 'Object Repository/Problem z polem Hasło' is present

2020-01-30 16:33:33 - [TEST_STEP][PASSED] - closeBrowser(): Browser is closed

2020-01-30 16:33:34 - [MESSAGE][PASSED] - Browser is closed]]></system-out>
         <system-err><![CDATA[]]></system-err>
      </testcase>
      <testcase name="Test Cases/GC.FR.7.4" time="10.875" classname="Test Cases/GC.FR.7.4" status="PASSED">
         <system-out><![CDATA[2020-01-30 16:33:34 - [TEST_CASE][PASSED] - Test Cases/GC.FR.7.4: Test Cases/GC.FR.7.4

2020-01-30 16:33:34 - [TEST_STEP][PASSED] - RN = Math.random() * 10000000: null

2020-01-30 16:33:34 - [TEST_STEP][PASSED] - openBrowser("https://www.google.com/"): Browser is opened with url: 'https://www.google.com/'

2020-01-30 16:33:34 - [MESSAGE][INFO] - Starting 'Firefox' driver

2020-01-30 16:33:39 - [MESSAGE][PASSED] - Browser is opened with url: 'https://www.google.com/'

2020-01-30 16:33:39 - [TEST_STEP][PASSED] - driver = getWebDriver(): null

2020-01-30 16:33:39 - [TEST_STEP][PASSED] - baseUrl = "https://www.google.com/": null

2020-01-30 16:33:39 - [TEST_STEP][PASSED] - selenium = new com.thoughtworks.selenium.webdriven.WebDriverBackedSelenium(driver, baseUrl): null

2020-01-30 16:33:39 - [TEST_STEP][PASSED] - selenium.open("https://guitarcenter.pl/catalog/logreg.php"): null

2020-01-30 16:33:41 - [TEST_STEP][PASSED] - selenium.click("id=firstname"): null

2020-01-30 16:33:42 - [TEST_STEP][PASSED] - selenium.type("id=firstname", "Marek"): null

2020-01-30 16:33:42 - [TEST_STEP][PASSED] - selenium.type("id=lastname", "Nowak"): null

2020-01-30 16:33:42 - [TEST_STEP][PASSED] - selenium.type("id=email_address", "mareknowak+" + RN + "@gmail.com"): null

2020-01-30 16:33:42 - [TEST_STEP][PASSED] - selenium.type("id=telephone", "123852951"): null

2020-01-30 16:33:42 - [TEST_STEP][PASSED] - selenium.type("id=password", "marek123"): null

2020-01-30 16:33:42 - [TEST_STEP][PASSED] - selenium.type("id=password_confirmation", "marek"): null

2020-01-30 16:33:42 - [TEST_STEP][PASSED] - selenium.click("id=regulamin"): null

2020-01-30 16:33:42 - [TEST_STEP][PASSED] - selenium.click("xpath=(//input[@value=''])[12]"): null

2020-01-30 16:33:43 - [TEST_STEP][PASSED] - verifyElementPresent(findTestObject("Problem z polem Hasło"), 5): Object 'Object Repository/Problem z polem Hasło' is present

2020-01-30 16:33:43 - [MESSAGE][PASSED] - Object 'Object Repository/Problem z polem Hasło' is present

2020-01-30 16:33:43 - [TEST_STEP][PASSED] - closeBrowser(): Browser is closed

2020-01-30 16:33:45 - [MESSAGE][PASSED] - Browser is closed]]></system-out>
         <system-err><![CDATA[]]></system-err>
      </testcase>
      <testcase name="Test Cases/GC.FR.8" time="11.649" classname="Test Cases/GC.FR.8" status="PASSED">
         <system-out><![CDATA[2020-01-30 16:33:45 - [TEST_CASE][PASSED] - Test Cases/GC.FR.8: Test Cases/GC.FR.8

2020-01-30 16:33:45 - [TEST_STEP][PASSED] - RN = Math.random() * 10000000: null

2020-01-30 16:33:45 - [TEST_STEP][PASSED] - openBrowser("https://www.google.com/"): Browser is opened with url: 'https://www.google.com/'

2020-01-30 16:33:45 - [MESSAGE][INFO] - Starting 'Firefox' driver

2020-01-30 16:33:50 - [MESSAGE][PASSED] - Browser is opened with url: 'https://www.google.com/'

2020-01-30 16:33:50 - [TEST_STEP][PASSED] - driver = getWebDriver(): null

2020-01-30 16:33:50 - [TEST_STEP][PASSED] - baseUrl = "https://www.google.com/": null

2020-01-30 16:33:50 - [TEST_STEP][PASSED] - selenium = new com.thoughtworks.selenium.webdriven.WebDriverBackedSelenium(driver, baseUrl): null

2020-01-30 16:33:50 - [TEST_STEP][PASSED] - selenium.open("https://guitarcenter.pl/catalog/logreg.php"): null

2020-01-30 16:33:53 - [TEST_STEP][PASSED] - selenium.click("id=firstname"): null

2020-01-30 16:33:53 - [TEST_STEP][PASSED] - selenium.type("id=firstname", "Marek"): null

2020-01-30 16:33:53 - [TEST_STEP][PASSED] - selenium.type("id=lastname", "Nowak"): null

2020-01-30 16:33:53 - [TEST_STEP][PASSED] - selenium.type("id=email_address", "mareknowak+" + RN + "@gmail.com"): null

2020-01-30 16:33:53 - [TEST_STEP][PASSED] - selenium.type("id=telephone", "123852951"): null

2020-01-30 16:33:54 - [TEST_STEP][PASSED] - selenium.type("id=password", "marek123"): null

2020-01-30 16:33:54 - [TEST_STEP][PASSED] - selenium.type("id=password_confirmation", "marek123"): null

2020-01-30 16:33:54 - [TEST_STEP][PASSED] - selenium.click("xpath=(//input[@value=''])[12]"): null

2020-01-30 16:33:55 - [TEST_STEP][PASSED] - verifyElementPresent(findTestObject("Brak akceptacji regulaminu"), 5): Object 'Object Repository/Brak akceptacji regulaminu' is present

2020-01-30 16:33:55 - [MESSAGE][PASSED] - Object 'Object Repository/Brak akceptacji regulaminu' is present

2020-01-30 16:33:55 - [TEST_STEP][PASSED] - closeBrowser(): Browser is closed

2020-01-30 16:33:56 - [MESSAGE][PASSED] - Browser is closed]]></system-out>
         <system-err><![CDATA[]]></system-err>
      </testcase>
      <testcase name="Test Cases/GC.FR.9" time="13.888" classname="Test Cases/GC.FR.9" status="PASSED">
         <system-out><![CDATA[2020-01-30 16:33:56 - [TEST_CASE][PASSED] - Test Cases/GC.FR.9: Test Cases/GC.FR.9

2020-01-30 16:33:56 - [TEST_STEP][PASSED] - RN = Math.random() * 10000000: null

2020-01-30 16:33:56 - [TEST_STEP][PASSED] - openBrowser("https://www.google.com/"): Browser is opened with url: 'https://www.google.com/'

2020-01-30 16:33:56 - [MESSAGE][INFO] - Starting 'Firefox' driver

2020-01-30 16:34:01 - [MESSAGE][PASSED] - Browser is opened with url: 'https://www.google.com/'

2020-01-30 16:34:01 - [TEST_STEP][PASSED] - driver = getWebDriver(): null

2020-01-30 16:34:01 - [TEST_STEP][PASSED] - baseUrl = "https://www.google.com/": null

2020-01-30 16:34:01 - [TEST_STEP][PASSED] - selenium = new com.thoughtworks.selenium.webdriven.WebDriverBackedSelenium(driver, baseUrl): null

2020-01-30 16:34:02 - [TEST_STEP][PASSED] - selenium.open("https://guitarcenter.pl/catalog/logreg.php"): null

2020-01-30 16:34:04 - [TEST_STEP][PASSED] - selenium.click("id=firstname"): null

2020-01-30 16:34:04 - [TEST_STEP][PASSED] - selenium.type("id=firstname", "Marek"): null

2020-01-30 16:34:04 - [TEST_STEP][PASSED] - selenium.type("id=lastname", "Nowak"): null

2020-01-30 16:34:04 - [TEST_STEP][PASSED] - selenium.type("id=email_address", "mareknowak+" + RN + "@gmail.com"): null

2020-01-30 16:34:04 - [TEST_STEP][PASSED] - selenium.type("id=telephone", "123852951"): null

2020-01-30 16:34:04 - [TEST_STEP][PASSED] - selenium.type("id=password", "marek123"): null

2020-01-30 16:34:05 - [TEST_STEP][PASSED] - selenium.type("id=password_confirmation", "marek123"): null

2020-01-30 16:34:05 - [TEST_STEP][PASSED] - selenium.click("id=regulamin"): null

2020-01-30 16:34:05 - [TEST_STEP][PASSED] - selenium.click("id=newsletter"): null

2020-01-30 16:34:05 - [TEST_STEP][PASSED] - selenium.click("id=directmarketing"): null

2020-01-30 16:34:05 - [TEST_STEP][PASSED] - selenium.click("xpath=(//input[@value=''])[12]"): null

2020-01-30 16:34:09 - [TEST_STEP][PASSED] - verifyElementPresent(findTestObject("Konto zostało założone"), 10): Object 'Object Repository/Konto zostało założone' is present

2020-01-30 16:34:09 - [MESSAGE][PASSED] - Object 'Object Repository/Konto zostało założone' is present

2020-01-30 16:34:09 - [TEST_STEP][PASSED] - closeBrowser(): Browser is closed

2020-01-30 16:34:10 - [MESSAGE][PASSED] - Browser is closed]]></system-out>
         <system-err><![CDATA[]]></system-err>
      </testcase>
      <testcase name="Test Cases/GC.FR.6.1" time="17.505" classname="Test Cases/GC.FR.6.1" status="FAILED">
         <failure type="FAILED" message="Test Cases/GC.FR.6.1 FAILED.
Reason:
com.kms.katalon.core.exception.StepFailedException: Unable to verify object 'Object Repository/Problem z polem Telefon' is present
	at com.kms.katalon.core.webui.keyword.internal.WebUIKeywordMain.stepFailed(WebUIKeywordMain.groovy:64)
	at com.kms.katalon.core.webui.keyword.internal.WebUIKeywordMain.runKeyword(WebUIKeywordMain.groovy:26)
	at com.kms.katalon.core.webui.keyword.builtin.VerifyElementPresentKeyword.verifyElementPresent(VerifyElementPresentKeyword.groovy:92)
	at com.kms.katalon.core.webui.keyword.builtin.VerifyElementPresentKeyword.execute(VerifyElementPresentKeyword.groovy:68)
	at com.kms.katalon.core.keyword.internal.KeywordExecutor.executeKeywordForPlatform(KeywordExecutor.groovy:72)
	at com.kms.katalon.core.webui.keyword.WebUiBuiltInKeywords.verifyElementPresent(WebUiBuiltInKeywords.groovy:1434)
	at com.kms.katalon.core.webui.keyword.WebUiBuiltInKeywords$verifyElementPresent$0.call(Unknown Source)
	at GC.FR.6.1.run(GC.FR.6.1:73)
	at com.kms.katalon.core.main.ScriptEngine.run(ScriptEngine.java:194)
	at com.kms.katalon.core.main.ScriptEngine.runScriptAsRawText(ScriptEngine.java:119)
	at com.kms.katalon.core.main.TestCaseExecutor.runScript(TestCaseExecutor.java:337)
	at com.kms.katalon.core.main.TestCaseExecutor.doExecute(TestCaseExecutor.java:328)
	at com.kms.katalon.core.main.TestCaseExecutor.processExecutionPhase(TestCaseExecutor.java:307)
	at com.kms.katalon.core.main.TestCaseExecutor.accessMainPhase(TestCaseExecutor.java:299)
	at com.kms.katalon.core.main.TestCaseExecutor.execute(TestCaseExecutor.java:233)
	at com.kms.katalon.core.main.TestSuiteExecutor.accessTestCaseMainPhase(TestSuiteExecutor.java:169)
	at com.kms.katalon.core.main.TestSuiteExecutor.accessTestSuiteMainPhase(TestSuiteExecutor.java:142)
	at com.kms.katalon.core.main.TestSuiteExecutor.execute(TestSuiteExecutor.java:91)
	at com.kms.katalon.core.main.TestCaseMain.startTestSuite(TestCaseMain.java:157)
	at com.kms.katalon.core.main.TestCaseMain$startTestSuite$0.call(Unknown Source)
	at TempTestSuite1580398225244.run(TempTestSuite1580398225244.groovy:36)
Caused by: com.kms.katalon.core.exception.StepFailedException: com.kms.katalon.core.webui.exception.WebElementNotFoundException: Web element with id: 'Object Repository/Problem z polem Telefon' located by 'By.xpath: /html/body/center/table/tbody/tr/td/table[2]/tbody/tr/td/table/tbody/tr/td[2]/form/table[1]/tbody/tr[4]/td/p' not found
	at com.kms.katalon.core.webui.keyword.internal.WebUIKeywordMain.stepFailed(WebUIKeywordMain.groovy:64)
	at com.kms.katalon.core.webui.keyword.builtin.VerifyElementPresentKeyword$_verifyElementPresent_closure1.doCall(VerifyElementPresentKeyword.groovy:85)
	at com.kms.katalon.core.webui.keyword.builtin.VerifyElementPresentKeyword$_verifyElementPresent_closure1.call(VerifyElementPresentKeyword.groovy)
	at com.kms.katalon.core.webui.keyword.internal.WebUIKeywordMain.runKeyword(WebUIKeywordMain.groovy:20)
	... 19 more
"/>
         <system-out><![CDATA[2020-01-30 16:34:10 - [TEST_CASE][FAILED] - Test Cases/GC.FR.6.1: Test Cases/GC.FR.6.1 FAILED.
Reason:
com.kms.katalon.core.exception.StepFailedException: Unable to verify object 'Object Repository/Problem z polem Telefon' is present
	at com.kms.katalon.core.webui.keyword.internal.WebUIKeywordMain.stepFailed(WebUIKeywordMain.groovy:64)
	at com.kms.katalon.core.webui.keyword.internal.WebUIKeywordMain.runKeyword(WebUIKeywordMain.groovy:26)
	at com.kms.katalon.core.webui.keyword.builtin.VerifyElementPresentKeyword.verifyElementPresent(VerifyElementPresentKeyword.groovy:92)
	at com.kms.katalon.core.webui.keyword.builtin.VerifyElementPresentKeyword.execute(VerifyElementPresentKeyword.groovy:68)
	at com.kms.katalon.core.keyword.internal.KeywordExecutor.executeKeywordForPlatform(KeywordExecutor.groovy:72)
	at com.kms.katalon.core.webui.keyword.WebUiBuiltInKeywords.verifyElementPresent(WebUiBuiltInKeywords.groovy:1434)
	at com.kms.katalon.core.webui.keyword.WebUiBuiltInKeywords$verifyElementPresent$0.call(Unknown Source)
	at GC.FR.6.1.run(GC.FR.6.1:73)
	at com.kms.katalon.core.main.ScriptEngine.run(ScriptEngine.java:194)
	at com.kms.katalon.core.main.ScriptEngine.runScriptAsRawText(ScriptEngine.java:119)
	at com.kms.katalon.core.main.TestCaseExecutor.runScript(TestCaseExecutor.java:337)
	at com.kms.katalon.core.main.TestCaseExecutor.doExecute(TestCaseExecutor.java:328)
	at com.kms.katalon.core.main.TestCaseExecutor.processExecutionPhase(TestCaseExecutor.java:307)
	at com.kms.katalon.core.main.TestCaseExecutor.accessMainPhase(TestCaseExecutor.java:299)
	at com.kms.katalon.core.main.TestCaseExecutor.execute(TestCaseExecutor.java:233)
	at com.kms.katalon.core.main.TestSuiteExecutor.accessTestCaseMainPhase(TestSuiteExecutor.java:169)
	at com.kms.katalon.core.main.TestSuiteExecutor.accessTestSuiteMainPhase(TestSuiteExecutor.java:142)
	at com.kms.katalon.core.main.TestSuiteExecutor.execute(TestSuiteExecutor.java:91)
	at com.kms.katalon.core.main.TestCaseMain.startTestSuite(TestCaseMain.java:157)
	at com.kms.katalon.core.main.TestCaseMain$startTestSuite$0.call(Unknown Source)
	at TempTestSuite1580398225244.run(TempTestSuite1580398225244.groovy:36)
Caused by: com.kms.katalon.core.exception.StepFailedException: com.kms.katalon.core.webui.exception.WebElementNotFoundException: Web element with id: 'Object Repository/Problem z polem Telefon' located by 'By.xpath: /html/body/center/table/tbody/tr/td/table[2]/tbody/tr/td/table/tbody/tr/td[2]/form/table[1]/tbody/tr[4]/td/p' not found
	at com.kms.katalon.core.webui.keyword.internal.WebUIKeywordMain.stepFailed(WebUIKeywordMain.groovy:64)
	at com.kms.katalon.core.webui.keyword.builtin.VerifyElementPresentKeyword$_verifyElementPresent_closure1.doCall(VerifyElementPresentKeyword.groovy:85)
	at com.kms.katalon.core.webui.keyword.builtin.VerifyElementPresentKeyword$_verifyElementPresent_closure1.call(VerifyElementPresentKeyword.groovy)
	at com.kms.katalon.core.webui.keyword.internal.WebUIKeywordMain.runKeyword(WebUIKeywordMain.groovy:20)
	... 19 more


2020-01-30 16:34:10 - [TEST_STEP][PASSED] - RN = Math.random() * 10000000: null

2020-01-30 16:34:10 - [TEST_STEP][PASSED] - openBrowser("https://www.google.com/"): Browser is opened with url: 'https://www.google.com/'

2020-01-30 16:34:10 - [MESSAGE][INFO] - Starting 'Firefox' driver

2020-01-30 16:34:15 - [MESSAGE][PASSED] - Browser is opened with url: 'https://www.google.com/'

2020-01-30 16:34:15 - [TEST_STEP][PASSED] - driver = getWebDriver(): null

2020-01-30 16:34:15 - [TEST_STEP][PASSED] - baseUrl = "https://www.google.com/": null

2020-01-30 16:34:15 - [TEST_STEP][PASSED] - selenium = new com.thoughtworks.selenium.webdriven.WebDriverBackedSelenium(driver, baseUrl): null

2020-01-30 16:34:15 - [TEST_STEP][PASSED] - selenium.open("https://guitarcenter.pl/catalog/logreg.php"): null

2020-01-30 16:34:18 - [TEST_STEP][PASSED] - selenium.click("id=firstname"): null

2020-01-30 16:34:18 - [TEST_STEP][PASSED] - selenium.type("id=firstname", "Marek"): null

2020-01-30 16:34:18 - [TEST_STEP][PASSED] - selenium.type("id=lastname", "Nowak"): null

2020-01-30 16:34:18 - [TEST_STEP][PASSED] - selenium.type("id=email_address", "mareknowak+" + RN + "@gmail.com"): null

2020-01-30 16:34:18 - [TEST_STEP][PASSED] - selenium.type("id=telephone", "123"): null

2020-01-30 16:34:18 - [TEST_STEP][PASSED] - selenium.type("id=password", "marek123"): null

2020-01-30 16:34:19 - [TEST_STEP][PASSED] - selenium.type("id=password_confirmation", "marek123"): null

2020-01-30 16:34:19 - [TEST_STEP][PASSED] - selenium.click("id=regulamin"): null

2020-01-30 16:34:19 - [TEST_STEP][PASSED] - selenium.click("xpath=(//input[@value=''])[12]"): null

2020-01-30 16:34:20 - [TEST_STEP][FAILED] - verifyElementPresent(findTestObject("Problem z polem Telefon"), 5): Unable to verify object 'Object Repository/Problem z polem Telefon' is present (Root cause: com.kms.katalon.core.exception.StepFailedException: Unable to verify object 'Object Repository/Problem z polem Telefon' is present
	at com.kms.katalon.core.webui.keyword.internal.WebUIKeywordMain.stepFailed(WebUIKeywordMain.groovy:64)
	at com.kms.katalon.core.webui.keyword.internal.WebUIKeywordMain.runKeyword(WebUIKeywordMain.groovy:26)
	at com.kms.katalon.core.webui.keyword.builtin.VerifyElementPresentKeyword.verifyElementPresent(VerifyElementPresentKeyword.groovy:92)
	at com.kms.katalon.core.webui.keyword.builtin.VerifyElementPresentKeyword.execute(VerifyElementPresentKeyword.groovy:68)
	at com.kms.katalon.core.keyword.internal.KeywordExecutor.executeKeywordForPlatform(KeywordExecutor.groovy:72)
	at com.kms.katalon.core.webui.keyword.WebUiBuiltInKeywords.verifyElementPresent(WebUiBuiltInKeywords.groovy:1434)
	at com.kms.katalon.core.webui.keyword.WebUiBuiltInKeywords$verifyElementPresent$0.call(Unknown Source)
	at GC.FR.6.1.run(GC.FR.6.1:73)
	at com.kms.katalon.core.main.ScriptEngine.run(ScriptEngine.java:194)
	at com.kms.katalon.core.main.ScriptEngine.runScriptAsRawText(ScriptEngine.java:119)
	at com.kms.katalon.core.main.TestCaseExecutor.runScript(TestCaseExecutor.java:337)
	at com.kms.katalon.core.main.TestCaseExecutor.doExecute(TestCaseExecutor.java:328)
	at com.kms.katalon.core.main.TestCaseExecutor.processExecutionPhase(TestCaseExecutor.java:307)
	at com.kms.katalon.core.main.TestCaseExecutor.accessMainPhase(TestCaseExecutor.java:299)
	at com.kms.katalon.core.main.TestCaseExecutor.execute(TestCaseExecutor.java:233)
	at com.kms.katalon.core.main.TestSuiteExecutor.accessTestCaseMainPhase(TestSuiteExecutor.java:169)
	at com.kms.katalon.core.main.TestSuiteExecutor.accessTestSuiteMainPhase(TestSuiteExecutor.java:142)
	at com.kms.katalon.core.main.TestSuiteExecutor.execute(TestSuiteExecutor.java:91)
	at com.kms.katalon.core.main.TestCaseMain.startTestSuite(TestCaseMain.java:157)
	at com.kms.katalon.core.main.TestCaseMain$startTestSuite$0.call(Unknown Source)
	at TempTestSuite1580398225244.run(TempTestSuite1580398225244.groovy:36)
Caused by: com.kms.katalon.core.exception.StepFailedException: com.kms.katalon.core.webui.exception.WebElementNotFoundException: Web element with id: 'Object Repository/Problem z polem Telefon' located by 'By.xpath: /html/body/center/table/tbody/tr/td/table[2]/tbody/tr/td/table/tbody/tr/td[2]/form/table[1]/tbody/tr[4]/td/p' not found
	at com.kms.katalon.core.webui.keyword.internal.WebUIKeywordMain.stepFailed(WebUIKeywordMain.groovy:64)
	at com.kms.katalon.core.webui.keyword.builtin.VerifyElementPresentKeyword$_verifyElementPresent_closure1.doCall(VerifyElementPresentKeyword.groovy:85)
	at com.kms.katalon.core.webui.keyword.builtin.VerifyElementPresentKeyword$_verifyElementPresent_closure1.call(VerifyElementPresentKeyword.groovy)
	at com.kms.katalon.core.webui.keyword.internal.WebUIKeywordMain.runKeyword(WebUIKeywordMain.groovy:20)
	... 19 more
)

2020-01-30 16:34:27 - [MESSAGE][INFO] - Unable to find the element located by 'By.xpath: /html/body/center/table/tbody/tr/td/table[2]/tbody/tr/td/table/tbody/tr/td[2]/form/table[1]/tbody/tr[4]/td/p'. Please recheck the objects properties to make sure the desired element is located. 

2020-01-30 16:34:27 - [MESSAGE][INFO] - [SMART_XPATH] Auto-trying out other XPath values in the test object.

2020-01-30 16:34:27 - [MESSAGE][INFO] - [SMART_XPATH] No working XPath is found.

2020-01-30 16:34:27 - [MESSAGE][FAILED] - com.kms.katalon.core.webui.exception.WebElementNotFoundException: Web element with id: 'Object Repository/Problem z polem Telefon' located by 'By.xpath: /html/body/center/table/tbody/tr/td/table[2]/tbody/tr/td/table/tbody/tr/td[2]/form/table[1]/tbody/tr[4]/td/p' not found (Root cause: com.kms.katalon.core.exception.StepFailedException: com.kms.katalon.core.webui.exception.WebElementNotFoundException: Web element with id: 'Object Repository/Problem z polem Telefon' located by 'By.xpath: /html/body/center/table/tbody/tr/td/table[2]/tbody/tr/td/table/tbody/tr/td[2]/form/table[1]/tbody/tr[4]/td/p' not found
	at com.kms.katalon.core.webui.keyword.internal.WebUIKeywordMain.stepFailed(WebUIKeywordMain.groovy:64)
	at com.kms.katalon.core.webui.keyword.builtin.VerifyElementPresentKeyword$_verifyElementPresent_closure1.doCall(VerifyElementPresentKeyword.groovy:85)
	at com.kms.katalon.core.webui.keyword.builtin.VerifyElementPresentKeyword$_verifyElementPresent_closure1.call(VerifyElementPresentKeyword.groovy)
	at com.kms.katalon.core.webui.keyword.internal.WebUIKeywordMain.runKeyword(WebUIKeywordMain.groovy:20)
	at com.kms.katalon.core.webui.keyword.builtin.VerifyElementPresentKeyword.verifyElementPresent(VerifyElementPresentKeyword.groovy:92)
	at com.kms.katalon.core.webui.keyword.builtin.VerifyElementPresentKeyword.execute(VerifyElementPresentKeyword.groovy:68)
	at com.kms.katalon.core.keyword.internal.KeywordExecutor.executeKeywordForPlatform(KeywordExecutor.groovy:72)
	at com.kms.katalon.core.webui.keyword.WebUiBuiltInKeywords.verifyElementPresent(WebUiBuiltInKeywords.groovy:1434)
	at com.kms.katalon.core.webui.keyword.WebUiBuiltInKeywords$verifyElementPresent$0.call(Unknown Source)
	at GC.FR.6.1.run(GC.FR.6.1:73)
	at com.kms.katalon.core.main.ScriptEngine.run(ScriptEngine.java:194)
	at com.kms.katalon.core.main.ScriptEngine.runScriptAsRawText(ScriptEngine.java:119)
	at com.kms.katalon.core.main.TestCaseExecutor.runScript(TestCaseExecutor.java:337)
	at com.kms.katalon.core.main.TestCaseExecutor.doExecute(TestCaseExecutor.java:328)
	at com.kms.katalon.core.main.TestCaseExecutor.processExecutionPhase(TestCaseExecutor.java:307)
	at com.kms.katalon.core.main.TestCaseExecutor.accessMainPhase(TestCaseExecutor.java:299)
	at com.kms.katalon.core.main.TestCaseExecutor.execute(TestCaseExecutor.java:233)
	at com.kms.katalon.core.main.TestSuiteExecutor.accessTestCaseMainPhase(TestSuiteExecutor.java:169)
	at com.kms.katalon.core.main.TestSuiteExecutor.accessTestSuiteMainPhase(TestSuiteExecutor.java:142)
	at com.kms.katalon.core.main.TestSuiteExecutor.execute(TestSuiteExecutor.java:91)
	at com.kms.katalon.core.main.TestCaseMain.startTestSuite(TestCaseMain.java:157)
	at com.kms.katalon.core.main.TestCaseMain$startTestSuite$0.call(Unknown Source)
	at TempTestSuite1580398225244.run(TempTestSuite1580398225244.groovy:36)
)
[[ATTACHMENT|C:\\Users\\Tomek\\git\\GC.FR\\Reports\\20200130_163025\\GuitarCenter Formularz Rejestracji\\20200130_163025\\1580398467811.png]]

2020-01-30 16:34:28 - [MESSAGE][FAILED] - Unable to verify object 'Object Repository/Problem z polem Telefon' is present (Root cause: com.kms.katalon.core.exception.StepFailedException: Unable to verify object 'Object Repository/Problem z polem Telefon' is present
	at com.kms.katalon.core.webui.keyword.internal.WebUIKeywordMain.stepFailed(WebUIKeywordMain.groovy:64)
	at com.kms.katalon.core.webui.keyword.internal.WebUIKeywordMain.runKeyword(WebUIKeywordMain.groovy:26)
	at com.kms.katalon.core.webui.keyword.builtin.VerifyElementPresentKeyword.verifyElementPresent(VerifyElementPresentKeyword.groovy:92)
	at com.kms.katalon.core.webui.keyword.builtin.VerifyElementPresentKeyword.execute(VerifyElementPresentKeyword.groovy:68)
	at com.kms.katalon.core.keyword.internal.KeywordExecutor.executeKeywordForPlatform(KeywordExecutor.groovy:72)
	at com.kms.katalon.core.webui.keyword.WebUiBuiltInKeywords.verifyElementPresent(WebUiBuiltInKeywords.groovy:1434)
	at com.kms.katalon.core.webui.keyword.WebUiBuiltInKeywords$verifyElementPresent$0.call(Unknown Source)
	at GC.FR.6.1.run(GC.FR.6.1:73)
	at com.kms.katalon.core.main.ScriptEngine.run(ScriptEngine.java:194)
	at com.kms.katalon.core.main.ScriptEngine.runScriptAsRawText(ScriptEngine.java:119)
	at com.kms.katalon.core.main.TestCaseExecutor.runScript(TestCaseExecutor.java:337)
	at com.kms.katalon.core.main.TestCaseExecutor.doExecute(TestCaseExecutor.java:328)
	at com.kms.katalon.core.main.TestCaseExecutor.processExecutionPhase(TestCaseExecutor.java:307)
	at com.kms.katalon.core.main.TestCaseExecutor.accessMainPhase(TestCaseExecutor.java:299)
	at com.kms.katalon.core.main.TestCaseExecutor.execute(TestCaseExecutor.java:233)
	at com.kms.katalon.core.main.TestSuiteExecutor.accessTestCaseMainPhase(TestSuiteExecutor.java:169)
	at com.kms.katalon.core.main.TestSuiteExecutor.accessTestSuiteMainPhase(TestSuiteExecutor.java:142)
	at com.kms.katalon.core.main.TestSuiteExecutor.execute(TestSuiteExecutor.java:91)
	at com.kms.katalon.core.main.TestCaseMain.startTestSuite(TestCaseMain.java:157)
	at com.kms.katalon.core.main.TestCaseMain$startTestSuite$0.call(Unknown Source)
	at TempTestSuite1580398225244.run(TempTestSuite1580398225244.groovy:36)
Caused by: com.kms.katalon.core.exception.StepFailedException: com.kms.katalon.core.webui.exception.WebElementNotFoundException: Web element with id: 'Object Repository/Problem z polem Telefon' located by 'By.xpath: /html/body/center/table/tbody/tr/td/table[2]/tbody/tr/td/table/tbody/tr/td[2]/form/table[1]/tbody/tr[4]/td/p' not found
	at com.kms.katalon.core.webui.keyword.internal.WebUIKeywordMain.stepFailed(WebUIKeywordMain.groovy:64)
	at com.kms.katalon.core.webui.keyword.builtin.VerifyElementPresentKeyword$_verifyElementPresent_closure1.doCall(VerifyElementPresentKeyword.groovy:85)
	at com.kms.katalon.core.webui.keyword.builtin.VerifyElementPresentKeyword$_verifyElementPresent_closure1.call(VerifyElementPresentKeyword.groovy)
	at com.kms.katalon.core.webui.keyword.internal.WebUIKeywordMain.runKeyword(WebUIKeywordMain.groovy:20)
	... 19 more
)
[[ATTACHMENT|C:\\Users\\Tomek\\git\\GC.FR\\Reports\\20200130_163025\\GuitarCenter Formularz Rejestracji\\20200130_163025\\1580398467991.png]]]]></system-out>
         <system-err><![CDATA[2020-01-30 16:34:10 - [TEST_CASE][FAILED] - Test Cases/GC.FR.6.1: Test Cases/GC.FR.6.1 FAILED.
Reason:
com.kms.katalon.core.exception.StepFailedException: Unable to verify object 'Object Repository/Problem z polem Telefon' is present
	at com.kms.katalon.core.webui.keyword.internal.WebUIKeywordMain.stepFailed(WebUIKeywordMain.groovy:64)
	at com.kms.katalon.core.webui.keyword.internal.WebUIKeywordMain.runKeyword(WebUIKeywordMain.groovy:26)
	at com.kms.katalon.core.webui.keyword.builtin.VerifyElementPresentKeyword.verifyElementPresent(VerifyElementPresentKeyword.groovy:92)
	at com.kms.katalon.core.webui.keyword.builtin.VerifyElementPresentKeyword.execute(VerifyElementPresentKeyword.groovy:68)
	at com.kms.katalon.core.keyword.internal.KeywordExecutor.executeKeywordForPlatform(KeywordExecutor.groovy:72)
	at com.kms.katalon.core.webui.keyword.WebUiBuiltInKeywords.verifyElementPresent(WebUiBuiltInKeywords.groovy:1434)
	at com.kms.katalon.core.webui.keyword.WebUiBuiltInKeywords$verifyElementPresent$0.call(Unknown Source)
	at GC.FR.6.1.run(GC.FR.6.1:73)
	at com.kms.katalon.core.main.ScriptEngine.run(ScriptEngine.java:194)
	at com.kms.katalon.core.main.ScriptEngine.runScriptAsRawText(ScriptEngine.java:119)
	at com.kms.katalon.core.main.TestCaseExecutor.runScript(TestCaseExecutor.java:337)
	at com.kms.katalon.core.main.TestCaseExecutor.doExecute(TestCaseExecutor.java:328)
	at com.kms.katalon.core.main.TestCaseExecutor.processExecutionPhase(TestCaseExecutor.java:307)
	at com.kms.katalon.core.main.TestCaseExecutor.accessMainPhase(TestCaseExecutor.java:299)
	at com.kms.katalon.core.main.TestCaseExecutor.execute(TestCaseExecutor.java:233)
	at com.kms.katalon.core.main.TestSuiteExecutor.accessTestCaseMainPhase(TestSuiteExecutor.java:169)
	at com.kms.katalon.core.main.TestSuiteExecutor.accessTestSuiteMainPhase(TestSuiteExecutor.java:142)
	at com.kms.katalon.core.main.TestSuiteExecutor.execute(TestSuiteExecutor.java:91)
	at com.kms.katalon.core.main.TestCaseMain.startTestSuite(TestCaseMain.java:157)
	at com.kms.katalon.core.main.TestCaseMain$startTestSuite$0.call(Unknown Source)
	at TempTestSuite1580398225244.run(TempTestSuite1580398225244.groovy:36)
Caused by: com.kms.katalon.core.exception.StepFailedException: com.kms.katalon.core.webui.exception.WebElementNotFoundException: Web element with id: 'Object Repository/Problem z polem Telefon' located by 'By.xpath: /html/body/center/table/tbody/tr/td/table[2]/tbody/tr/td/table/tbody/tr/td[2]/form/table[1]/tbody/tr[4]/td/p' not found
	at com.kms.katalon.core.webui.keyword.internal.WebUIKeywordMain.stepFailed(WebUIKeywordMain.groovy:64)
	at com.kms.katalon.core.webui.keyword.builtin.VerifyElementPresentKeyword$_verifyElementPresent_closure1.doCall(VerifyElementPresentKeyword.groovy:85)
	at com.kms.katalon.core.webui.keyword.builtin.VerifyElementPresentKeyword$_verifyElementPresent_closure1.call(VerifyElementPresentKeyword.groovy)
	at com.kms.katalon.core.webui.keyword.internal.WebUIKeywordMain.runKeyword(WebUIKeywordMain.groovy:20)
	... 19 more]]></system-err>
      </testcase>
      <system-out><![CDATA[2020-01-30 16:30:28 - [TEST_SUITE][FAILED] - GuitarCenter Formularz Rejestracji: Test Cases/GC.FR.3.2 FAILED.
Reason:
com.kms.katalon.core.exception.StepFailedException: Unable to verify object 'Object Repository/Problem z polem Imię' is present
	at com.kms.katalon.core.webui.keyword.internal.WebUIKeywordMain.stepFailed(WebUIKeywordMain.groovy:64)
	at com.kms.katalon.core.webui.keyword.internal.WebUIKeywordMain.runKeyword(WebUIKeywordMain.groovy:26)
	at com.kms.katalon.core.webui.keyword.builtin.VerifyElementPresentKeyword.verifyElementPresent(VerifyElementPresentKeyword.groovy:92)
	at com.kms.katalon.core.webui.keyword.builtin.VerifyElementPresentKeyword.execute(VerifyElementPresentKeyword.groovy:68)
	at com.kms.katalon.core.keyword.internal.KeywordExecutor.executeKeywordForPlatform(KeywordExecutor.groovy:72)
	at com.kms.katalon.core.webui.keyword.WebUiBuiltInKeywords.verifyElementPresent(WebUiBuiltInKeywords.groovy:1434)
	at com.kms.katalon.core.webui.keyword.WebUiBuiltInKeywords$verifyElementPresent$0.call(Unknown Source)
	at GC.FR.3.2.run(GC.FR.3.2:73)
	at com.kms.katalon.core.main.ScriptEngine.run(ScriptEngine.java:194)
	at com.kms.katalon.core.main.ScriptEngine.runScriptAsRawText(ScriptEngine.java:119)
	at com.kms.katalon.core.main.TestCaseExecutor.runScript(TestCaseExecutor.java:337)
	at com.kms.katalon.core.main.TestCaseExecutor.doExecute(TestCaseExecutor.java:328)
	at com.kms.katalon.core.main.TestCaseExecutor.processExecutionPhase(TestCaseExecutor.java:307)
	at com.kms.katalon.core.main.TestCaseExecutor.accessMainPhase(TestCaseExecutor.java:299)
	at com.kms.katalon.core.main.TestCaseExecutor.execute(TestCaseExecutor.java:233)
	at com.kms.katalon.core.main.TestSuiteExecutor.accessTestCaseMainPhase(TestSuiteExecutor.java:169)
	at com.kms.katalon.core.main.TestSuiteExecutor.accessTestSuiteMainPhase(TestSuiteExecutor.java:142)
	at com.kms.katalon.core.main.TestSuiteExecutor.execute(TestSuiteExecutor.java:91)
	at com.kms.katalon.core.main.TestCaseMain.startTestSuite(TestCaseMain.java:157)
	at com.kms.katalon.core.main.TestCaseMain$startTestSuite$0.call(Unknown Source)
	at TempTestSuite1580398225244.run(TempTestSuite1580398225244.groovy:36)
Caused by: com.kms.katalon.core.exception.StepFailedException: com.kms.katalon.core.webui.exception.WebElementNotFoundException: Web element with id: 'Object Repository/Problem z polem Imię' located by 'By.xpath: /html/body/center/table/tbody/tr/td/table[2]/tbody/tr/td/table/tbody/tr/td[2]/form/table[1]/tbody/tr[1]/td/p' not found
	at com.kms.katalon.core.webui.keyword.internal.WebUIKeywordMain.stepFailed(WebUIKeywordMain.groovy:64)
	at com.kms.katalon.core.webui.keyword.builtin.VerifyElementPresentKeyword$_verifyElementPresent_closure1.doCall(VerifyElementPresentKeyword.groovy:85)
	at com.kms.katalon.core.webui.keyword.builtin.VerifyElementPresentKeyword$_verifyElementPresent_closure1.call(VerifyElementPresentKeyword.groovy)
	at com.kms.katalon.core.webui.keyword.internal.WebUIKeywordMain.runKeyword(WebUIKeywordMain.groovy:20)
	... 19 more]]></system-out>
      <system-err><![CDATA[2020-01-30 16:30:28 - [TEST_SUITE][FAILED] - GuitarCenter Formularz Rejestracji: Test Cases/GC.FR.3.2 FAILED.
Reason:
com.kms.katalon.core.exception.StepFailedException: Unable to verify object 'Object Repository/Problem z polem Imię' is present
	at com.kms.katalon.core.webui.keyword.internal.WebUIKeywordMain.stepFailed(WebUIKeywordMain.groovy:64)
	at com.kms.katalon.core.webui.keyword.internal.WebUIKeywordMain.runKeyword(WebUIKeywordMain.groovy:26)
	at com.kms.katalon.core.webui.keyword.builtin.VerifyElementPresentKeyword.verifyElementPresent(VerifyElementPresentKeyword.groovy:92)
	at com.kms.katalon.core.webui.keyword.builtin.VerifyElementPresentKeyword.execute(VerifyElementPresentKeyword.groovy:68)
	at com.kms.katalon.core.keyword.internal.KeywordExecutor.executeKeywordForPlatform(KeywordExecutor.groovy:72)
	at com.kms.katalon.core.webui.keyword.WebUiBuiltInKeywords.verifyElementPresent(WebUiBuiltInKeywords.groovy:1434)
	at com.kms.katalon.core.webui.keyword.WebUiBuiltInKeywords$verifyElementPresent$0.call(Unknown Source)
	at GC.FR.3.2.run(GC.FR.3.2:73)
	at com.kms.katalon.core.main.ScriptEngine.run(ScriptEngine.java:194)
	at com.kms.katalon.core.main.ScriptEngine.runScriptAsRawText(ScriptEngine.java:119)
	at com.kms.katalon.core.main.TestCaseExecutor.runScript(TestCaseExecutor.java:337)
	at com.kms.katalon.core.main.TestCaseExecutor.doExecute(TestCaseExecutor.java:328)
	at com.kms.katalon.core.main.TestCaseExecutor.processExecutionPhase(TestCaseExecutor.java:307)
	at com.kms.katalon.core.main.TestCaseExecutor.accessMainPhase(TestCaseExecutor.java:299)
	at com.kms.katalon.core.main.TestCaseExecutor.execute(TestCaseExecutor.java:233)
	at com.kms.katalon.core.main.TestSuiteExecutor.accessTestCaseMainPhase(TestSuiteExecutor.java:169)
	at com.kms.katalon.core.main.TestSuiteExecutor.accessTestSuiteMainPhase(TestSuiteExecutor.java:142)
	at com.kms.katalon.core.main.TestSuiteExecutor.execute(TestSuiteExecutor.java:91)
	at com.kms.katalon.core.main.TestCaseMain.startTestSuite(TestCaseMain.java:157)
	at com.kms.katalon.core.main.TestCaseMain$startTestSuite$0.call(Unknown Source)
	at TempTestSuite1580398225244.run(TempTestSuite1580398225244.groovy:36)
Caused by: com.kms.katalon.core.exception.StepFailedException: com.kms.katalon.core.webui.exception.WebElementNotFoundException: Web element with id: 'Object Repository/Problem z polem Imię' located by 'By.xpath: /html/body/center/table/tbody/tr/td/table[2]/tbody/tr/td/table/tbody/tr/td[2]/form/table[1]/tbody/tr[1]/td/p' not found
	at com.kms.katalon.core.webui.keyword.internal.WebUIKeywordMain.stepFailed(WebUIKeywordMain.groovy:64)
	at com.kms.katalon.core.webui.keyword.builtin.VerifyElementPresentKeyword$_verifyElementPresent_closure1.doCall(VerifyElementPresentKeyword.groovy:85)
	at com.kms.katalon.core.webui.keyword.builtin.VerifyElementPresentKeyword$_verifyElementPresent_closure1.call(VerifyElementPresentKeyword.groovy)
	at com.kms.katalon.core.webui.keyword.internal.WebUIKeywordMain.runKeyword(WebUIKeywordMain.groovy:20)
	... 19 more]]></system-err>
   </testsuite>
</testsuites>
