<?xml version="1.0" encoding="UTF-8"?>
<testsuites name="GuitarCenter Formularz Rejestracji" time="232.268" tests="17" failures="4" errors="0">
   <testsuite name="GuitarCenter Formularz Rejestracji" tests="17" failures="4" errors="0" time="232.268" timestamp="2020-01-30 12:55:42" hostname="Tomek - 192.168.1.2" id="Test Suites/GuitarCenter Formularz Rejestracji">
      <properties>
         <property name="deviceName" value=""/>
         <property name="devicePlatform" value=""/>
         <property name="logFolder" value="C:\\Users\\Tomek\\Katalon Studio\\GC.FR\\Reports\\20200130_125541\\GuitarCenter Formularz Rejestracji\\20200130_125541"/>
         <property name="logFiles" value="C:\\Users\\Tomek\\Katalon Studio\\GC.FR\\Reports\\20200130_125541\\GuitarCenter Formularz Rejestracji\\20200130_125541\\execution0.log"/>
         <property name="attachments" value="C:\\Users\\Tomek\\Katalon Studio\\GC.FR\\Reports\\20200130_125541\\GuitarCenter Formularz Rejestracji\\20200130_125541\\1580385397203.png, C:\\Users\\Tomek\\Katalon Studio\\GC.FR\\Reports\\20200130_125541\\GuitarCenter Formularz Rejestracji\\20200130_125541\\1580385397384.png, C:\\Users\\Tomek\\Katalon Studio\\GC.FR\\Reports\\20200130_125541\\GuitarCenter Formularz Rejestracji\\20200130_125541\\1580385429691.png, C:\\Users\\Tomek\\Katalon Studio\\GC.FR\\Reports\\20200130_125541\\GuitarCenter Formularz Rejestracji\\20200130_125541\\1580385429844.png, C:\\Users\\Tomek\\Katalon Studio\\GC.FR\\Reports\\20200130_125541\\GuitarCenter Formularz Rejestracji\\20200130_125541\\1580385483991.png, C:\\Users\\Tomek\\Katalon Studio\\GC.FR\\Reports\\20200130_125541\\GuitarCenter Formularz Rejestracji\\20200130_125541\\1580385484150.png, C:\\Users\\Tomek\\Katalon Studio\\GC.FR\\Reports\\20200130_125541\\GuitarCenter Formularz Rejestracji\\20200130_125541\\1580385503043.png, C:\\Users\\Tomek\\Katalon Studio\\GC.FR\\Reports\\20200130_125541\\GuitarCenter Formularz Rejestracji\\20200130_125541\\1580385503199.png"/>
         <property name="hostName" value="Tomek - 192.168.1.2"/>
         <property name="os" value="Windows 7 64bit"/>
         <property name="katalonVersion" value="7.2.1.1"/>
         <property name="browser" value="Firefox 72.0"/>
         <property name="hostAddress" value="192.168.1.2"/>
         <property name="sessionId" value="ed7a8d06-b3d3-471a-8527-70fb4951c492"/>
         <property name="seleniumVersion" value="3.141.59"/>
         <property name="proxyInformation" value="ProxyInformation{proxyOption=NO_PROXY, proxyServerType=HTTP, password=, proxyServerAddress=, proxyServerPort=0, executionList=}"/>
         <property name="platform" value="Windows 7"/>
      </properties>
      <testcase name="Test Cases/GC.FR.1" time="13.304" classname="Test Cases/GC.FR.1" status="PASSED">
         <system-out><![CDATA[2020-01-30 12:55:43 - [TEST_CASE][PASSED] - Test Cases/GC.FR.1: Test Cases/GC.FR.1

2020-01-30 12:55:43 - [TEST_STEP][PASSED] - RN = Math.random() * 10000000: null

2020-01-30 12:55:43 - [TEST_STEP][PASSED] - openBrowser("https://www.google.com/"): Browser is opened with url: 'https://www.google.com/'

2020-01-30 12:55:43 - [MESSAGE][INFO] - Starting 'Firefox' driver

2020-01-30 12:55:43 - [MESSAGE][INFO] - Action delay is set to 0 seconds

2020-01-30 12:55:50 - [MESSAGE][PASSED] - Browser is opened with url: 'https://www.google.com/'

2020-01-30 12:55:50 - [TEST_STEP][PASSED] - driver = getWebDriver(): null

2020-01-30 12:55:50 - [TEST_STEP][PASSED] - baseUrl = "https://www.google.com/": null

2020-01-30 12:55:50 - [TEST_STEP][PASSED] - selenium = new com.thoughtworks.selenium.webdriven.WebDriverBackedSelenium(driver, baseUrl): null

2020-01-30 12:55:50 - [TEST_STEP][PASSED] - selenium.open("https://guitarcenter.pl/catalog/logreg.php"): null

2020-01-30 12:55:52 - [TEST_STEP][PASSED] - selenium.click("id=firstname"): null

2020-01-30 12:55:53 - [TEST_STEP][PASSED] - selenium.type("id=firstname", "Marek"): null

2020-01-30 12:55:53 - [TEST_STEP][PASSED] - selenium.type("id=lastname", "Nowak"): null

2020-01-30 12:55:53 - [TEST_STEP][PASSED] - selenium.type("id=email_address", "mareknowak+" + RN + "@gmail.com"): null

2020-01-30 12:55:53 - [TEST_STEP][PASSED] - selenium.type("id=telephone", "123852951"): null

2020-01-30 12:55:53 - [TEST_STEP][PASSED] - selenium.type("id=password", "marek123"): null

2020-01-30 12:55:53 - [TEST_STEP][PASSED] - selenium.type("id=password_confirmation", "marek123"): null

2020-01-30 12:55:53 - [TEST_STEP][PASSED] - selenium.click("id=regulamin"): null

2020-01-30 12:55:53 - [TEST_STEP][PASSED] - selenium.click("xpath=(//input[@value=''])[12]"): null

2020-01-30 12:55:54 - [TEST_STEP][PASSED] - verifyElementPresent(findTestObject("Konto zostało założone"), 10): Object 'Object Repository/Konto zostało założone' is present

2020-01-30 12:55:55 - [MESSAGE][PASSED] - Object 'Object Repository/Konto zostało założone' is present

2020-01-30 12:55:55 - [TEST_STEP][PASSED] - closeBrowser(): Browser is closed

2020-01-30 12:55:56 - [MESSAGE][PASSED] - Browser is closed]]></system-out>
         <system-err><![CDATA[]]></system-err>
      </testcase>
      <testcase name="Test Cases/GC.FR.2" time="12.03" classname="Test Cases/GC.FR.2" status="PASSED">
         <system-out><![CDATA[2020-01-30 12:55:56 - [TEST_CASE][PASSED] - Test Cases/GC.FR.2: Test Cases/GC.FR.2

2020-01-30 12:55:56 - [TEST_STEP][PASSED] - RN = Math.random() * 10000000: null

2020-01-30 12:55:56 - [TEST_STEP][PASSED] - openBrowser("https://www.google.com/"): Browser is opened with url: 'https://www.google.com/'

2020-01-30 12:55:56 - [MESSAGE][INFO] - Starting 'Firefox' driver

2020-01-30 12:56:02 - [MESSAGE][PASSED] - Browser is opened with url: 'https://www.google.com/'

2020-01-30 12:56:02 - [TEST_STEP][PASSED] - driver = getWebDriver(): null

2020-01-30 12:56:02 - [TEST_STEP][PASSED] - baseUrl = "https://www.google.com/": null

2020-01-30 12:56:02 - [TEST_STEP][PASSED] - selenium = new com.thoughtworks.selenium.webdriven.WebDriverBackedSelenium(driver, baseUrl): null

2020-01-30 12:56:02 - [TEST_STEP][PASSED] - selenium.open("https://guitarcenter.pl/catalog/logreg.php"): null

2020-01-30 12:56:04 - [TEST_STEP][PASSED] - selenium.click("id=firstname"): null

2020-01-30 12:56:04 - [TEST_STEP][PASSED] - selenium.type("id=firstname", ""): null

2020-01-30 12:56:04 - [TEST_STEP][PASSED] - selenium.type("id=lastname", ""): null

2020-01-30 12:56:05 - [TEST_STEP][PASSED] - selenium.type("id=email_address", ""): null

2020-01-30 12:56:05 - [TEST_STEP][PASSED] - selenium.type("id=telephone", ""): null

2020-01-30 12:56:05 - [TEST_STEP][PASSED] - selenium.type("id=password", ""): null

2020-01-30 12:56:05 - [TEST_STEP][PASSED] - selenium.type("id=password_confirmation", ""): null

2020-01-30 12:56:05 - [TEST_STEP][PASSED] - selenium.click("xpath=(//input[@value=''])[12]"): null

2020-01-30 12:56:05 - [TEST_STEP][PASSED] - verifyElementPresent(findTestObject("Problem z polem Imię"), 5): Object 'Object Repository/Problem z polem Imię' is present

2020-01-30 12:56:06 - [MESSAGE][PASSED] - Object 'Object Repository/Problem z polem Imię' is present

2020-01-30 12:56:06 - [TEST_STEP][PASSED] - verifyElementPresent(findTestObject("Problem z polem Nazwisko"), 5): Object 'Object Repository/Problem z polem Nazwisko' is present

2020-01-30 12:56:06 - [MESSAGE][PASSED] - Object 'Object Repository/Problem z polem Nazwisko' is present

2020-01-30 12:56:06 - [TEST_STEP][PASSED] - verifyElementPresent(findTestObject("Email ma niewłaściwy format"), 5): Object 'Object Repository/Email ma niewłaściwy format' is present

2020-01-30 12:56:06 - [MESSAGE][PASSED] - Object 'Object Repository/Email ma niewłaściwy format' is present

2020-01-30 12:56:06 - [TEST_STEP][PASSED] - verifyElementPresent(findTestObject("Problem z polem Telefon"), 5): Object 'Object Repository/Problem z polem Telefon' is present

2020-01-30 12:56:07 - [MESSAGE][PASSED] - Object 'Object Repository/Problem z polem Telefon' is present

2020-01-30 12:56:07 - [TEST_STEP][PASSED] - verifyElementPresent(findTestObject("Problem z polem Hasło"), 5): Object 'Object Repository/Problem z polem Hasło' is present

2020-01-30 12:56:07 - [MESSAGE][PASSED] - Object 'Object Repository/Problem z polem Hasło' is present

2020-01-30 12:56:07 - [TEST_STEP][PASSED] - closeBrowser(): Browser is closed

2020-01-30 12:56:08 - [MESSAGE][PASSED] - Browser is closed]]></system-out>
         <system-err><![CDATA[]]></system-err>
      </testcase>
      <testcase name="Test Cases/GC.FR.3.1" time="11.316" classname="Test Cases/GC.FR.3.1" status="PASSED">
         <system-out><![CDATA[2020-01-30 12:56:08 - [TEST_CASE][PASSED] - Test Cases/GC.FR.3.1: Test Cases/GC.FR.3.1

2020-01-30 12:56:08 - [TEST_STEP][PASSED] - RN = Math.random() * 10000000: null

2020-01-30 12:56:08 - [TEST_STEP][PASSED] - openBrowser("https://www.google.com/"): Browser is opened with url: 'https://www.google.com/'

2020-01-30 12:56:08 - [MESSAGE][INFO] - Starting 'Firefox' driver

2020-01-30 12:56:14 - [MESSAGE][PASSED] - Browser is opened with url: 'https://www.google.com/'

2020-01-30 12:56:14 - [TEST_STEP][PASSED] - driver = getWebDriver(): null

2020-01-30 12:56:14 - [TEST_STEP][PASSED] - baseUrl = "https://www.google.com/": null

2020-01-30 12:56:14 - [TEST_STEP][PASSED] - selenium = new com.thoughtworks.selenium.webdriven.WebDriverBackedSelenium(driver, baseUrl): null

2020-01-30 12:56:14 - [TEST_STEP][PASSED] - selenium.open("https://guitarcenter.pl/catalog/logreg.php"): null

2020-01-30 12:56:16 - [TEST_STEP][PASSED] - selenium.click("id=firstname"): null

2020-01-30 12:56:16 - [TEST_STEP][PASSED] - selenium.type("id=firstname", "ma"): null

2020-01-30 12:56:17 - [TEST_STEP][PASSED] - selenium.type("id=lastname", "Nowak"): null

2020-01-30 12:56:17 - [TEST_STEP][PASSED] - selenium.type("id=email_address", "mareknowak+" + RN + "@gmail.com"): null

2020-01-30 12:56:17 - [TEST_STEP][PASSED] - selenium.type("id=telephone", "123852951"): null

2020-01-30 12:56:17 - [TEST_STEP][PASSED] - selenium.type("id=password", "marek123"): null

2020-01-30 12:56:17 - [TEST_STEP][PASSED] - selenium.type("id=password_confirmation", "marek123"): null

2020-01-30 12:56:17 - [TEST_STEP][PASSED] - selenium.click("id=regulamin"): null

2020-01-30 12:56:17 - [TEST_STEP][PASSED] - selenium.click("xpath=(//input[@value=''])[12]"): null

2020-01-30 12:56:18 - [TEST_STEP][PASSED] - verifyElementPresent(findTestObject("Problem z polem Imię"), 5): Object 'Object Repository/Problem z polem Imię' is present

2020-01-30 12:56:18 - [MESSAGE][PASSED] - Object 'Object Repository/Problem z polem Imię' is present

2020-01-30 12:56:18 - [TEST_STEP][PASSED] - closeBrowser(): Browser is closed

2020-01-30 12:56:19 - [MESSAGE][PASSED] - Browser is closed]]></system-out>
         <system-err><![CDATA[]]></system-err>
      </testcase>
      <testcase name="Test Cases/GC.FR.3.2" time="17.664" classname="Test Cases/GC.FR.3.2" status="FAILED">
         <failure type="FAILED" message="Test Cases/GC.FR.3.2 FAILED.
Reason:
com.kms.katalon.core.exception.StepFailedException: Unable to verify object 'Object Repository/Problem z polem Imię' is present
	at com.kms.katalon.core.webui.keyword.internal.WebUIKeywordMain.stepFailed(WebUIKeywordMain.groovy:64)
	at com.kms.katalon.core.webui.keyword.internal.WebUIKeywordMain.runKeyword(WebUIKeywordMain.groovy:26)
	at com.kms.katalon.core.webui.keyword.builtin.VerifyElementPresentKeyword.verifyElementPresent(VerifyElementPresentKeyword.groovy:92)
	at com.kms.katalon.core.webui.keyword.builtin.VerifyElementPresentKeyword.execute(VerifyElementPresentKeyword.groovy:68)
	at com.kms.katalon.core.keyword.internal.KeywordExecutor.executeKeywordForPlatform(KeywordExecutor.groovy:72)
	at com.kms.katalon.core.webui.keyword.WebUiBuiltInKeywords.verifyElementPresent(WebUiBuiltInKeywords.groovy:1434)
	at com.kms.katalon.core.webui.keyword.WebUiBuiltInKeywords$verifyElementPresent$0.call(Unknown Source)
	at GC.FR.3.2.run(GC.FR.3.2:73)
	at com.kms.katalon.core.main.ScriptEngine.run(ScriptEngine.java:194)
	at com.kms.katalon.core.main.ScriptEngine.runScriptAsRawText(ScriptEngine.java:119)
	at com.kms.katalon.core.main.TestCaseExecutor.runScript(TestCaseExecutor.java:337)
	at com.kms.katalon.core.main.TestCaseExecutor.doExecute(TestCaseExecutor.java:328)
	at com.kms.katalon.core.main.TestCaseExecutor.processExecutionPhase(TestCaseExecutor.java:307)
	at com.kms.katalon.core.main.TestCaseExecutor.accessMainPhase(TestCaseExecutor.java:299)
	at com.kms.katalon.core.main.TestCaseExecutor.execute(TestCaseExecutor.java:233)
	at com.kms.katalon.core.main.TestSuiteExecutor.accessTestCaseMainPhase(TestSuiteExecutor.java:169)
	at com.kms.katalon.core.main.TestSuiteExecutor.accessTestSuiteMainPhase(TestSuiteExecutor.java:142)
	at com.kms.katalon.core.main.TestSuiteExecutor.execute(TestSuiteExecutor.java:91)
	at com.kms.katalon.core.main.TestCaseMain.startTestSuite(TestCaseMain.java:157)
	at com.kms.katalon.core.main.TestCaseMain$startTestSuite$0.call(Unknown Source)
	at TempTestSuite1580385341239.run(TempTestSuite1580385341239.groovy:36)
Caused by: com.kms.katalon.core.exception.StepFailedException: com.kms.katalon.core.webui.exception.WebElementNotFoundException: Web element with id: 'Object Repository/Problem z polem Imię' located by 'By.xpath: /html/body/center/table/tbody/tr/td/table[2]/tbody/tr/td/table/tbody/tr/td[2]/form/table[1]/tbody/tr[1]/td/p' not found
	at com.kms.katalon.core.webui.keyword.internal.WebUIKeywordMain.stepFailed(WebUIKeywordMain.groovy:64)
	at com.kms.katalon.core.webui.keyword.builtin.VerifyElementPresentKeyword$_verifyElementPresent_closure1.doCall(VerifyElementPresentKeyword.groovy:85)
	at com.kms.katalon.core.webui.keyword.builtin.VerifyElementPresentKeyword$_verifyElementPresent_closure1.call(VerifyElementPresentKeyword.groovy)
	at com.kms.katalon.core.webui.keyword.internal.WebUIKeywordMain.runKeyword(WebUIKeywordMain.groovy:20)
	... 19 more
"/>
         <system-out><![CDATA[2020-01-30 12:56:19 - [TEST_CASE][FAILED] - Test Cases/GC.FR.3.2: Test Cases/GC.FR.3.2 FAILED.
Reason:
com.kms.katalon.core.exception.StepFailedException: Unable to verify object 'Object Repository/Problem z polem Imię' is present
	at com.kms.katalon.core.webui.keyword.internal.WebUIKeywordMain.stepFailed(WebUIKeywordMain.groovy:64)
	at com.kms.katalon.core.webui.keyword.internal.WebUIKeywordMain.runKeyword(WebUIKeywordMain.groovy:26)
	at com.kms.katalon.core.webui.keyword.builtin.VerifyElementPresentKeyword.verifyElementPresent(VerifyElementPresentKeyword.groovy:92)
	at com.kms.katalon.core.webui.keyword.builtin.VerifyElementPresentKeyword.execute(VerifyElementPresentKeyword.groovy:68)
	at com.kms.katalon.core.keyword.internal.KeywordExecutor.executeKeywordForPlatform(KeywordExecutor.groovy:72)
	at com.kms.katalon.core.webui.keyword.WebUiBuiltInKeywords.verifyElementPresent(WebUiBuiltInKeywords.groovy:1434)
	at com.kms.katalon.core.webui.keyword.WebUiBuiltInKeywords$verifyElementPresent$0.call(Unknown Source)
	at GC.FR.3.2.run(GC.FR.3.2:73)
	at com.kms.katalon.core.main.ScriptEngine.run(ScriptEngine.java:194)
	at com.kms.katalon.core.main.ScriptEngine.runScriptAsRawText(ScriptEngine.java:119)
	at com.kms.katalon.core.main.TestCaseExecutor.runScript(TestCaseExecutor.java:337)
	at com.kms.katalon.core.main.TestCaseExecutor.doExecute(TestCaseExecutor.java:328)
	at com.kms.katalon.core.main.TestCaseExecutor.processExecutionPhase(TestCaseExecutor.java:307)
	at com.kms.katalon.core.main.TestCaseExecutor.accessMainPhase(TestCaseExecutor.java:299)
	at com.kms.katalon.core.main.TestCaseExecutor.execute(TestCaseExecutor.java:233)
	at com.kms.katalon.core.main.TestSuiteExecutor.accessTestCaseMainPhase(TestSuiteExecutor.java:169)
	at com.kms.katalon.core.main.TestSuiteExecutor.accessTestSuiteMainPhase(TestSuiteExecutor.java:142)
	at com.kms.katalon.core.main.TestSuiteExecutor.execute(TestSuiteExecutor.java:91)
	at com.kms.katalon.core.main.TestCaseMain.startTestSuite(TestCaseMain.java:157)
	at com.kms.katalon.core.main.TestCaseMain$startTestSuite$0.call(Unknown Source)
	at TempTestSuite1580385341239.run(TempTestSuite1580385341239.groovy:36)
Caused by: com.kms.katalon.core.exception.StepFailedException: com.kms.katalon.core.webui.exception.WebElementNotFoundException: Web element with id: 'Object Repository/Problem z polem Imię' located by 'By.xpath: /html/body/center/table/tbody/tr/td/table[2]/tbody/tr/td/table/tbody/tr/td[2]/form/table[1]/tbody/tr[1]/td/p' not found
	at com.kms.katalon.core.webui.keyword.internal.WebUIKeywordMain.stepFailed(WebUIKeywordMain.groovy:64)
	at com.kms.katalon.core.webui.keyword.builtin.VerifyElementPresentKeyword$_verifyElementPresent_closure1.doCall(VerifyElementPresentKeyword.groovy:85)
	at com.kms.katalon.core.webui.keyword.builtin.VerifyElementPresentKeyword$_verifyElementPresent_closure1.call(VerifyElementPresentKeyword.groovy)
	at com.kms.katalon.core.webui.keyword.internal.WebUIKeywordMain.runKeyword(WebUIKeywordMain.groovy:20)
	... 19 more


2020-01-30 12:56:20 - [TEST_STEP][PASSED] - RN = Math.random() * 10000000: null

2020-01-30 12:56:20 - [TEST_STEP][PASSED] - openBrowser("https://www.google.com/"): Browser is opened with url: 'https://www.google.com/'

2020-01-30 12:56:20 - [MESSAGE][INFO] - Starting 'Firefox' driver

2020-01-30 12:56:25 - [MESSAGE][PASSED] - Browser is opened with url: 'https://www.google.com/'

2020-01-30 12:56:25 - [TEST_STEP][PASSED] - driver = getWebDriver(): null

2020-01-30 12:56:25 - [TEST_STEP][PASSED] - baseUrl = "https://www.google.com/": null

2020-01-30 12:56:25 - [TEST_STEP][PASSED] - selenium = new com.thoughtworks.selenium.webdriven.WebDriverBackedSelenium(driver, baseUrl): null

2020-01-30 12:56:25 - [TEST_STEP][PASSED] - selenium.open("https://guitarcenter.pl/catalog/logreg.php"): null

2020-01-30 12:56:27 - [TEST_STEP][PASSED] - selenium.click("id=firstname"): null

2020-01-30 12:56:28 - [TEST_STEP][PASSED] - selenium.type("id=firstname", "Ma123"): null

2020-01-30 12:56:28 - [TEST_STEP][PASSED] - selenium.type("id=lastname", "Nowak"): null

2020-01-30 12:56:28 - [TEST_STEP][PASSED] - selenium.type("id=email_address", "mareknowak+" + RN + "@gmail.com"): null

2020-01-30 12:56:28 - [TEST_STEP][PASSED] - selenium.type("id=telephone", "123852951"): null

2020-01-30 12:56:28 - [TEST_STEP][PASSED] - selenium.type("id=password", "marek123"): null

2020-01-30 12:56:28 - [TEST_STEP][PASSED] - selenium.type("id=password_confirmation", "marek123"): null

2020-01-30 12:56:28 - [TEST_STEP][PASSED] - selenium.click("id=regulamin"): null

2020-01-30 12:56:28 - [TEST_STEP][PASSED] - selenium.click("xpath=(//input[@value=''])[12]"): null

2020-01-30 12:56:29 - [TEST_STEP][FAILED] - verifyElementPresent(findTestObject("Problem z polem Imię"), 5): Unable to verify object 'Object Repository/Problem z polem Imię' is present (Root cause: com.kms.katalon.core.exception.StepFailedException: Unable to verify object 'Object Repository/Problem z polem Imię' is present
	at com.kms.katalon.core.webui.keyword.internal.WebUIKeywordMain.stepFailed(WebUIKeywordMain.groovy:64)
	at com.kms.katalon.core.webui.keyword.internal.WebUIKeywordMain.runKeyword(WebUIKeywordMain.groovy:26)
	at com.kms.katalon.core.webui.keyword.builtin.VerifyElementPresentKeyword.verifyElementPresent(VerifyElementPresentKeyword.groovy:92)
	at com.kms.katalon.core.webui.keyword.builtin.VerifyElementPresentKeyword.execute(VerifyElementPresentKeyword.groovy:68)
	at com.kms.katalon.core.keyword.internal.KeywordExecutor.executeKeywordForPlatform(KeywordExecutor.groovy:72)
	at com.kms.katalon.core.webui.keyword.WebUiBuiltInKeywords.verifyElementPresent(WebUiBuiltInKeywords.groovy:1434)
	at com.kms.katalon.core.webui.keyword.WebUiBuiltInKeywords$verifyElementPresent$0.call(Unknown Source)
	at GC.FR.3.2.run(GC.FR.3.2:73)
	at com.kms.katalon.core.main.ScriptEngine.run(ScriptEngine.java:194)
	at com.kms.katalon.core.main.ScriptEngine.runScriptAsRawText(ScriptEngine.java:119)
	at com.kms.katalon.core.main.TestCaseExecutor.runScript(TestCaseExecutor.java:337)
	at com.kms.katalon.core.main.TestCaseExecutor.doExecute(TestCaseExecutor.java:328)
	at com.kms.katalon.core.main.TestCaseExecutor.processExecutionPhase(TestCaseExecutor.java:307)
	at com.kms.katalon.core.main.TestCaseExecutor.accessMainPhase(TestCaseExecutor.java:299)
	at com.kms.katalon.core.main.TestCaseExecutor.execute(TestCaseExecutor.java:233)
	at com.kms.katalon.core.main.TestSuiteExecutor.accessTestCaseMainPhase(TestSuiteExecutor.java:169)
	at com.kms.katalon.core.main.TestSuiteExecutor.accessTestSuiteMainPhase(TestSuiteExecutor.java:142)
	at com.kms.katalon.core.main.TestSuiteExecutor.execute(TestSuiteExecutor.java:91)
	at com.kms.katalon.core.main.TestCaseMain.startTestSuite(TestCaseMain.java:157)
	at com.kms.katalon.core.main.TestCaseMain$startTestSuite$0.call(Unknown Source)
	at TempTestSuite1580385341239.run(TempTestSuite1580385341239.groovy:36)
Caused by: com.kms.katalon.core.exception.StepFailedException: com.kms.katalon.core.webui.exception.WebElementNotFoundException: Web element with id: 'Object Repository/Problem z polem Imię' located by 'By.xpath: /html/body/center/table/tbody/tr/td/table[2]/tbody/tr/td/table/tbody/tr/td[2]/form/table[1]/tbody/tr[1]/td/p' not found
	at com.kms.katalon.core.webui.keyword.internal.WebUIKeywordMain.stepFailed(WebUIKeywordMain.groovy:64)
	at com.kms.katalon.core.webui.keyword.builtin.VerifyElementPresentKeyword$_verifyElementPresent_closure1.doCall(VerifyElementPresentKeyword.groovy:85)
	at com.kms.katalon.core.webui.keyword.builtin.VerifyElementPresentKeyword$_verifyElementPresent_closure1.call(VerifyElementPresentKeyword.groovy)
	at com.kms.katalon.core.webui.keyword.internal.WebUIKeywordMain.runKeyword(WebUIKeywordMain.groovy:20)
	... 19 more
)

2020-01-30 12:56:37 - [MESSAGE][INFO] - Unable to find the element located by 'By.xpath: /html/body/center/table/tbody/tr/td/table[2]/tbody/tr/td/table/tbody/tr/td[2]/form/table[1]/tbody/tr[1]/td/p'. Please recheck the objects properties to make sure the desired element is located. 

2020-01-30 12:56:37 - [MESSAGE][INFO] - [SMART_XPATH] Auto-trying out other XPath values in the test object.

2020-01-30 12:56:37 - [MESSAGE][INFO] - [SMART_XPATH] No working XPath is found.

2020-01-30 12:56:37 - [MESSAGE][FAILED] - com.kms.katalon.core.webui.exception.WebElementNotFoundException: Web element with id: 'Object Repository/Problem z polem Imię' located by 'By.xpath: /html/body/center/table/tbody/tr/td/table[2]/tbody/tr/td/table/tbody/tr/td[2]/form/table[1]/tbody/tr[1]/td/p' not found (Root cause: com.kms.katalon.core.exception.StepFailedException: com.kms.katalon.core.webui.exception.WebElementNotFoundException: Web element with id: 'Object Repository/Problem z polem Imię' located by 'By.xpath: /html/body/center/table/tbody/tr/td/table[2]/tbody/tr/td/table/tbody/tr/td[2]/form/table[1]/tbody/tr[1]/td/p' not found
	at com.kms.katalon.core.webui.keyword.internal.WebUIKeywordMain.stepFailed(WebUIKeywordMain.groovy:64)
	at com.kms.katalon.core.webui.keyword.builtin.VerifyElementPresentKeyword$_verifyElementPresent_closure1.doCall(VerifyElementPresentKeyword.groovy:85)
	at com.kms.katalon.core.webui.keyword.builtin.VerifyElementPresentKeyword$_verifyElementPresent_closure1.call(VerifyElementPresentKeyword.groovy)
	at com.kms.katalon.core.webui.keyword.internal.WebUIKeywordMain.runKeyword(WebUIKeywordMain.groovy:20)
	at com.kms.katalon.core.webui.keyword.builtin.VerifyElementPresentKeyword.verifyElementPresent(VerifyElementPresentKeyword.groovy:92)
	at com.kms.katalon.core.webui.keyword.builtin.VerifyElementPresentKeyword.execute(VerifyElementPresentKeyword.groovy:68)
	at com.kms.katalon.core.keyword.internal.KeywordExecutor.executeKeywordForPlatform(KeywordExecutor.groovy:72)
	at com.kms.katalon.core.webui.keyword.WebUiBuiltInKeywords.verifyElementPresent(WebUiBuiltInKeywords.groovy:1434)
	at com.kms.katalon.core.webui.keyword.WebUiBuiltInKeywords$verifyElementPresent$0.call(Unknown Source)
	at GC.FR.3.2.run(GC.FR.3.2:73)
	at com.kms.katalon.core.main.ScriptEngine.run(ScriptEngine.java:194)
	at com.kms.katalon.core.main.ScriptEngine.runScriptAsRawText(ScriptEngine.java:119)
	at com.kms.katalon.core.main.TestCaseExecutor.runScript(TestCaseExecutor.java:337)
	at com.kms.katalon.core.main.TestCaseExecutor.doExecute(TestCaseExecutor.java:328)
	at com.kms.katalon.core.main.TestCaseExecutor.processExecutionPhase(TestCaseExecutor.java:307)
	at com.kms.katalon.core.main.TestCaseExecutor.accessMainPhase(TestCaseExecutor.java:299)
	at com.kms.katalon.core.main.TestCaseExecutor.execute(TestCaseExecutor.java:233)
	at com.kms.katalon.core.main.TestSuiteExecutor.accessTestCaseMainPhase(TestSuiteExecutor.java:169)
	at com.kms.katalon.core.main.TestSuiteExecutor.accessTestSuiteMainPhase(TestSuiteExecutor.java:142)
	at com.kms.katalon.core.main.TestSuiteExecutor.execute(TestSuiteExecutor.java:91)
	at com.kms.katalon.core.main.TestCaseMain.startTestSuite(TestCaseMain.java:157)
	at com.kms.katalon.core.main.TestCaseMain$startTestSuite$0.call(Unknown Source)
	at TempTestSuite1580385341239.run(TempTestSuite1580385341239.groovy:36)
)
[[ATTACHMENT|C:\\Users\\Tomek\\Katalon Studio\\GC.FR\\Reports\\20200130_125541\\GuitarCenter Formularz Rejestracji\\20200130_125541\\1580385397203.png]]

2020-01-30 12:56:37 - [MESSAGE][FAILED] - Unable to verify object 'Object Repository/Problem z polem Imię' is present (Root cause: com.kms.katalon.core.exception.StepFailedException: Unable to verify object 'Object Repository/Problem z polem Imię' is present
	at com.kms.katalon.core.webui.keyword.internal.WebUIKeywordMain.stepFailed(WebUIKeywordMain.groovy:64)
	at com.kms.katalon.core.webui.keyword.internal.WebUIKeywordMain.runKeyword(WebUIKeywordMain.groovy:26)
	at com.kms.katalon.core.webui.keyword.builtin.VerifyElementPresentKeyword.verifyElementPresent(VerifyElementPresentKeyword.groovy:92)
	at com.kms.katalon.core.webui.keyword.builtin.VerifyElementPresentKeyword.execute(VerifyElementPresentKeyword.groovy:68)
	at com.kms.katalon.core.keyword.internal.KeywordExecutor.executeKeywordForPlatform(KeywordExecutor.groovy:72)
	at com.kms.katalon.core.webui.keyword.WebUiBuiltInKeywords.verifyElementPresent(WebUiBuiltInKeywords.groovy:1434)
	at com.kms.katalon.core.webui.keyword.WebUiBuiltInKeywords$verifyElementPresent$0.call(Unknown Source)
	at GC.FR.3.2.run(GC.FR.3.2:73)
	at com.kms.katalon.core.main.ScriptEngine.run(ScriptEngine.java:194)
	at com.kms.katalon.core.main.ScriptEngine.runScriptAsRawText(ScriptEngine.java:119)
	at com.kms.katalon.core.main.TestCaseExecutor.runScript(TestCaseExecutor.java:337)
	at com.kms.katalon.core.main.TestCaseExecutor.doExecute(TestCaseExecutor.java:328)
	at com.kms.katalon.core.main.TestCaseExecutor.processExecutionPhase(TestCaseExecutor.java:307)
	at com.kms.katalon.core.main.TestCaseExecutor.accessMainPhase(TestCaseExecutor.java:299)
	at com.kms.katalon.core.main.TestCaseExecutor.execute(TestCaseExecutor.java:233)
	at com.kms.katalon.core.main.TestSuiteExecutor.accessTestCaseMainPhase(TestSuiteExecutor.java:169)
	at com.kms.katalon.core.main.TestSuiteExecutor.accessTestSuiteMainPhase(TestSuiteExecutor.java:142)
	at com.kms.katalon.core.main.TestSuiteExecutor.execute(TestSuiteExecutor.java:91)
	at com.kms.katalon.core.main.TestCaseMain.startTestSuite(TestCaseMain.java:157)
	at com.kms.katalon.core.main.TestCaseMain$startTestSuite$0.call(Unknown Source)
	at TempTestSuite1580385341239.run(TempTestSuite1580385341239.groovy:36)
Caused by: com.kms.katalon.core.exception.StepFailedException: com.kms.katalon.core.webui.exception.WebElementNotFoundException: Web element with id: 'Object Repository/Problem z polem Imię' located by 'By.xpath: /html/body/center/table/tbody/tr/td/table[2]/tbody/tr/td/table/tbody/tr/td[2]/form/table[1]/tbody/tr[1]/td/p' not found
	at com.kms.katalon.core.webui.keyword.internal.WebUIKeywordMain.stepFailed(WebUIKeywordMain.groovy:64)
	at com.kms.katalon.core.webui.keyword.builtin.VerifyElementPresentKeyword$_verifyElementPresent_closure1.doCall(VerifyElementPresentKeyword.groovy:85)
	at com.kms.katalon.core.webui.keyword.builtin.VerifyElementPresentKeyword$_verifyElementPresent_closure1.call(VerifyElementPresentKeyword.groovy)
	at com.kms.katalon.core.webui.keyword.internal.WebUIKeywordMain.runKeyword(WebUIKeywordMain.groovy:20)
	... 19 more
)
[[ATTACHMENT|C:\\Users\\Tomek\\Katalon Studio\\GC.FR\\Reports\\20200130_125541\\GuitarCenter Formularz Rejestracji\\20200130_125541\\1580385397384.png]]]]></system-out>
         <system-err><![CDATA[2020-01-30 12:56:19 - [TEST_CASE][FAILED] - Test Cases/GC.FR.3.2: Test Cases/GC.FR.3.2 FAILED.
Reason:
com.kms.katalon.core.exception.StepFailedException: Unable to verify object 'Object Repository/Problem z polem Imię' is present
	at com.kms.katalon.core.webui.keyword.internal.WebUIKeywordMain.stepFailed(WebUIKeywordMain.groovy:64)
	at com.kms.katalon.core.webui.keyword.internal.WebUIKeywordMain.runKeyword(WebUIKeywordMain.groovy:26)
	at com.kms.katalon.core.webui.keyword.builtin.VerifyElementPresentKeyword.verifyElementPresent(VerifyElementPresentKeyword.groovy:92)
	at com.kms.katalon.core.webui.keyword.builtin.VerifyElementPresentKeyword.execute(VerifyElementPresentKeyword.groovy:68)
	at com.kms.katalon.core.keyword.internal.KeywordExecutor.executeKeywordForPlatform(KeywordExecutor.groovy:72)
	at com.kms.katalon.core.webui.keyword.WebUiBuiltInKeywords.verifyElementPresent(WebUiBuiltInKeywords.groovy:1434)
	at com.kms.katalon.core.webui.keyword.WebUiBuiltInKeywords$verifyElementPresent$0.call(Unknown Source)
	at GC.FR.3.2.run(GC.FR.3.2:73)
	at com.kms.katalon.core.main.ScriptEngine.run(ScriptEngine.java:194)
	at com.kms.katalon.core.main.ScriptEngine.runScriptAsRawText(ScriptEngine.java:119)
	at com.kms.katalon.core.main.TestCaseExecutor.runScript(TestCaseExecutor.java:337)
	at com.kms.katalon.core.main.TestCaseExecutor.doExecute(TestCaseExecutor.java:328)
	at com.kms.katalon.core.main.TestCaseExecutor.processExecutionPhase(TestCaseExecutor.java:307)
	at com.kms.katalon.core.main.TestCaseExecutor.accessMainPhase(TestCaseExecutor.java:299)
	at com.kms.katalon.core.main.TestCaseExecutor.execute(TestCaseExecutor.java:233)
	at com.kms.katalon.core.main.TestSuiteExecutor.accessTestCaseMainPhase(TestSuiteExecutor.java:169)
	at com.kms.katalon.core.main.TestSuiteExecutor.accessTestSuiteMainPhase(TestSuiteExecutor.java:142)
	at com.kms.katalon.core.main.TestSuiteExecutor.execute(TestSuiteExecutor.java:91)
	at com.kms.katalon.core.main.TestCaseMain.startTestSuite(TestCaseMain.java:157)
	at com.kms.katalon.core.main.TestCaseMain$startTestSuite$0.call(Unknown Source)
	at TempTestSuite1580385341239.run(TempTestSuite1580385341239.groovy:36)
Caused by: com.kms.katalon.core.exception.StepFailedException: com.kms.katalon.core.webui.exception.WebElementNotFoundException: Web element with id: 'Object Repository/Problem z polem Imię' located by 'By.xpath: /html/body/center/table/tbody/tr/td/table[2]/tbody/tr/td/table/tbody/tr/td[2]/form/table[1]/tbody/tr[1]/td/p' not found
	at com.kms.katalon.core.webui.keyword.internal.WebUIKeywordMain.stepFailed(WebUIKeywordMain.groovy:64)
	at com.kms.katalon.core.webui.keyword.builtin.VerifyElementPresentKeyword$_verifyElementPresent_closure1.doCall(VerifyElementPresentKeyword.groovy:85)
	at com.kms.katalon.core.webui.keyword.builtin.VerifyElementPresentKeyword$_verifyElementPresent_closure1.call(VerifyElementPresentKeyword.groovy)
	at com.kms.katalon.core.webui.keyword.internal.WebUIKeywordMain.runKeyword(WebUIKeywordMain.groovy:20)
	... 19 more]]></system-err>
      </testcase>
      <testcase name="Test Cases/GC.FR.4.1" time="14.119" classname="Test Cases/GC.FR.4.1" status="PASSED">
         <system-out><![CDATA[2020-01-30 12:56:37 - [TEST_CASE][PASSED] - Test Cases/GC.FR.4.1: Test Cases/GC.FR.4.1

2020-01-30 12:56:37 - [TEST_STEP][PASSED] - RN = Math.random() * 10000000: null

2020-01-30 12:56:37 - [TEST_STEP][PASSED] - openBrowser("https://www.google.com/"): Browser is opened with url: 'https://www.google.com/'

2020-01-30 12:56:37 - [MESSAGE][WARNING] - A browser is already opened. Closing browser and opening a new one

2020-01-30 12:56:39 - [MESSAGE][INFO] - Starting 'Firefox' driver

2020-01-30 12:56:44 - [MESSAGE][PASSED] - Browser is opened with url: 'https://www.google.com/'

2020-01-30 12:56:44 - [TEST_STEP][PASSED] - driver = getWebDriver(): null

2020-01-30 12:56:44 - [TEST_STEP][PASSED] - baseUrl = "https://www.google.com/": null

2020-01-30 12:56:44 - [TEST_STEP][PASSED] - selenium = new com.thoughtworks.selenium.webdriven.WebDriverBackedSelenium(driver, baseUrl): null

2020-01-30 12:56:44 - [TEST_STEP][PASSED] - selenium.open("https://guitarcenter.pl/catalog/logreg.php"): null

2020-01-30 12:56:48 - [TEST_STEP][PASSED] - selenium.click("id=firstname"): null

2020-01-30 12:56:48 - [TEST_STEP][PASSED] - selenium.type("id=firstname", "Marek"): null

2020-01-30 12:56:48 - [TEST_STEP][PASSED] - selenium.type("id=lastname", "N"): null

2020-01-30 12:56:48 - [TEST_STEP][PASSED] - selenium.type("id=email_address", "mareknowak+" + RN + "@gmail.com"): null

2020-01-30 12:56:48 - [TEST_STEP][PASSED] - selenium.type("id=telephone", "123852951"): null

2020-01-30 12:56:49 - [TEST_STEP][PASSED] - selenium.type("id=password", "marek123"): null

2020-01-30 12:56:49 - [TEST_STEP][PASSED] - selenium.type("id=password_confirmation", "marek123"): null

2020-01-30 12:56:49 - [TEST_STEP][PASSED] - selenium.click("id=regulamin"): null

2020-01-30 12:56:49 - [TEST_STEP][PASSED] - selenium.click("xpath=(//input[@value=''])[12]"): null

2020-01-30 12:56:50 - [TEST_STEP][PASSED] - verifyElementPresent(findTestObject("Problem z polem Nazwisko"), 5): Object 'Object Repository/Problem z polem Nazwisko' is present

2020-01-30 12:56:50 - [MESSAGE][PASSED] - Object 'Object Repository/Problem z polem Nazwisko' is present

2020-01-30 12:56:50 - [TEST_STEP][PASSED] - closeBrowser(): Browser is closed

2020-01-30 12:56:51 - [MESSAGE][PASSED] - Browser is closed]]></system-out>
         <system-err><![CDATA[]]></system-err>
      </testcase>
      <testcase name="Test Cases/GC.FR.4.2" time="18.317" classname="Test Cases/GC.FR.4.2" status="FAILED">
         <failure type="FAILED" message="Test Cases/GC.FR.4.2 FAILED.
Reason:
com.kms.katalon.core.exception.StepFailedException: Unable to verify object 'Object Repository/Problem z polem Nazwisko' is present
	at com.kms.katalon.core.webui.keyword.internal.WebUIKeywordMain.stepFailed(WebUIKeywordMain.groovy:64)
	at com.kms.katalon.core.webui.keyword.internal.WebUIKeywordMain.runKeyword(WebUIKeywordMain.groovy:26)
	at com.kms.katalon.core.webui.keyword.builtin.VerifyElementPresentKeyword.verifyElementPresent(VerifyElementPresentKeyword.groovy:92)
	at com.kms.katalon.core.webui.keyword.builtin.VerifyElementPresentKeyword.execute(VerifyElementPresentKeyword.groovy:68)
	at com.kms.katalon.core.keyword.internal.KeywordExecutor.executeKeywordForPlatform(KeywordExecutor.groovy:72)
	at com.kms.katalon.core.webui.keyword.WebUiBuiltInKeywords.verifyElementPresent(WebUiBuiltInKeywords.groovy:1434)
	at com.kms.katalon.core.webui.keyword.WebUiBuiltInKeywords$verifyElementPresent$0.call(Unknown Source)
	at GC.FR.4.2.run(GC.FR.4.2:73)
	at com.kms.katalon.core.main.ScriptEngine.run(ScriptEngine.java:194)
	at com.kms.katalon.core.main.ScriptEngine.runScriptAsRawText(ScriptEngine.java:119)
	at com.kms.katalon.core.main.TestCaseExecutor.runScript(TestCaseExecutor.java:337)
	at com.kms.katalon.core.main.TestCaseExecutor.doExecute(TestCaseExecutor.java:328)
	at com.kms.katalon.core.main.TestCaseExecutor.processExecutionPhase(TestCaseExecutor.java:307)
	at com.kms.katalon.core.main.TestCaseExecutor.accessMainPhase(TestCaseExecutor.java:299)
	at com.kms.katalon.core.main.TestCaseExecutor.execute(TestCaseExecutor.java:233)
	at com.kms.katalon.core.main.TestSuiteExecutor.accessTestCaseMainPhase(TestSuiteExecutor.java:169)
	at com.kms.katalon.core.main.TestSuiteExecutor.accessTestSuiteMainPhase(TestSuiteExecutor.java:142)
	at com.kms.katalon.core.main.TestSuiteExecutor.execute(TestSuiteExecutor.java:91)
	at com.kms.katalon.core.main.TestCaseMain.startTestSuite(TestCaseMain.java:157)
	at com.kms.katalon.core.main.TestCaseMain$startTestSuite$0.call(Unknown Source)
	at TempTestSuite1580385341239.run(TempTestSuite1580385341239.groovy:36)
Caused by: com.kms.katalon.core.exception.StepFailedException: com.kms.katalon.core.webui.exception.WebElementNotFoundException: Web element with id: 'Object Repository/Problem z polem Nazwisko' located by 'By.xpath: /html/body/center/table/tbody/tr/td/table[2]/tbody/tr/td/table/tbody/tr/td[2]/form/table[1]/tbody/tr[2]/td/p' not found
	at com.kms.katalon.core.webui.keyword.internal.WebUIKeywordMain.stepFailed(WebUIKeywordMain.groovy:64)
	at com.kms.katalon.core.webui.keyword.builtin.VerifyElementPresentKeyword$_verifyElementPresent_closure1.doCall(VerifyElementPresentKeyword.groovy:85)
	at com.kms.katalon.core.webui.keyword.builtin.VerifyElementPresentKeyword$_verifyElementPresent_closure1.call(VerifyElementPresentKeyword.groovy)
	at com.kms.katalon.core.webui.keyword.internal.WebUIKeywordMain.runKeyword(WebUIKeywordMain.groovy:20)
	... 19 more
"/>
         <system-out><![CDATA[2020-01-30 12:56:51 - [TEST_CASE][FAILED] - Test Cases/GC.FR.4.2: Test Cases/GC.FR.4.2 FAILED.
Reason:
com.kms.katalon.core.exception.StepFailedException: Unable to verify object 'Object Repository/Problem z polem Nazwisko' is present
	at com.kms.katalon.core.webui.keyword.internal.WebUIKeywordMain.stepFailed(WebUIKeywordMain.groovy:64)
	at com.kms.katalon.core.webui.keyword.internal.WebUIKeywordMain.runKeyword(WebUIKeywordMain.groovy:26)
	at com.kms.katalon.core.webui.keyword.builtin.VerifyElementPresentKeyword.verifyElementPresent(VerifyElementPresentKeyword.groovy:92)
	at com.kms.katalon.core.webui.keyword.builtin.VerifyElementPresentKeyword.execute(VerifyElementPresentKeyword.groovy:68)
	at com.kms.katalon.core.keyword.internal.KeywordExecutor.executeKeywordForPlatform(KeywordExecutor.groovy:72)
	at com.kms.katalon.core.webui.keyword.WebUiBuiltInKeywords.verifyElementPresent(WebUiBuiltInKeywords.groovy:1434)
	at com.kms.katalon.core.webui.keyword.WebUiBuiltInKeywords$verifyElementPresent$0.call(Unknown Source)
	at GC.FR.4.2.run(GC.FR.4.2:73)
	at com.kms.katalon.core.main.ScriptEngine.run(ScriptEngine.java:194)
	at com.kms.katalon.core.main.ScriptEngine.runScriptAsRawText(ScriptEngine.java:119)
	at com.kms.katalon.core.main.TestCaseExecutor.runScript(TestCaseExecutor.java:337)
	at com.kms.katalon.core.main.TestCaseExecutor.doExecute(TestCaseExecutor.java:328)
	at com.kms.katalon.core.main.TestCaseExecutor.processExecutionPhase(TestCaseExecutor.java:307)
	at com.kms.katalon.core.main.TestCaseExecutor.accessMainPhase(TestCaseExecutor.java:299)
	at com.kms.katalon.core.main.TestCaseExecutor.execute(TestCaseExecutor.java:233)
	at com.kms.katalon.core.main.TestSuiteExecutor.accessTestCaseMainPhase(TestSuiteExecutor.java:169)
	at com.kms.katalon.core.main.TestSuiteExecutor.accessTestSuiteMainPhase(TestSuiteExecutor.java:142)
	at com.kms.katalon.core.main.TestSuiteExecutor.execute(TestSuiteExecutor.java:91)
	at com.kms.katalon.core.main.TestCaseMain.startTestSuite(TestCaseMain.java:157)
	at com.kms.katalon.core.main.TestCaseMain$startTestSuite$0.call(Unknown Source)
	at TempTestSuite1580385341239.run(TempTestSuite1580385341239.groovy:36)
Caused by: com.kms.katalon.core.exception.StepFailedException: com.kms.katalon.core.webui.exception.WebElementNotFoundException: Web element with id: 'Object Repository/Problem z polem Nazwisko' located by 'By.xpath: /html/body/center/table/tbody/tr/td/table[2]/tbody/tr/td/table/tbody/tr/td[2]/form/table[1]/tbody/tr[2]/td/p' not found
	at com.kms.katalon.core.webui.keyword.internal.WebUIKeywordMain.stepFailed(WebUIKeywordMain.groovy:64)
	at com.kms.katalon.core.webui.keyword.builtin.VerifyElementPresentKeyword$_verifyElementPresent_closure1.doCall(VerifyElementPresentKeyword.groovy:85)
	at com.kms.katalon.core.webui.keyword.builtin.VerifyElementPresentKeyword$_verifyElementPresent_closure1.call(VerifyElementPresentKeyword.groovy)
	at com.kms.katalon.core.webui.keyword.internal.WebUIKeywordMain.runKeyword(WebUIKeywordMain.groovy:20)
	... 19 more


2020-01-30 12:56:51 - [TEST_STEP][PASSED] - RN = Math.random() * 10000000: null

2020-01-30 12:56:51 - [TEST_STEP][PASSED] - openBrowser("https://www.google.com/"): Browser is opened with url: 'https://www.google.com/'

2020-01-30 12:56:51 - [MESSAGE][INFO] - Starting 'Firefox' driver

2020-01-30 12:56:57 - [MESSAGE][PASSED] - Browser is opened with url: 'https://www.google.com/'

2020-01-30 12:56:57 - [TEST_STEP][PASSED] - driver = getWebDriver(): null

2020-01-30 12:56:57 - [TEST_STEP][PASSED] - baseUrl = "https://www.google.com/": null

2020-01-30 12:56:57 - [TEST_STEP][PASSED] - selenium = new com.thoughtworks.selenium.webdriven.WebDriverBackedSelenium(driver, baseUrl): null

2020-01-30 12:56:57 - [TEST_STEP][PASSED] - selenium.open("https://guitarcenter.pl/catalog/logreg.php"): null

2020-01-30 12:57:00 - [TEST_STEP][PASSED] - selenium.click("id=firstname"): null

2020-01-30 12:57:00 - [TEST_STEP][PASSED] - selenium.type("id=firstname", "Marek"): null

2020-01-30 12:57:00 - [TEST_STEP][PASSED] - selenium.type("id=lastname", "N!@#"): null

2020-01-30 12:57:00 - [TEST_STEP][PASSED] - selenium.type("id=email_address", "mareknowak+" + RN + "@gmail.com"): null

2020-01-30 12:57:00 - [TEST_STEP][PASSED] - selenium.type("id=telephone", "123852951"): null

2020-01-30 12:57:00 - [TEST_STEP][PASSED] - selenium.type("id=password", "marek123"): null

2020-01-30 12:57:00 - [TEST_STEP][PASSED] - selenium.type("id=password_confirmation", "marek123"): null

2020-01-30 12:57:01 - [TEST_STEP][PASSED] - selenium.click("id=regulamin"): null

2020-01-30 12:57:01 - [TEST_STEP][PASSED] - selenium.click("xpath=(//input[@value=''])[12]"): null

2020-01-30 12:57:02 - [TEST_STEP][FAILED] - verifyElementPresent(findTestObject("Problem z polem Nazwisko"), 5): Unable to verify object 'Object Repository/Problem z polem Nazwisko' is present (Root cause: com.kms.katalon.core.exception.StepFailedException: Unable to verify object 'Object Repository/Problem z polem Nazwisko' is present
	at com.kms.katalon.core.webui.keyword.internal.WebUIKeywordMain.stepFailed(WebUIKeywordMain.groovy:64)
	at com.kms.katalon.core.webui.keyword.internal.WebUIKeywordMain.runKeyword(WebUIKeywordMain.groovy:26)
	at com.kms.katalon.core.webui.keyword.builtin.VerifyElementPresentKeyword.verifyElementPresent(VerifyElementPresentKeyword.groovy:92)
	at com.kms.katalon.core.webui.keyword.builtin.VerifyElementPresentKeyword.execute(VerifyElementPresentKeyword.groovy:68)
	at com.kms.katalon.core.keyword.internal.KeywordExecutor.executeKeywordForPlatform(KeywordExecutor.groovy:72)
	at com.kms.katalon.core.webui.keyword.WebUiBuiltInKeywords.verifyElementPresent(WebUiBuiltInKeywords.groovy:1434)
	at com.kms.katalon.core.webui.keyword.WebUiBuiltInKeywords$verifyElementPresent$0.call(Unknown Source)
	at GC.FR.4.2.run(GC.FR.4.2:73)
	at com.kms.katalon.core.main.ScriptEngine.run(ScriptEngine.java:194)
	at com.kms.katalon.core.main.ScriptEngine.runScriptAsRawText(ScriptEngine.java:119)
	at com.kms.katalon.core.main.TestCaseExecutor.runScript(TestCaseExecutor.java:337)
	at com.kms.katalon.core.main.TestCaseExecutor.doExecute(TestCaseExecutor.java:328)
	at com.kms.katalon.core.main.TestCaseExecutor.processExecutionPhase(TestCaseExecutor.java:307)
	at com.kms.katalon.core.main.TestCaseExecutor.accessMainPhase(TestCaseExecutor.java:299)
	at com.kms.katalon.core.main.TestCaseExecutor.execute(TestCaseExecutor.java:233)
	at com.kms.katalon.core.main.TestSuiteExecutor.accessTestCaseMainPhase(TestSuiteExecutor.java:169)
	at com.kms.katalon.core.main.TestSuiteExecutor.accessTestSuiteMainPhase(TestSuiteExecutor.java:142)
	at com.kms.katalon.core.main.TestSuiteExecutor.execute(TestSuiteExecutor.java:91)
	at com.kms.katalon.core.main.TestCaseMain.startTestSuite(TestCaseMain.java:157)
	at com.kms.katalon.core.main.TestCaseMain$startTestSuite$0.call(Unknown Source)
	at TempTestSuite1580385341239.run(TempTestSuite1580385341239.groovy:36)
Caused by: com.kms.katalon.core.exception.StepFailedException: com.kms.katalon.core.webui.exception.WebElementNotFoundException: Web element with id: 'Object Repository/Problem z polem Nazwisko' located by 'By.xpath: /html/body/center/table/tbody/tr/td/table[2]/tbody/tr/td/table/tbody/tr/td[2]/form/table[1]/tbody/tr[2]/td/p' not found
	at com.kms.katalon.core.webui.keyword.internal.WebUIKeywordMain.stepFailed(WebUIKeywordMain.groovy:64)
	at com.kms.katalon.core.webui.keyword.builtin.VerifyElementPresentKeyword$_verifyElementPresent_closure1.doCall(VerifyElementPresentKeyword.groovy:85)
	at com.kms.katalon.core.webui.keyword.builtin.VerifyElementPresentKeyword$_verifyElementPresent_closure1.call(VerifyElementPresentKeyword.groovy)
	at com.kms.katalon.core.webui.keyword.internal.WebUIKeywordMain.runKeyword(WebUIKeywordMain.groovy:20)
	... 19 more
)

2020-01-30 12:57:09 - [MESSAGE][INFO] - Unable to find the element located by 'By.xpath: /html/body/center/table/tbody/tr/td/table[2]/tbody/tr/td/table/tbody/tr/td[2]/form/table[1]/tbody/tr[2]/td/p'. Please recheck the objects properties to make sure the desired element is located. 

2020-01-30 12:57:09 - [MESSAGE][INFO] - [SMART_XPATH] Auto-trying out other XPath values in the test object.

2020-01-30 12:57:09 - [MESSAGE][INFO] - [SMART_XPATH] No working XPath is found.

2020-01-30 12:57:09 - [MESSAGE][FAILED] - com.kms.katalon.core.webui.exception.WebElementNotFoundException: Web element with id: 'Object Repository/Problem z polem Nazwisko' located by 'By.xpath: /html/body/center/table/tbody/tr/td/table[2]/tbody/tr/td/table/tbody/tr/td[2]/form/table[1]/tbody/tr[2]/td/p' not found (Root cause: com.kms.katalon.core.exception.StepFailedException: com.kms.katalon.core.webui.exception.WebElementNotFoundException: Web element with id: 'Object Repository/Problem z polem Nazwisko' located by 'By.xpath: /html/body/center/table/tbody/tr/td/table[2]/tbody/tr/td/table/tbody/tr/td[2]/form/table[1]/tbody/tr[2]/td/p' not found
	at com.kms.katalon.core.webui.keyword.internal.WebUIKeywordMain.stepFailed(WebUIKeywordMain.groovy:64)
	at com.kms.katalon.core.webui.keyword.builtin.VerifyElementPresentKeyword$_verifyElementPresent_closure1.doCall(VerifyElementPresentKeyword.groovy:85)
	at com.kms.katalon.core.webui.keyword.builtin.VerifyElementPresentKeyword$_verifyElementPresent_closure1.call(VerifyElementPresentKeyword.groovy)
	at com.kms.katalon.core.webui.keyword.internal.WebUIKeywordMain.runKeyword(WebUIKeywordMain.groovy:20)
	at com.kms.katalon.core.webui.keyword.builtin.VerifyElementPresentKeyword.verifyElementPresent(VerifyElementPresentKeyword.groovy:92)
	at com.kms.katalon.core.webui.keyword.builtin.VerifyElementPresentKeyword.execute(VerifyElementPresentKeyword.groovy:68)
	at com.kms.katalon.core.keyword.internal.KeywordExecutor.executeKeywordForPlatform(KeywordExecutor.groovy:72)
	at com.kms.katalon.core.webui.keyword.WebUiBuiltInKeywords.verifyElementPresent(WebUiBuiltInKeywords.groovy:1434)
	at com.kms.katalon.core.webui.keyword.WebUiBuiltInKeywords$verifyElementPresent$0.call(Unknown Source)
	at GC.FR.4.2.run(GC.FR.4.2:73)
	at com.kms.katalon.core.main.ScriptEngine.run(ScriptEngine.java:194)
	at com.kms.katalon.core.main.ScriptEngine.runScriptAsRawText(ScriptEngine.java:119)
	at com.kms.katalon.core.main.TestCaseExecutor.runScript(TestCaseExecutor.java:337)
	at com.kms.katalon.core.main.TestCaseExecutor.doExecute(TestCaseExecutor.java:328)
	at com.kms.katalon.core.main.TestCaseExecutor.processExecutionPhase(TestCaseExecutor.java:307)
	at com.kms.katalon.core.main.TestCaseExecutor.accessMainPhase(TestCaseExecutor.java:299)
	at com.kms.katalon.core.main.TestCaseExecutor.execute(TestCaseExecutor.java:233)
	at com.kms.katalon.core.main.TestSuiteExecutor.accessTestCaseMainPhase(TestSuiteExecutor.java:169)
	at com.kms.katalon.core.main.TestSuiteExecutor.accessTestSuiteMainPhase(TestSuiteExecutor.java:142)
	at com.kms.katalon.core.main.TestSuiteExecutor.execute(TestSuiteExecutor.java:91)
	at com.kms.katalon.core.main.TestCaseMain.startTestSuite(TestCaseMain.java:157)
	at com.kms.katalon.core.main.TestCaseMain$startTestSuite$0.call(Unknown Source)
	at TempTestSuite1580385341239.run(TempTestSuite1580385341239.groovy:36)
)
[[ATTACHMENT|C:\\Users\\Tomek\\Katalon Studio\\GC.FR\\Reports\\20200130_125541\\GuitarCenter Formularz Rejestracji\\20200130_125541\\1580385429691.png]]

2020-01-30 12:57:09 - [MESSAGE][FAILED] - Unable to verify object 'Object Repository/Problem z polem Nazwisko' is present (Root cause: com.kms.katalon.core.exception.StepFailedException: Unable to verify object 'Object Repository/Problem z polem Nazwisko' is present
	at com.kms.katalon.core.webui.keyword.internal.WebUIKeywordMain.stepFailed(WebUIKeywordMain.groovy:64)
	at com.kms.katalon.core.webui.keyword.internal.WebUIKeywordMain.runKeyword(WebUIKeywordMain.groovy:26)
	at com.kms.katalon.core.webui.keyword.builtin.VerifyElementPresentKeyword.verifyElementPresent(VerifyElementPresentKeyword.groovy:92)
	at com.kms.katalon.core.webui.keyword.builtin.VerifyElementPresentKeyword.execute(VerifyElementPresentKeyword.groovy:68)
	at com.kms.katalon.core.keyword.internal.KeywordExecutor.executeKeywordForPlatform(KeywordExecutor.groovy:72)
	at com.kms.katalon.core.webui.keyword.WebUiBuiltInKeywords.verifyElementPresent(WebUiBuiltInKeywords.groovy:1434)
	at com.kms.katalon.core.webui.keyword.WebUiBuiltInKeywords$verifyElementPresent$0.call(Unknown Source)
	at GC.FR.4.2.run(GC.FR.4.2:73)
	at com.kms.katalon.core.main.ScriptEngine.run(ScriptEngine.java:194)
	at com.kms.katalon.core.main.ScriptEngine.runScriptAsRawText(ScriptEngine.java:119)
	at com.kms.katalon.core.main.TestCaseExecutor.runScript(TestCaseExecutor.java:337)
	at com.kms.katalon.core.main.TestCaseExecutor.doExecute(TestCaseExecutor.java:328)
	at com.kms.katalon.core.main.TestCaseExecutor.processExecutionPhase(TestCaseExecutor.java:307)
	at com.kms.katalon.core.main.TestCaseExecutor.accessMainPhase(TestCaseExecutor.java:299)
	at com.kms.katalon.core.main.TestCaseExecutor.execute(TestCaseExecutor.java:233)
	at com.kms.katalon.core.main.TestSuiteExecutor.accessTestCaseMainPhase(TestSuiteExecutor.java:169)
	at com.kms.katalon.core.main.TestSuiteExecutor.accessTestSuiteMainPhase(TestSuiteExecutor.java:142)
	at com.kms.katalon.core.main.TestSuiteExecutor.execute(TestSuiteExecutor.java:91)
	at com.kms.katalon.core.main.TestCaseMain.startTestSuite(TestCaseMain.java:157)
	at com.kms.katalon.core.main.TestCaseMain$startTestSuite$0.call(Unknown Source)
	at TempTestSuite1580385341239.run(TempTestSuite1580385341239.groovy:36)
Caused by: com.kms.katalon.core.exception.StepFailedException: com.kms.katalon.core.webui.exception.WebElementNotFoundException: Web element with id: 'Object Repository/Problem z polem Nazwisko' located by 'By.xpath: /html/body/center/table/tbody/tr/td/table[2]/tbody/tr/td/table/tbody/tr/td[2]/form/table[1]/tbody/tr[2]/td/p' not found
	at com.kms.katalon.core.webui.keyword.internal.WebUIKeywordMain.stepFailed(WebUIKeywordMain.groovy:64)
	at com.kms.katalon.core.webui.keyword.builtin.VerifyElementPresentKeyword$_verifyElementPresent_closure1.doCall(VerifyElementPresentKeyword.groovy:85)
	at com.kms.katalon.core.webui.keyword.builtin.VerifyElementPresentKeyword$_verifyElementPresent_closure1.call(VerifyElementPresentKeyword.groovy)
	at com.kms.katalon.core.webui.keyword.internal.WebUIKeywordMain.runKeyword(WebUIKeywordMain.groovy:20)
	... 19 more
)
[[ATTACHMENT|C:\\Users\\Tomek\\Katalon Studio\\GC.FR\\Reports\\20200130_125541\\GuitarCenter Formularz Rejestracji\\20200130_125541\\1580385429844.png]]]]></system-out>
         <system-err><![CDATA[2020-01-30 12:56:51 - [TEST_CASE][FAILED] - Test Cases/GC.FR.4.2: Test Cases/GC.FR.4.2 FAILED.
Reason:
com.kms.katalon.core.exception.StepFailedException: Unable to verify object 'Object Repository/Problem z polem Nazwisko' is present
	at com.kms.katalon.core.webui.keyword.internal.WebUIKeywordMain.stepFailed(WebUIKeywordMain.groovy:64)
	at com.kms.katalon.core.webui.keyword.internal.WebUIKeywordMain.runKeyword(WebUIKeywordMain.groovy:26)
	at com.kms.katalon.core.webui.keyword.builtin.VerifyElementPresentKeyword.verifyElementPresent(VerifyElementPresentKeyword.groovy:92)
	at com.kms.katalon.core.webui.keyword.builtin.VerifyElementPresentKeyword.execute(VerifyElementPresentKeyword.groovy:68)
	at com.kms.katalon.core.keyword.internal.KeywordExecutor.executeKeywordForPlatform(KeywordExecutor.groovy:72)
	at com.kms.katalon.core.webui.keyword.WebUiBuiltInKeywords.verifyElementPresent(WebUiBuiltInKeywords.groovy:1434)
	at com.kms.katalon.core.webui.keyword.WebUiBuiltInKeywords$verifyElementPresent$0.call(Unknown Source)
	at GC.FR.4.2.run(GC.FR.4.2:73)
	at com.kms.katalon.core.main.ScriptEngine.run(ScriptEngine.java:194)
	at com.kms.katalon.core.main.ScriptEngine.runScriptAsRawText(ScriptEngine.java:119)
	at com.kms.katalon.core.main.TestCaseExecutor.runScript(TestCaseExecutor.java:337)
	at com.kms.katalon.core.main.TestCaseExecutor.doExecute(TestCaseExecutor.java:328)
	at com.kms.katalon.core.main.TestCaseExecutor.processExecutionPhase(TestCaseExecutor.java:307)
	at com.kms.katalon.core.main.TestCaseExecutor.accessMainPhase(TestCaseExecutor.java:299)
	at com.kms.katalon.core.main.TestCaseExecutor.execute(TestCaseExecutor.java:233)
	at com.kms.katalon.core.main.TestSuiteExecutor.accessTestCaseMainPhase(TestSuiteExecutor.java:169)
	at com.kms.katalon.core.main.TestSuiteExecutor.accessTestSuiteMainPhase(TestSuiteExecutor.java:142)
	at com.kms.katalon.core.main.TestSuiteExecutor.execute(TestSuiteExecutor.java:91)
	at com.kms.katalon.core.main.TestCaseMain.startTestSuite(TestCaseMain.java:157)
	at com.kms.katalon.core.main.TestCaseMain$startTestSuite$0.call(Unknown Source)
	at TempTestSuite1580385341239.run(TempTestSuite1580385341239.groovy:36)
Caused by: com.kms.katalon.core.exception.StepFailedException: com.kms.katalon.core.webui.exception.WebElementNotFoundException: Web element with id: 'Object Repository/Problem z polem Nazwisko' located by 'By.xpath: /html/body/center/table/tbody/tr/td/table[2]/tbody/tr/td/table/tbody/tr/td[2]/form/table[1]/tbody/tr[2]/td/p' not found
	at com.kms.katalon.core.webui.keyword.internal.WebUIKeywordMain.stepFailed(WebUIKeywordMain.groovy:64)
	at com.kms.katalon.core.webui.keyword.builtin.VerifyElementPresentKeyword$_verifyElementPresent_closure1.doCall(VerifyElementPresentKeyword.groovy:85)
	at com.kms.katalon.core.webui.keyword.builtin.VerifyElementPresentKeyword$_verifyElementPresent_closure1.call(VerifyElementPresentKeyword.groovy)
	at com.kms.katalon.core.webui.keyword.internal.WebUIKeywordMain.runKeyword(WebUIKeywordMain.groovy:20)
	... 19 more]]></system-err>
      </testcase>
      <testcase name="Test Cases/GC.FR.5.1" time="13.83" classname="Test Cases/GC.FR.5.1" status="PASSED">
         <system-out><![CDATA[2020-01-30 12:57:09 - [TEST_CASE][PASSED] - Test Cases/GC.FR.5.1: Test Cases/GC.FR.5.1

2020-01-30 12:57:10 - [TEST_STEP][PASSED] - RN = Math.random() * 10000000: null

2020-01-30 12:57:10 - [TEST_STEP][PASSED] - openBrowser("https://www.google.com/"): Browser is opened with url: 'https://www.google.com/'

2020-01-30 12:57:10 - [MESSAGE][WARNING] - A browser is already opened. Closing browser and opening a new one

2020-01-30 12:57:11 - [MESSAGE][INFO] - Starting 'Firefox' driver

2020-01-30 12:57:16 - [MESSAGE][PASSED] - Browser is opened with url: 'https://www.google.com/'

2020-01-30 12:57:16 - [TEST_STEP][PASSED] - driver = getWebDriver(): null

2020-01-30 12:57:16 - [TEST_STEP][PASSED] - baseUrl = "https://www.google.com/": null

2020-01-30 12:57:16 - [TEST_STEP][PASSED] - selenium = new com.thoughtworks.selenium.webdriven.WebDriverBackedSelenium(driver, baseUrl): null

2020-01-30 12:57:16 - [TEST_STEP][PASSED] - selenium.open("https://guitarcenter.pl/catalog/logreg.php"): null

2020-01-30 12:57:19 - [TEST_STEP][PASSED] - selenium.click("id=firstname"): null

2020-01-30 12:57:19 - [TEST_STEP][PASSED] - selenium.type("id=firstname", "Marek"): null

2020-01-30 12:57:20 - [TEST_STEP][PASSED] - selenium.type("id=lastname", "Nowak"): null

2020-01-30 12:57:20 - [TEST_STEP][PASSED] - selenium.type("id=email_address", "testowyemail"): null

2020-01-30 12:57:20 - [TEST_STEP][PASSED] - selenium.type("id=telephone", "123852951"): null

2020-01-30 12:57:20 - [TEST_STEP][PASSED] - selenium.type("id=password", "marek123"): null

2020-01-30 12:57:20 - [TEST_STEP][PASSED] - selenium.type("id=password_confirmation", "marek123"): null

2020-01-30 12:57:20 - [TEST_STEP][PASSED] - selenium.click("id=regulamin"): null

2020-01-30 12:57:20 - [TEST_STEP][PASSED] - selenium.click("xpath=(//input[@value=''])[12]"): null

2020-01-30 12:57:22 - [TEST_STEP][PASSED] - verifyElementPresent(findTestObject("Email ma niewłaściwy format"), 5): Object 'Object Repository/Email ma niewłaściwy format' is present

2020-01-30 12:57:22 - [MESSAGE][PASSED] - Object 'Object Repository/Email ma niewłaściwy format' is present

2020-01-30 12:57:22 - [TEST_STEP][PASSED] - closeBrowser(): Browser is closed

2020-01-30 12:57:23 - [MESSAGE][PASSED] - Browser is closed]]></system-out>
         <system-err><![CDATA[]]></system-err>
      </testcase>
      <testcase name="Test Cases/GC.FR.5.2" time="11.652" classname="Test Cases/GC.FR.5.2" status="PASSED">
         <system-out><![CDATA[2020-01-30 12:57:23 - [TEST_CASE][PASSED] - Test Cases/GC.FR.5.2: Test Cases/GC.FR.5.2

2020-01-30 12:57:24 - [TEST_STEP][PASSED] - RN = Math.random() * 10000000: null

2020-01-30 12:57:24 - [TEST_STEP][PASSED] - openBrowser("https://www.google.com/"): Browser is opened with url: 'https://www.google.com/'

2020-01-30 12:57:24 - [MESSAGE][INFO] - Starting 'Firefox' driver

2020-01-30 12:57:29 - [MESSAGE][PASSED] - Browser is opened with url: 'https://www.google.com/'

2020-01-30 12:57:29 - [TEST_STEP][PASSED] - driver = getWebDriver(): null

2020-01-30 12:57:29 - [TEST_STEP][PASSED] - baseUrl = "https://www.google.com/": null

2020-01-30 12:57:29 - [TEST_STEP][PASSED] - selenium = new com.thoughtworks.selenium.webdriven.WebDriverBackedSelenium(driver, baseUrl): null

2020-01-30 12:57:29 - [TEST_STEP][PASSED] - selenium.open("https://guitarcenter.pl/catalog/logreg.php"): null

2020-01-30 12:57:32 - [TEST_STEP][PASSED] - selenium.click("id=firstname"): null

2020-01-30 12:57:32 - [TEST_STEP][PASSED] - selenium.type("id=firstname", "Marek"): null

2020-01-30 12:57:32 - [TEST_STEP][PASSED] - selenium.type("id=lastname", "Nowak"): null

2020-01-30 12:57:32 - [TEST_STEP][PASSED] - selenium.type("id=email_address", "testowyemail@test"): null

2020-01-30 12:57:32 - [TEST_STEP][PASSED] - selenium.type("id=telephone", "123852951"): null

2020-01-30 12:57:32 - [TEST_STEP][PASSED] - selenium.type("id=password", "marek123"): null

2020-01-30 12:57:32 - [TEST_STEP][PASSED] - selenium.type("id=password_confirmation", "marek123"): null

2020-01-30 12:57:32 - [TEST_STEP][PASSED] - selenium.click("id=regulamin"): null

2020-01-30 12:57:33 - [TEST_STEP][PASSED] - selenium.click("xpath=(//input[@value=''])[12]"): null

2020-01-30 12:57:33 - [TEST_STEP][PASSED] - verifyElementPresent(findTestObject("Email ma niewłaściwy format"), 5): Object 'Object Repository/Email ma niewłaściwy format' is present

2020-01-30 12:57:34 - [MESSAGE][PASSED] - Object 'Object Repository/Email ma niewłaściwy format' is present

2020-01-30 12:57:34 - [TEST_STEP][PASSED] - closeBrowser(): Browser is closed

2020-01-30 12:57:35 - [MESSAGE][PASSED] - Browser is closed]]></system-out>
         <system-err><![CDATA[]]></system-err>
      </testcase>
      <testcase name="Test Cases/GC.FR.5.3" time="11.082" classname="Test Cases/GC.FR.5.3" status="PASSED">
         <system-out><![CDATA[2020-01-30 12:57:35 - [TEST_CASE][PASSED] - Test Cases/GC.FR.5.3: Test Cases/GC.FR.5.3

2020-01-30 12:57:35 - [TEST_STEP][PASSED] - RN = Math.random() * 10000000: null

2020-01-30 12:57:35 - [TEST_STEP][PASSED] - openBrowser("https://www.google.com/"): Browser is opened with url: 'https://www.google.com/'

2020-01-30 12:57:35 - [MESSAGE][INFO] - Starting 'Firefox' driver

2020-01-30 12:57:41 - [MESSAGE][PASSED] - Browser is opened with url: 'https://www.google.com/'

2020-01-30 12:57:41 - [TEST_STEP][PASSED] - driver = getWebDriver(): null

2020-01-30 12:57:41 - [TEST_STEP][PASSED] - baseUrl = "https://www.google.com/": null

2020-01-30 12:57:41 - [TEST_STEP][PASSED] - selenium = new com.thoughtworks.selenium.webdriven.WebDriverBackedSelenium(driver, baseUrl): null

2020-01-30 12:57:41 - [TEST_STEP][PASSED] - selenium.open("https://guitarcenter.pl/catalog/logreg.php"): null

2020-01-30 12:57:43 - [TEST_STEP][PASSED] - selenium.click("id=firstname"): null

2020-01-30 12:57:43 - [TEST_STEP][PASSED] - selenium.type("id=firstname", "Marek"): null

2020-01-30 12:57:43 - [TEST_STEP][PASSED] - selenium.type("id=lastname", "Nowak"): null

2020-01-30 12:57:43 - [TEST_STEP][PASSED] - selenium.type("id=email_address", "test.pl"): null

2020-01-30 12:57:43 - [TEST_STEP][PASSED] - selenium.type("id=telephone", "123852951"): null

2020-01-30 12:57:43 - [TEST_STEP][PASSED] - selenium.type("id=password", "marek123"): null

2020-01-30 12:57:43 - [TEST_STEP][PASSED] - selenium.type("id=password_confirmation", "marek123"): null

2020-01-30 12:57:44 - [TEST_STEP][PASSED] - selenium.click("id=regulamin"): null

2020-01-30 12:57:44 - [TEST_STEP][PASSED] - selenium.click("xpath=(//input[@value=''])[12]"): null

2020-01-30 12:57:45 - [TEST_STEP][PASSED] - verifyElementPresent(findTestObject("Email ma niewłaściwy format"), 5): Object 'Object Repository/Email ma niewłaściwy format' is present

2020-01-30 12:57:45 - [MESSAGE][PASSED] - Object 'Object Repository/Email ma niewłaściwy format' is present

2020-01-30 12:57:45 - [TEST_STEP][PASSED] - closeBrowser(): Browser is closed

2020-01-30 12:57:46 - [MESSAGE][PASSED] - Browser is closed]]></system-out>
         <system-err><![CDATA[]]></system-err>
      </testcase>
      <testcase name="Test Cases/GC.FR.6.1" time="17.714" classname="Test Cases/GC.FR.6.1" status="FAILED">
         <failure type="FAILED" message="Test Cases/GC.FR.6.1 FAILED.
Reason:
com.kms.katalon.core.exception.StepFailedException: Unable to verify object 'Object Repository/Problem z polem Telefon' is present
	at com.kms.katalon.core.webui.keyword.internal.WebUIKeywordMain.stepFailed(WebUIKeywordMain.groovy:64)
	at com.kms.katalon.core.webui.keyword.internal.WebUIKeywordMain.runKeyword(WebUIKeywordMain.groovy:26)
	at com.kms.katalon.core.webui.keyword.builtin.VerifyElementPresentKeyword.verifyElementPresent(VerifyElementPresentKeyword.groovy:92)
	at com.kms.katalon.core.webui.keyword.builtin.VerifyElementPresentKeyword.execute(VerifyElementPresentKeyword.groovy:68)
	at com.kms.katalon.core.keyword.internal.KeywordExecutor.executeKeywordForPlatform(KeywordExecutor.groovy:72)
	at com.kms.katalon.core.webui.keyword.WebUiBuiltInKeywords.verifyElementPresent(WebUiBuiltInKeywords.groovy:1434)
	at com.kms.katalon.core.webui.keyword.WebUiBuiltInKeywords$verifyElementPresent$0.call(Unknown Source)
	at GC.FR.6.1.run(GC.FR.6.1:73)
	at com.kms.katalon.core.main.ScriptEngine.run(ScriptEngine.java:194)
	at com.kms.katalon.core.main.ScriptEngine.runScriptAsRawText(ScriptEngine.java:119)
	at com.kms.katalon.core.main.TestCaseExecutor.runScript(TestCaseExecutor.java:337)
	at com.kms.katalon.core.main.TestCaseExecutor.doExecute(TestCaseExecutor.java:328)
	at com.kms.katalon.core.main.TestCaseExecutor.processExecutionPhase(TestCaseExecutor.java:307)
	at com.kms.katalon.core.main.TestCaseExecutor.accessMainPhase(TestCaseExecutor.java:299)
	at com.kms.katalon.core.main.TestCaseExecutor.execute(TestCaseExecutor.java:233)
	at com.kms.katalon.core.main.TestSuiteExecutor.accessTestCaseMainPhase(TestSuiteExecutor.java:169)
	at com.kms.katalon.core.main.TestSuiteExecutor.accessTestSuiteMainPhase(TestSuiteExecutor.java:142)
	at com.kms.katalon.core.main.TestSuiteExecutor.execute(TestSuiteExecutor.java:91)
	at com.kms.katalon.core.main.TestCaseMain.startTestSuite(TestCaseMain.java:157)
	at com.kms.katalon.core.main.TestCaseMain$startTestSuite$0.call(Unknown Source)
	at TempTestSuite1580385341239.run(TempTestSuite1580385341239.groovy:36)
Caused by: com.kms.katalon.core.exception.StepFailedException: com.kms.katalon.core.webui.exception.WebElementNotFoundException: Web element with id: 'Object Repository/Problem z polem Telefon' located by 'By.xpath: /html/body/center/table/tbody/tr/td/table[2]/tbody/tr/td/table/tbody/tr/td[2]/form/table[1]/tbody/tr[4]/td/p' not found
	at com.kms.katalon.core.webui.keyword.internal.WebUIKeywordMain.stepFailed(WebUIKeywordMain.groovy:64)
	at com.kms.katalon.core.webui.keyword.builtin.VerifyElementPresentKeyword$_verifyElementPresent_closure1.doCall(VerifyElementPresentKeyword.groovy:85)
	at com.kms.katalon.core.webui.keyword.builtin.VerifyElementPresentKeyword$_verifyElementPresent_closure1.call(VerifyElementPresentKeyword.groovy)
	at com.kms.katalon.core.webui.keyword.internal.WebUIKeywordMain.runKeyword(WebUIKeywordMain.groovy:20)
	... 19 more
"/>
         <system-out><![CDATA[2020-01-30 12:57:46 - [TEST_CASE][FAILED] - Test Cases/GC.FR.6.1: Test Cases/GC.FR.6.1 FAILED.
Reason:
com.kms.katalon.core.exception.StepFailedException: Unable to verify object 'Object Repository/Problem z polem Telefon' is present
	at com.kms.katalon.core.webui.keyword.internal.WebUIKeywordMain.stepFailed(WebUIKeywordMain.groovy:64)
	at com.kms.katalon.core.webui.keyword.internal.WebUIKeywordMain.runKeyword(WebUIKeywordMain.groovy:26)
	at com.kms.katalon.core.webui.keyword.builtin.VerifyElementPresentKeyword.verifyElementPresent(VerifyElementPresentKeyword.groovy:92)
	at com.kms.katalon.core.webui.keyword.builtin.VerifyElementPresentKeyword.execute(VerifyElementPresentKeyword.groovy:68)
	at com.kms.katalon.core.keyword.internal.KeywordExecutor.executeKeywordForPlatform(KeywordExecutor.groovy:72)
	at com.kms.katalon.core.webui.keyword.WebUiBuiltInKeywords.verifyElementPresent(WebUiBuiltInKeywords.groovy:1434)
	at com.kms.katalon.core.webui.keyword.WebUiBuiltInKeywords$verifyElementPresent$0.call(Unknown Source)
	at GC.FR.6.1.run(GC.FR.6.1:73)
	at com.kms.katalon.core.main.ScriptEngine.run(ScriptEngine.java:194)
	at com.kms.katalon.core.main.ScriptEngine.runScriptAsRawText(ScriptEngine.java:119)
	at com.kms.katalon.core.main.TestCaseExecutor.runScript(TestCaseExecutor.java:337)
	at com.kms.katalon.core.main.TestCaseExecutor.doExecute(TestCaseExecutor.java:328)
	at com.kms.katalon.core.main.TestCaseExecutor.processExecutionPhase(TestCaseExecutor.java:307)
	at com.kms.katalon.core.main.TestCaseExecutor.accessMainPhase(TestCaseExecutor.java:299)
	at com.kms.katalon.core.main.TestCaseExecutor.execute(TestCaseExecutor.java:233)
	at com.kms.katalon.core.main.TestSuiteExecutor.accessTestCaseMainPhase(TestSuiteExecutor.java:169)
	at com.kms.katalon.core.main.TestSuiteExecutor.accessTestSuiteMainPhase(TestSuiteExecutor.java:142)
	at com.kms.katalon.core.main.TestSuiteExecutor.execute(TestSuiteExecutor.java:91)
	at com.kms.katalon.core.main.TestCaseMain.startTestSuite(TestCaseMain.java:157)
	at com.kms.katalon.core.main.TestCaseMain$startTestSuite$0.call(Unknown Source)
	at TempTestSuite1580385341239.run(TempTestSuite1580385341239.groovy:36)
Caused by: com.kms.katalon.core.exception.StepFailedException: com.kms.katalon.core.webui.exception.WebElementNotFoundException: Web element with id: 'Object Repository/Problem z polem Telefon' located by 'By.xpath: /html/body/center/table/tbody/tr/td/table[2]/tbody/tr/td/table/tbody/tr/td[2]/form/table[1]/tbody/tr[4]/td/p' not found
	at com.kms.katalon.core.webui.keyword.internal.WebUIKeywordMain.stepFailed(WebUIKeywordMain.groovy:64)
	at com.kms.katalon.core.webui.keyword.builtin.VerifyElementPresentKeyword$_verifyElementPresent_closure1.doCall(VerifyElementPresentKeyword.groovy:85)
	at com.kms.katalon.core.webui.keyword.builtin.VerifyElementPresentKeyword$_verifyElementPresent_closure1.call(VerifyElementPresentKeyword.groovy)
	at com.kms.katalon.core.webui.keyword.internal.WebUIKeywordMain.runKeyword(WebUIKeywordMain.groovy:20)
	... 19 more


2020-01-30 12:57:46 - [TEST_STEP][PASSED] - RN = Math.random() * 10000000: null

2020-01-30 12:57:46 - [TEST_STEP][PASSED] - openBrowser("https://www.google.com/"): Browser is opened with url: 'https://www.google.com/'

2020-01-30 12:57:46 - [MESSAGE][INFO] - Starting 'Firefox' driver

2020-01-30 12:57:52 - [MESSAGE][PASSED] - Browser is opened with url: 'https://www.google.com/'

2020-01-30 12:57:52 - [TEST_STEP][PASSED] - driver = getWebDriver(): null

2020-01-30 12:57:52 - [TEST_STEP][PASSED] - baseUrl = "https://www.google.com/": null

2020-01-30 12:57:52 - [TEST_STEP][PASSED] - selenium = new com.thoughtworks.selenium.webdriven.WebDriverBackedSelenium(driver, baseUrl): null

2020-01-30 12:57:52 - [TEST_STEP][PASSED] - selenium.open("https://guitarcenter.pl/catalog/logreg.php"): null

2020-01-30 12:57:54 - [TEST_STEP][PASSED] - selenium.click("id=firstname"): null

2020-01-30 12:57:54 - [TEST_STEP][PASSED] - selenium.type("id=firstname", "Marek"): null

2020-01-30 12:57:55 - [TEST_STEP][PASSED] - selenium.type("id=lastname", "Nowak"): null

2020-01-30 12:57:55 - [TEST_STEP][PASSED] - selenium.type("id=email_address", "mareknowak+" + RN + "@gmail.com"): null

2020-01-30 12:57:55 - [TEST_STEP][PASSED] - selenium.type("id=telephone", "123"): null

2020-01-30 12:57:55 - [TEST_STEP][PASSED] - selenium.type("id=password", "marek123"): null

2020-01-30 12:57:55 - [TEST_STEP][PASSED] - selenium.type("id=password_confirmation", "marek123"): null

2020-01-30 12:57:55 - [TEST_STEP][PASSED] - selenium.click("id=regulamin"): null

2020-01-30 12:57:55 - [TEST_STEP][PASSED] - selenium.click("xpath=(//input[@value=''])[12]"): null

2020-01-30 12:57:56 - [TEST_STEP][FAILED] - verifyElementPresent(findTestObject("Problem z polem Telefon"), 5): Unable to verify object 'Object Repository/Problem z polem Telefon' is present (Root cause: com.kms.katalon.core.exception.StepFailedException: Unable to verify object 'Object Repository/Problem z polem Telefon' is present
	at com.kms.katalon.core.webui.keyword.internal.WebUIKeywordMain.stepFailed(WebUIKeywordMain.groovy:64)
	at com.kms.katalon.core.webui.keyword.internal.WebUIKeywordMain.runKeyword(WebUIKeywordMain.groovy:26)
	at com.kms.katalon.core.webui.keyword.builtin.VerifyElementPresentKeyword.verifyElementPresent(VerifyElementPresentKeyword.groovy:92)
	at com.kms.katalon.core.webui.keyword.builtin.VerifyElementPresentKeyword.execute(VerifyElementPresentKeyword.groovy:68)
	at com.kms.katalon.core.keyword.internal.KeywordExecutor.executeKeywordForPlatform(KeywordExecutor.groovy:72)
	at com.kms.katalon.core.webui.keyword.WebUiBuiltInKeywords.verifyElementPresent(WebUiBuiltInKeywords.groovy:1434)
	at com.kms.katalon.core.webui.keyword.WebUiBuiltInKeywords$verifyElementPresent$0.call(Unknown Source)
	at GC.FR.6.1.run(GC.FR.6.1:73)
	at com.kms.katalon.core.main.ScriptEngine.run(ScriptEngine.java:194)
	at com.kms.katalon.core.main.ScriptEngine.runScriptAsRawText(ScriptEngine.java:119)
	at com.kms.katalon.core.main.TestCaseExecutor.runScript(TestCaseExecutor.java:337)
	at com.kms.katalon.core.main.TestCaseExecutor.doExecute(TestCaseExecutor.java:328)
	at com.kms.katalon.core.main.TestCaseExecutor.processExecutionPhase(TestCaseExecutor.java:307)
	at com.kms.katalon.core.main.TestCaseExecutor.accessMainPhase(TestCaseExecutor.java:299)
	at com.kms.katalon.core.main.TestCaseExecutor.execute(TestCaseExecutor.java:233)
	at com.kms.katalon.core.main.TestSuiteExecutor.accessTestCaseMainPhase(TestSuiteExecutor.java:169)
	at com.kms.katalon.core.main.TestSuiteExecutor.accessTestSuiteMainPhase(TestSuiteExecutor.java:142)
	at com.kms.katalon.core.main.TestSuiteExecutor.execute(TestSuiteExecutor.java:91)
	at com.kms.katalon.core.main.TestCaseMain.startTestSuite(TestCaseMain.java:157)
	at com.kms.katalon.core.main.TestCaseMain$startTestSuite$0.call(Unknown Source)
	at TempTestSuite1580385341239.run(TempTestSuite1580385341239.groovy:36)
Caused by: com.kms.katalon.core.exception.StepFailedException: com.kms.katalon.core.webui.exception.WebElementNotFoundException: Web element with id: 'Object Repository/Problem z polem Telefon' located by 'By.xpath: /html/body/center/table/tbody/tr/td/table[2]/tbody/tr/td/table/tbody/tr/td[2]/form/table[1]/tbody/tr[4]/td/p' not found
	at com.kms.katalon.core.webui.keyword.internal.WebUIKeywordMain.stepFailed(WebUIKeywordMain.groovy:64)
	at com.kms.katalon.core.webui.keyword.builtin.VerifyElementPresentKeyword$_verifyElementPresent_closure1.doCall(VerifyElementPresentKeyword.groovy:85)
	at com.kms.katalon.core.webui.keyword.builtin.VerifyElementPresentKeyword$_verifyElementPresent_closure1.call(VerifyElementPresentKeyword.groovy)
	at com.kms.katalon.core.webui.keyword.internal.WebUIKeywordMain.runKeyword(WebUIKeywordMain.groovy:20)
	... 19 more
)

2020-01-30 12:58:03 - [MESSAGE][INFO] - Unable to find the element located by 'By.xpath: /html/body/center/table/tbody/tr/td/table[2]/tbody/tr/td/table/tbody/tr/td[2]/form/table[1]/tbody/tr[4]/td/p'. Please recheck the objects properties to make sure the desired element is located. 

2020-01-30 12:58:03 - [MESSAGE][INFO] - [SMART_XPATH] Auto-trying out other XPath values in the test object.

2020-01-30 12:58:03 - [MESSAGE][INFO] - [SMART_XPATH] No working XPath is found.

2020-01-30 12:58:04 - [MESSAGE][FAILED] - com.kms.katalon.core.webui.exception.WebElementNotFoundException: Web element with id: 'Object Repository/Problem z polem Telefon' located by 'By.xpath: /html/body/center/table/tbody/tr/td/table[2]/tbody/tr/td/table/tbody/tr/td[2]/form/table[1]/tbody/tr[4]/td/p' not found (Root cause: com.kms.katalon.core.exception.StepFailedException: com.kms.katalon.core.webui.exception.WebElementNotFoundException: Web element with id: 'Object Repository/Problem z polem Telefon' located by 'By.xpath: /html/body/center/table/tbody/tr/td/table[2]/tbody/tr/td/table/tbody/tr/td[2]/form/table[1]/tbody/tr[4]/td/p' not found
	at com.kms.katalon.core.webui.keyword.internal.WebUIKeywordMain.stepFailed(WebUIKeywordMain.groovy:64)
	at com.kms.katalon.core.webui.keyword.builtin.VerifyElementPresentKeyword$_verifyElementPresent_closure1.doCall(VerifyElementPresentKeyword.groovy:85)
	at com.kms.katalon.core.webui.keyword.builtin.VerifyElementPresentKeyword$_verifyElementPresent_closure1.call(VerifyElementPresentKeyword.groovy)
	at com.kms.katalon.core.webui.keyword.internal.WebUIKeywordMain.runKeyword(WebUIKeywordMain.groovy:20)
	at com.kms.katalon.core.webui.keyword.builtin.VerifyElementPresentKeyword.verifyElementPresent(VerifyElementPresentKeyword.groovy:92)
	at com.kms.katalon.core.webui.keyword.builtin.VerifyElementPresentKeyword.execute(VerifyElementPresentKeyword.groovy:68)
	at com.kms.katalon.core.keyword.internal.KeywordExecutor.executeKeywordForPlatform(KeywordExecutor.groovy:72)
	at com.kms.katalon.core.webui.keyword.WebUiBuiltInKeywords.verifyElementPresent(WebUiBuiltInKeywords.groovy:1434)
	at com.kms.katalon.core.webui.keyword.WebUiBuiltInKeywords$verifyElementPresent$0.call(Unknown Source)
	at GC.FR.6.1.run(GC.FR.6.1:73)
	at com.kms.katalon.core.main.ScriptEngine.run(ScriptEngine.java:194)
	at com.kms.katalon.core.main.ScriptEngine.runScriptAsRawText(ScriptEngine.java:119)
	at com.kms.katalon.core.main.TestCaseExecutor.runScript(TestCaseExecutor.java:337)
	at com.kms.katalon.core.main.TestCaseExecutor.doExecute(TestCaseExecutor.java:328)
	at com.kms.katalon.core.main.TestCaseExecutor.processExecutionPhase(TestCaseExecutor.java:307)
	at com.kms.katalon.core.main.TestCaseExecutor.accessMainPhase(TestCaseExecutor.java:299)
	at com.kms.katalon.core.main.TestCaseExecutor.execute(TestCaseExecutor.java:233)
	at com.kms.katalon.core.main.TestSuiteExecutor.accessTestCaseMainPhase(TestSuiteExecutor.java:169)
	at com.kms.katalon.core.main.TestSuiteExecutor.accessTestSuiteMainPhase(TestSuiteExecutor.java:142)
	at com.kms.katalon.core.main.TestSuiteExecutor.execute(TestSuiteExecutor.java:91)
	at com.kms.katalon.core.main.TestCaseMain.startTestSuite(TestCaseMain.java:157)
	at com.kms.katalon.core.main.TestCaseMain$startTestSuite$0.call(Unknown Source)
	at TempTestSuite1580385341239.run(TempTestSuite1580385341239.groovy:36)
)
[[ATTACHMENT|C:\\Users\\Tomek\\Katalon Studio\\GC.FR\\Reports\\20200130_125541\\GuitarCenter Formularz Rejestracji\\20200130_125541\\1580385483991.png]]

2020-01-30 12:58:04 - [MESSAGE][FAILED] - Unable to verify object 'Object Repository/Problem z polem Telefon' is present (Root cause: com.kms.katalon.core.exception.StepFailedException: Unable to verify object 'Object Repository/Problem z polem Telefon' is present
	at com.kms.katalon.core.webui.keyword.internal.WebUIKeywordMain.stepFailed(WebUIKeywordMain.groovy:64)
	at com.kms.katalon.core.webui.keyword.internal.WebUIKeywordMain.runKeyword(WebUIKeywordMain.groovy:26)
	at com.kms.katalon.core.webui.keyword.builtin.VerifyElementPresentKeyword.verifyElementPresent(VerifyElementPresentKeyword.groovy:92)
	at com.kms.katalon.core.webui.keyword.builtin.VerifyElementPresentKeyword.execute(VerifyElementPresentKeyword.groovy:68)
	at com.kms.katalon.core.keyword.internal.KeywordExecutor.executeKeywordForPlatform(KeywordExecutor.groovy:72)
	at com.kms.katalon.core.webui.keyword.WebUiBuiltInKeywords.verifyElementPresent(WebUiBuiltInKeywords.groovy:1434)
	at com.kms.katalon.core.webui.keyword.WebUiBuiltInKeywords$verifyElementPresent$0.call(Unknown Source)
	at GC.FR.6.1.run(GC.FR.6.1:73)
	at com.kms.katalon.core.main.ScriptEngine.run(ScriptEngine.java:194)
	at com.kms.katalon.core.main.ScriptEngine.runScriptAsRawText(ScriptEngine.java:119)
	at com.kms.katalon.core.main.TestCaseExecutor.runScript(TestCaseExecutor.java:337)
	at com.kms.katalon.core.main.TestCaseExecutor.doExecute(TestCaseExecutor.java:328)
	at com.kms.katalon.core.main.TestCaseExecutor.processExecutionPhase(TestCaseExecutor.java:307)
	at com.kms.katalon.core.main.TestCaseExecutor.accessMainPhase(TestCaseExecutor.java:299)
	at com.kms.katalon.core.main.TestCaseExecutor.execute(TestCaseExecutor.java:233)
	at com.kms.katalon.core.main.TestSuiteExecutor.accessTestCaseMainPhase(TestSuiteExecutor.java:169)
	at com.kms.katalon.core.main.TestSuiteExecutor.accessTestSuiteMainPhase(TestSuiteExecutor.java:142)
	at com.kms.katalon.core.main.TestSuiteExecutor.execute(TestSuiteExecutor.java:91)
	at com.kms.katalon.core.main.TestCaseMain.startTestSuite(TestCaseMain.java:157)
	at com.kms.katalon.core.main.TestCaseMain$startTestSuite$0.call(Unknown Source)
	at TempTestSuite1580385341239.run(TempTestSuite1580385341239.groovy:36)
Caused by: com.kms.katalon.core.exception.StepFailedException: com.kms.katalon.core.webui.exception.WebElementNotFoundException: Web element with id: 'Object Repository/Problem z polem Telefon' located by 'By.xpath: /html/body/center/table/tbody/tr/td/table[2]/tbody/tr/td/table/tbody/tr/td[2]/form/table[1]/tbody/tr[4]/td/p' not found
	at com.kms.katalon.core.webui.keyword.internal.WebUIKeywordMain.stepFailed(WebUIKeywordMain.groovy:64)
	at com.kms.katalon.core.webui.keyword.builtin.VerifyElementPresentKeyword$_verifyElementPresent_closure1.doCall(VerifyElementPresentKeyword.groovy:85)
	at com.kms.katalon.core.webui.keyword.builtin.VerifyElementPresentKeyword$_verifyElementPresent_closure1.call(VerifyElementPresentKeyword.groovy)
	at com.kms.katalon.core.webui.keyword.internal.WebUIKeywordMain.runKeyword(WebUIKeywordMain.groovy:20)
	... 19 more
)
[[ATTACHMENT|C:\\Users\\Tomek\\Katalon Studio\\GC.FR\\Reports\\20200130_125541\\GuitarCenter Formularz Rejestracji\\20200130_125541\\1580385484150.png]]]]></system-out>
         <system-err><![CDATA[2020-01-30 12:57:46 - [TEST_CASE][FAILED] - Test Cases/GC.FR.6.1: Test Cases/GC.FR.6.1 FAILED.
Reason:
com.kms.katalon.core.exception.StepFailedException: Unable to verify object 'Object Repository/Problem z polem Telefon' is present
	at com.kms.katalon.core.webui.keyword.internal.WebUIKeywordMain.stepFailed(WebUIKeywordMain.groovy:64)
	at com.kms.katalon.core.webui.keyword.internal.WebUIKeywordMain.runKeyword(WebUIKeywordMain.groovy:26)
	at com.kms.katalon.core.webui.keyword.builtin.VerifyElementPresentKeyword.verifyElementPresent(VerifyElementPresentKeyword.groovy:92)
	at com.kms.katalon.core.webui.keyword.builtin.VerifyElementPresentKeyword.execute(VerifyElementPresentKeyword.groovy:68)
	at com.kms.katalon.core.keyword.internal.KeywordExecutor.executeKeywordForPlatform(KeywordExecutor.groovy:72)
	at com.kms.katalon.core.webui.keyword.WebUiBuiltInKeywords.verifyElementPresent(WebUiBuiltInKeywords.groovy:1434)
	at com.kms.katalon.core.webui.keyword.WebUiBuiltInKeywords$verifyElementPresent$0.call(Unknown Source)
	at GC.FR.6.1.run(GC.FR.6.1:73)
	at com.kms.katalon.core.main.ScriptEngine.run(ScriptEngine.java:194)
	at com.kms.katalon.core.main.ScriptEngine.runScriptAsRawText(ScriptEngine.java:119)
	at com.kms.katalon.core.main.TestCaseExecutor.runScript(TestCaseExecutor.java:337)
	at com.kms.katalon.core.main.TestCaseExecutor.doExecute(TestCaseExecutor.java:328)
	at com.kms.katalon.core.main.TestCaseExecutor.processExecutionPhase(TestCaseExecutor.java:307)
	at com.kms.katalon.core.main.TestCaseExecutor.accessMainPhase(TestCaseExecutor.java:299)
	at com.kms.katalon.core.main.TestCaseExecutor.execute(TestCaseExecutor.java:233)
	at com.kms.katalon.core.main.TestSuiteExecutor.accessTestCaseMainPhase(TestSuiteExecutor.java:169)
	at com.kms.katalon.core.main.TestSuiteExecutor.accessTestSuiteMainPhase(TestSuiteExecutor.java:142)
	at com.kms.katalon.core.main.TestSuiteExecutor.execute(TestSuiteExecutor.java:91)
	at com.kms.katalon.core.main.TestCaseMain.startTestSuite(TestCaseMain.java:157)
	at com.kms.katalon.core.main.TestCaseMain$startTestSuite$0.call(Unknown Source)
	at TempTestSuite1580385341239.run(TempTestSuite1580385341239.groovy:36)
Caused by: com.kms.katalon.core.exception.StepFailedException: com.kms.katalon.core.webui.exception.WebElementNotFoundException: Web element with id: 'Object Repository/Problem z polem Telefon' located by 'By.xpath: /html/body/center/table/tbody/tr/td/table[2]/tbody/tr/td/table/tbody/tr/td[2]/form/table[1]/tbody/tr[4]/td/p' not found
	at com.kms.katalon.core.webui.keyword.internal.WebUIKeywordMain.stepFailed(WebUIKeywordMain.groovy:64)
	at com.kms.katalon.core.webui.keyword.builtin.VerifyElementPresentKeyword$_verifyElementPresent_closure1.doCall(VerifyElementPresentKeyword.groovy:85)
	at com.kms.katalon.core.webui.keyword.builtin.VerifyElementPresentKeyword$_verifyElementPresent_closure1.call(VerifyElementPresentKeyword.groovy)
	at com.kms.katalon.core.webui.keyword.internal.WebUIKeywordMain.runKeyword(WebUIKeywordMain.groovy:20)
	... 19 more]]></system-err>
      </testcase>
      <testcase name="Test Cases/GC.FR.6.2" time="19.045" classname="Test Cases/GC.FR.6.2" status="FAILED">
         <failure type="FAILED" message="Test Cases/GC.FR.6.2 FAILED.
Reason:
com.kms.katalon.core.exception.StepFailedException: Unable to verify object 'Object Repository/Problem z polem Telefon' is present
	at com.kms.katalon.core.webui.keyword.internal.WebUIKeywordMain.stepFailed(WebUIKeywordMain.groovy:64)
	at com.kms.katalon.core.webui.keyword.internal.WebUIKeywordMain.runKeyword(WebUIKeywordMain.groovy:26)
	at com.kms.katalon.core.webui.keyword.builtin.VerifyElementPresentKeyword.verifyElementPresent(VerifyElementPresentKeyword.groovy:92)
	at com.kms.katalon.core.webui.keyword.builtin.VerifyElementPresentKeyword.execute(VerifyElementPresentKeyword.groovy:68)
	at com.kms.katalon.core.keyword.internal.KeywordExecutor.executeKeywordForPlatform(KeywordExecutor.groovy:72)
	at com.kms.katalon.core.webui.keyword.WebUiBuiltInKeywords.verifyElementPresent(WebUiBuiltInKeywords.groovy:1434)
	at com.kms.katalon.core.webui.keyword.WebUiBuiltInKeywords$verifyElementPresent$0.call(Unknown Source)
	at GC.FR.6.2.run(GC.FR.6.2:73)
	at com.kms.katalon.core.main.ScriptEngine.run(ScriptEngine.java:194)
	at com.kms.katalon.core.main.ScriptEngine.runScriptAsRawText(ScriptEngine.java:119)
	at com.kms.katalon.core.main.TestCaseExecutor.runScript(TestCaseExecutor.java:337)
	at com.kms.katalon.core.main.TestCaseExecutor.doExecute(TestCaseExecutor.java:328)
	at com.kms.katalon.core.main.TestCaseExecutor.processExecutionPhase(TestCaseExecutor.java:307)
	at com.kms.katalon.core.main.TestCaseExecutor.accessMainPhase(TestCaseExecutor.java:299)
	at com.kms.katalon.core.main.TestCaseExecutor.execute(TestCaseExecutor.java:233)
	at com.kms.katalon.core.main.TestSuiteExecutor.accessTestCaseMainPhase(TestSuiteExecutor.java:169)
	at com.kms.katalon.core.main.TestSuiteExecutor.accessTestSuiteMainPhase(TestSuiteExecutor.java:142)
	at com.kms.katalon.core.main.TestSuiteExecutor.execute(TestSuiteExecutor.java:91)
	at com.kms.katalon.core.main.TestCaseMain.startTestSuite(TestCaseMain.java:157)
	at com.kms.katalon.core.main.TestCaseMain$startTestSuite$0.call(Unknown Source)
	at TempTestSuite1580385341239.run(TempTestSuite1580385341239.groovy:36)
Caused by: com.kms.katalon.core.exception.StepFailedException: com.kms.katalon.core.webui.exception.WebElementNotFoundException: Web element with id: 'Object Repository/Problem z polem Telefon' located by 'By.xpath: /html/body/center/table/tbody/tr/td/table[2]/tbody/tr/td/table/tbody/tr/td[2]/form/table[1]/tbody/tr[4]/td/p' not found
	at com.kms.katalon.core.webui.keyword.internal.WebUIKeywordMain.stepFailed(WebUIKeywordMain.groovy:64)
	at com.kms.katalon.core.webui.keyword.builtin.VerifyElementPresentKeyword$_verifyElementPresent_closure1.doCall(VerifyElementPresentKeyword.groovy:85)
	at com.kms.katalon.core.webui.keyword.builtin.VerifyElementPresentKeyword$_verifyElementPresent_closure1.call(VerifyElementPresentKeyword.groovy)
	at com.kms.katalon.core.webui.keyword.internal.WebUIKeywordMain.runKeyword(WebUIKeywordMain.groovy:20)
	... 19 more
"/>
         <system-out><![CDATA[2020-01-30 12:58:04 - [TEST_CASE][FAILED] - Test Cases/GC.FR.6.2: Test Cases/GC.FR.6.2 FAILED.
Reason:
com.kms.katalon.core.exception.StepFailedException: Unable to verify object 'Object Repository/Problem z polem Telefon' is present
	at com.kms.katalon.core.webui.keyword.internal.WebUIKeywordMain.stepFailed(WebUIKeywordMain.groovy:64)
	at com.kms.katalon.core.webui.keyword.internal.WebUIKeywordMain.runKeyword(WebUIKeywordMain.groovy:26)
	at com.kms.katalon.core.webui.keyword.builtin.VerifyElementPresentKeyword.verifyElementPresent(VerifyElementPresentKeyword.groovy:92)
	at com.kms.katalon.core.webui.keyword.builtin.VerifyElementPresentKeyword.execute(VerifyElementPresentKeyword.groovy:68)
	at com.kms.katalon.core.keyword.internal.KeywordExecutor.executeKeywordForPlatform(KeywordExecutor.groovy:72)
	at com.kms.katalon.core.webui.keyword.WebUiBuiltInKeywords.verifyElementPresent(WebUiBuiltInKeywords.groovy:1434)
	at com.kms.katalon.core.webui.keyword.WebUiBuiltInKeywords$verifyElementPresent$0.call(Unknown Source)
	at GC.FR.6.2.run(GC.FR.6.2:73)
	at com.kms.katalon.core.main.ScriptEngine.run(ScriptEngine.java:194)
	at com.kms.katalon.core.main.ScriptEngine.runScriptAsRawText(ScriptEngine.java:119)
	at com.kms.katalon.core.main.TestCaseExecutor.runScript(TestCaseExecutor.java:337)
	at com.kms.katalon.core.main.TestCaseExecutor.doExecute(TestCaseExecutor.java:328)
	at com.kms.katalon.core.main.TestCaseExecutor.processExecutionPhase(TestCaseExecutor.java:307)
	at com.kms.katalon.core.main.TestCaseExecutor.accessMainPhase(TestCaseExecutor.java:299)
	at com.kms.katalon.core.main.TestCaseExecutor.execute(TestCaseExecutor.java:233)
	at com.kms.katalon.core.main.TestSuiteExecutor.accessTestCaseMainPhase(TestSuiteExecutor.java:169)
	at com.kms.katalon.core.main.TestSuiteExecutor.accessTestSuiteMainPhase(TestSuiteExecutor.java:142)
	at com.kms.katalon.core.main.TestSuiteExecutor.execute(TestSuiteExecutor.java:91)
	at com.kms.katalon.core.main.TestCaseMain.startTestSuite(TestCaseMain.java:157)
	at com.kms.katalon.core.main.TestCaseMain$startTestSuite$0.call(Unknown Source)
	at TempTestSuite1580385341239.run(TempTestSuite1580385341239.groovy:36)
Caused by: com.kms.katalon.core.exception.StepFailedException: com.kms.katalon.core.webui.exception.WebElementNotFoundException: Web element with id: 'Object Repository/Problem z polem Telefon' located by 'By.xpath: /html/body/center/table/tbody/tr/td/table[2]/tbody/tr/td/table/tbody/tr/td[2]/form/table[1]/tbody/tr[4]/td/p' not found
	at com.kms.katalon.core.webui.keyword.internal.WebUIKeywordMain.stepFailed(WebUIKeywordMain.groovy:64)
	at com.kms.katalon.core.webui.keyword.builtin.VerifyElementPresentKeyword$_verifyElementPresent_closure1.doCall(VerifyElementPresentKeyword.groovy:85)
	at com.kms.katalon.core.webui.keyword.builtin.VerifyElementPresentKeyword$_verifyElementPresent_closure1.call(VerifyElementPresentKeyword.groovy)
	at com.kms.katalon.core.webui.keyword.internal.WebUIKeywordMain.runKeyword(WebUIKeywordMain.groovy:20)
	... 19 more


2020-01-30 12:58:04 - [TEST_STEP][PASSED] - RN = Math.random() * 10000000: null

2020-01-30 12:58:04 - [TEST_STEP][PASSED] - openBrowser("https://www.google.com/"): Browser is opened with url: 'https://www.google.com/'

2020-01-30 12:58:04 - [MESSAGE][WARNING] - A browser is already opened. Closing browser and opening a new one

2020-01-30 12:58:05 - [MESSAGE][INFO] - Starting 'Firefox' driver

2020-01-30 12:58:11 - [MESSAGE][PASSED] - Browser is opened with url: 'https://www.google.com/'

2020-01-30 12:58:11 - [TEST_STEP][PASSED] - driver = getWebDriver(): null

2020-01-30 12:58:11 - [TEST_STEP][PASSED] - baseUrl = "https://www.google.com/": null

2020-01-30 12:58:11 - [TEST_STEP][PASSED] - selenium = new com.thoughtworks.selenium.webdriven.WebDriverBackedSelenium(driver, baseUrl): null

2020-01-30 12:58:11 - [TEST_STEP][PASSED] - selenium.open("https://guitarcenter.pl/catalog/logreg.php"): null

2020-01-30 12:58:13 - [TEST_STEP][PASSED] - selenium.click("id=firstname"): null

2020-01-30 12:58:14 - [TEST_STEP][PASSED] - selenium.type("id=firstname", "Marek"): null

2020-01-30 12:58:14 - [TEST_STEP][PASSED] - selenium.type("id=lastname", "Nowak"): null

2020-01-30 12:58:14 - [TEST_STEP][PASSED] - selenium.type("id=email_address", "mareknowak+" + RN + "@gmail.com"): null

2020-01-30 12:58:14 - [TEST_STEP][PASSED] - selenium.type("id=telephone", "123szesc1"): null

2020-01-30 12:58:14 - [TEST_STEP][PASSED] - selenium.type("id=password", "marek123"): null

2020-01-30 12:58:14 - [TEST_STEP][PASSED] - selenium.type("id=password_confirmation", "marek123"): null

2020-01-30 12:58:14 - [TEST_STEP][PASSED] - selenium.click("id=regulamin"): null

2020-01-30 12:58:14 - [TEST_STEP][PASSED] - selenium.click("xpath=(//input[@value=''])[12]"): null

2020-01-30 12:58:15 - [TEST_STEP][FAILED] - verifyElementPresent(findTestObject("Problem z polem Telefon"), 5): Unable to verify object 'Object Repository/Problem z polem Telefon' is present (Root cause: com.kms.katalon.core.exception.StepFailedException: Unable to verify object 'Object Repository/Problem z polem Telefon' is present
	at com.kms.katalon.core.webui.keyword.internal.WebUIKeywordMain.stepFailed(WebUIKeywordMain.groovy:64)
	at com.kms.katalon.core.webui.keyword.internal.WebUIKeywordMain.runKeyword(WebUIKeywordMain.groovy:26)
	at com.kms.katalon.core.webui.keyword.builtin.VerifyElementPresentKeyword.verifyElementPresent(VerifyElementPresentKeyword.groovy:92)
	at com.kms.katalon.core.webui.keyword.builtin.VerifyElementPresentKeyword.execute(VerifyElementPresentKeyword.groovy:68)
	at com.kms.katalon.core.keyword.internal.KeywordExecutor.executeKeywordForPlatform(KeywordExecutor.groovy:72)
	at com.kms.katalon.core.webui.keyword.WebUiBuiltInKeywords.verifyElementPresent(WebUiBuiltInKeywords.groovy:1434)
	at com.kms.katalon.core.webui.keyword.WebUiBuiltInKeywords$verifyElementPresent$0.call(Unknown Source)
	at GC.FR.6.2.run(GC.FR.6.2:73)
	at com.kms.katalon.core.main.ScriptEngine.run(ScriptEngine.java:194)
	at com.kms.katalon.core.main.ScriptEngine.runScriptAsRawText(ScriptEngine.java:119)
	at com.kms.katalon.core.main.TestCaseExecutor.runScript(TestCaseExecutor.java:337)
	at com.kms.katalon.core.main.TestCaseExecutor.doExecute(TestCaseExecutor.java:328)
	at com.kms.katalon.core.main.TestCaseExecutor.processExecutionPhase(TestCaseExecutor.java:307)
	at com.kms.katalon.core.main.TestCaseExecutor.accessMainPhase(TestCaseExecutor.java:299)
	at com.kms.katalon.core.main.TestCaseExecutor.execute(TestCaseExecutor.java:233)
	at com.kms.katalon.core.main.TestSuiteExecutor.accessTestCaseMainPhase(TestSuiteExecutor.java:169)
	at com.kms.katalon.core.main.TestSuiteExecutor.accessTestSuiteMainPhase(TestSuiteExecutor.java:142)
	at com.kms.katalon.core.main.TestSuiteExecutor.execute(TestSuiteExecutor.java:91)
	at com.kms.katalon.core.main.TestCaseMain.startTestSuite(TestCaseMain.java:157)
	at com.kms.katalon.core.main.TestCaseMain$startTestSuite$0.call(Unknown Source)
	at TempTestSuite1580385341239.run(TempTestSuite1580385341239.groovy:36)
Caused by: com.kms.katalon.core.exception.StepFailedException: com.kms.katalon.core.webui.exception.WebElementNotFoundException: Web element with id: 'Object Repository/Problem z polem Telefon' located by 'By.xpath: /html/body/center/table/tbody/tr/td/table[2]/tbody/tr/td/table/tbody/tr/td[2]/form/table[1]/tbody/tr[4]/td/p' not found
	at com.kms.katalon.core.webui.keyword.internal.WebUIKeywordMain.stepFailed(WebUIKeywordMain.groovy:64)
	at com.kms.katalon.core.webui.keyword.builtin.VerifyElementPresentKeyword$_verifyElementPresent_closure1.doCall(VerifyElementPresentKeyword.groovy:85)
	at com.kms.katalon.core.webui.keyword.builtin.VerifyElementPresentKeyword$_verifyElementPresent_closure1.call(VerifyElementPresentKeyword.groovy)
	at com.kms.katalon.core.webui.keyword.internal.WebUIKeywordMain.runKeyword(WebUIKeywordMain.groovy:20)
	... 19 more
)

2020-01-30 12:58:23 - [MESSAGE][INFO] - Unable to find the element located by 'By.xpath: /html/body/center/table/tbody/tr/td/table[2]/tbody/tr/td/table/tbody/tr/td[2]/form/table[1]/tbody/tr[4]/td/p'. Please recheck the objects properties to make sure the desired element is located. 

2020-01-30 12:58:23 - [MESSAGE][INFO] - [SMART_XPATH] Auto-trying out other XPath values in the test object.

2020-01-30 12:58:23 - [MESSAGE][INFO] - [SMART_XPATH] No working XPath is found.

2020-01-30 12:58:23 - [MESSAGE][FAILED] - com.kms.katalon.core.webui.exception.WebElementNotFoundException: Web element with id: 'Object Repository/Problem z polem Telefon' located by 'By.xpath: /html/body/center/table/tbody/tr/td/table[2]/tbody/tr/td/table/tbody/tr/td[2]/form/table[1]/tbody/tr[4]/td/p' not found (Root cause: com.kms.katalon.core.exception.StepFailedException: com.kms.katalon.core.webui.exception.WebElementNotFoundException: Web element with id: 'Object Repository/Problem z polem Telefon' located by 'By.xpath: /html/body/center/table/tbody/tr/td/table[2]/tbody/tr/td/table/tbody/tr/td[2]/form/table[1]/tbody/tr[4]/td/p' not found
	at com.kms.katalon.core.webui.keyword.internal.WebUIKeywordMain.stepFailed(WebUIKeywordMain.groovy:64)
	at com.kms.katalon.core.webui.keyword.builtin.VerifyElementPresentKeyword$_verifyElementPresent_closure1.doCall(VerifyElementPresentKeyword.groovy:85)
	at com.kms.katalon.core.webui.keyword.builtin.VerifyElementPresentKeyword$_verifyElementPresent_closure1.call(VerifyElementPresentKeyword.groovy)
	at com.kms.katalon.core.webui.keyword.internal.WebUIKeywordMain.runKeyword(WebUIKeywordMain.groovy:20)
	at com.kms.katalon.core.webui.keyword.builtin.VerifyElementPresentKeyword.verifyElementPresent(VerifyElementPresentKeyword.groovy:92)
	at com.kms.katalon.core.webui.keyword.builtin.VerifyElementPresentKeyword.execute(VerifyElementPresentKeyword.groovy:68)
	at com.kms.katalon.core.keyword.internal.KeywordExecutor.executeKeywordForPlatform(KeywordExecutor.groovy:72)
	at com.kms.katalon.core.webui.keyword.WebUiBuiltInKeywords.verifyElementPresent(WebUiBuiltInKeywords.groovy:1434)
	at com.kms.katalon.core.webui.keyword.WebUiBuiltInKeywords$verifyElementPresent$0.call(Unknown Source)
	at GC.FR.6.2.run(GC.FR.6.2:73)
	at com.kms.katalon.core.main.ScriptEngine.run(ScriptEngine.java:194)
	at com.kms.katalon.core.main.ScriptEngine.runScriptAsRawText(ScriptEngine.java:119)
	at com.kms.katalon.core.main.TestCaseExecutor.runScript(TestCaseExecutor.java:337)
	at com.kms.katalon.core.main.TestCaseExecutor.doExecute(TestCaseExecutor.java:328)
	at com.kms.katalon.core.main.TestCaseExecutor.processExecutionPhase(TestCaseExecutor.java:307)
	at com.kms.katalon.core.main.TestCaseExecutor.accessMainPhase(TestCaseExecutor.java:299)
	at com.kms.katalon.core.main.TestCaseExecutor.execute(TestCaseExecutor.java:233)
	at com.kms.katalon.core.main.TestSuiteExecutor.accessTestCaseMainPhase(TestSuiteExecutor.java:169)
	at com.kms.katalon.core.main.TestSuiteExecutor.accessTestSuiteMainPhase(TestSuiteExecutor.java:142)
	at com.kms.katalon.core.main.TestSuiteExecutor.execute(TestSuiteExecutor.java:91)
	at com.kms.katalon.core.main.TestCaseMain.startTestSuite(TestCaseMain.java:157)
	at com.kms.katalon.core.main.TestCaseMain$startTestSuite$0.call(Unknown Source)
	at TempTestSuite1580385341239.run(TempTestSuite1580385341239.groovy:36)
)
[[ATTACHMENT|C:\\Users\\Tomek\\Katalon Studio\\GC.FR\\Reports\\20200130_125541\\GuitarCenter Formularz Rejestracji\\20200130_125541\\1580385503043.png]]

2020-01-30 12:58:23 - [MESSAGE][FAILED] - Unable to verify object 'Object Repository/Problem z polem Telefon' is present (Root cause: com.kms.katalon.core.exception.StepFailedException: Unable to verify object 'Object Repository/Problem z polem Telefon' is present
	at com.kms.katalon.core.webui.keyword.internal.WebUIKeywordMain.stepFailed(WebUIKeywordMain.groovy:64)
	at com.kms.katalon.core.webui.keyword.internal.WebUIKeywordMain.runKeyword(WebUIKeywordMain.groovy:26)
	at com.kms.katalon.core.webui.keyword.builtin.VerifyElementPresentKeyword.verifyElementPresent(VerifyElementPresentKeyword.groovy:92)
	at com.kms.katalon.core.webui.keyword.builtin.VerifyElementPresentKeyword.execute(VerifyElementPresentKeyword.groovy:68)
	at com.kms.katalon.core.keyword.internal.KeywordExecutor.executeKeywordForPlatform(KeywordExecutor.groovy:72)
	at com.kms.katalon.core.webui.keyword.WebUiBuiltInKeywords.verifyElementPresent(WebUiBuiltInKeywords.groovy:1434)
	at com.kms.katalon.core.webui.keyword.WebUiBuiltInKeywords$verifyElementPresent$0.call(Unknown Source)
	at GC.FR.6.2.run(GC.FR.6.2:73)
	at com.kms.katalon.core.main.ScriptEngine.run(ScriptEngine.java:194)
	at com.kms.katalon.core.main.ScriptEngine.runScriptAsRawText(ScriptEngine.java:119)
	at com.kms.katalon.core.main.TestCaseExecutor.runScript(TestCaseExecutor.java:337)
	at com.kms.katalon.core.main.TestCaseExecutor.doExecute(TestCaseExecutor.java:328)
	at com.kms.katalon.core.main.TestCaseExecutor.processExecutionPhase(TestCaseExecutor.java:307)
	at com.kms.katalon.core.main.TestCaseExecutor.accessMainPhase(TestCaseExecutor.java:299)
	at com.kms.katalon.core.main.TestCaseExecutor.execute(TestCaseExecutor.java:233)
	at com.kms.katalon.core.main.TestSuiteExecutor.accessTestCaseMainPhase(TestSuiteExecutor.java:169)
	at com.kms.katalon.core.main.TestSuiteExecutor.accessTestSuiteMainPhase(TestSuiteExecutor.java:142)
	at com.kms.katalon.core.main.TestSuiteExecutor.execute(TestSuiteExecutor.java:91)
	at com.kms.katalon.core.main.TestCaseMain.startTestSuite(TestCaseMain.java:157)
	at com.kms.katalon.core.main.TestCaseMain$startTestSuite$0.call(Unknown Source)
	at TempTestSuite1580385341239.run(TempTestSuite1580385341239.groovy:36)
Caused by: com.kms.katalon.core.exception.StepFailedException: com.kms.katalon.core.webui.exception.WebElementNotFoundException: Web element with id: 'Object Repository/Problem z polem Telefon' located by 'By.xpath: /html/body/center/table/tbody/tr/td/table[2]/tbody/tr/td/table/tbody/tr/td[2]/form/table[1]/tbody/tr[4]/td/p' not found
	at com.kms.katalon.core.webui.keyword.internal.WebUIKeywordMain.stepFailed(WebUIKeywordMain.groovy:64)
	at com.kms.katalon.core.webui.keyword.builtin.VerifyElementPresentKeyword$_verifyElementPresent_closure1.doCall(VerifyElementPresentKeyword.groovy:85)
	at com.kms.katalon.core.webui.keyword.builtin.VerifyElementPresentKeyword$_verifyElementPresent_closure1.call(VerifyElementPresentKeyword.groovy)
	at com.kms.katalon.core.webui.keyword.internal.WebUIKeywordMain.runKeyword(WebUIKeywordMain.groovy:20)
	... 19 more
)
[[ATTACHMENT|C:\\Users\\Tomek\\Katalon Studio\\GC.FR\\Reports\\20200130_125541\\GuitarCenter Formularz Rejestracji\\20200130_125541\\1580385503199.png]]]]></system-out>
         <system-err><![CDATA[2020-01-30 12:58:04 - [TEST_CASE][FAILED] - Test Cases/GC.FR.6.2: Test Cases/GC.FR.6.2 FAILED.
Reason:
com.kms.katalon.core.exception.StepFailedException: Unable to verify object 'Object Repository/Problem z polem Telefon' is present
	at com.kms.katalon.core.webui.keyword.internal.WebUIKeywordMain.stepFailed(WebUIKeywordMain.groovy:64)
	at com.kms.katalon.core.webui.keyword.internal.WebUIKeywordMain.runKeyword(WebUIKeywordMain.groovy:26)
	at com.kms.katalon.core.webui.keyword.builtin.VerifyElementPresentKeyword.verifyElementPresent(VerifyElementPresentKeyword.groovy:92)
	at com.kms.katalon.core.webui.keyword.builtin.VerifyElementPresentKeyword.execute(VerifyElementPresentKeyword.groovy:68)
	at com.kms.katalon.core.keyword.internal.KeywordExecutor.executeKeywordForPlatform(KeywordExecutor.groovy:72)
	at com.kms.katalon.core.webui.keyword.WebUiBuiltInKeywords.verifyElementPresent(WebUiBuiltInKeywords.groovy:1434)
	at com.kms.katalon.core.webui.keyword.WebUiBuiltInKeywords$verifyElementPresent$0.call(Unknown Source)
	at GC.FR.6.2.run(GC.FR.6.2:73)
	at com.kms.katalon.core.main.ScriptEngine.run(ScriptEngine.java:194)
	at com.kms.katalon.core.main.ScriptEngine.runScriptAsRawText(ScriptEngine.java:119)
	at com.kms.katalon.core.main.TestCaseExecutor.runScript(TestCaseExecutor.java:337)
	at com.kms.katalon.core.main.TestCaseExecutor.doExecute(TestCaseExecutor.java:328)
	at com.kms.katalon.core.main.TestCaseExecutor.processExecutionPhase(TestCaseExecutor.java:307)
	at com.kms.katalon.core.main.TestCaseExecutor.accessMainPhase(TestCaseExecutor.java:299)
	at com.kms.katalon.core.main.TestCaseExecutor.execute(TestCaseExecutor.java:233)
	at com.kms.katalon.core.main.TestSuiteExecutor.accessTestCaseMainPhase(TestSuiteExecutor.java:169)
	at com.kms.katalon.core.main.TestSuiteExecutor.accessTestSuiteMainPhase(TestSuiteExecutor.java:142)
	at com.kms.katalon.core.main.TestSuiteExecutor.execute(TestSuiteExecutor.java:91)
	at com.kms.katalon.core.main.TestCaseMain.startTestSuite(TestCaseMain.java:157)
	at com.kms.katalon.core.main.TestCaseMain$startTestSuite$0.call(Unknown Source)
	at TempTestSuite1580385341239.run(TempTestSuite1580385341239.groovy:36)
Caused by: com.kms.katalon.core.exception.StepFailedException: com.kms.katalon.core.webui.exception.WebElementNotFoundException: Web element with id: 'Object Repository/Problem z polem Telefon' located by 'By.xpath: /html/body/center/table/tbody/tr/td/table[2]/tbody/tr/td/table/tbody/tr/td[2]/form/table[1]/tbody/tr[4]/td/p' not found
	at com.kms.katalon.core.webui.keyword.internal.WebUIKeywordMain.stepFailed(WebUIKeywordMain.groovy:64)
	at com.kms.katalon.core.webui.keyword.builtin.VerifyElementPresentKeyword$_verifyElementPresent_closure1.doCall(VerifyElementPresentKeyword.groovy:85)
	at com.kms.katalon.core.webui.keyword.builtin.VerifyElementPresentKeyword$_verifyElementPresent_closure1.call(VerifyElementPresentKeyword.groovy)
	at com.kms.katalon.core.webui.keyword.internal.WebUIKeywordMain.runKeyword(WebUIKeywordMain.groovy:20)
	... 19 more]]></system-err>
      </testcase>
      <testcase name="Test Cases/GC.FR.7.1" time="12.45" classname="Test Cases/GC.FR.7.1" status="PASSED">
         <system-out><![CDATA[2020-01-30 12:58:23 - [TEST_CASE][PASSED] - Test Cases/GC.FR.7.1: Test Cases/GC.FR.7.1

2020-01-30 12:58:23 - [TEST_STEP][PASSED] - RN = Math.random() * 10000000: null

2020-01-30 12:58:23 - [TEST_STEP][PASSED] - openBrowser("https://www.google.com/"): Browser is opened with url: 'https://www.google.com/'

2020-01-30 12:58:23 - [MESSAGE][WARNING] - A browser is already opened. Closing browser and opening a new one

2020-01-30 12:58:24 - [MESSAGE][INFO] - Starting 'Firefox' driver

2020-01-30 12:58:30 - [MESSAGE][PASSED] - Browser is opened with url: 'https://www.google.com/'

2020-01-30 12:58:30 - [TEST_STEP][PASSED] - driver = getWebDriver(): null

2020-01-30 12:58:30 - [TEST_STEP][PASSED] - baseUrl = "https://www.google.com/": null

2020-01-30 12:58:30 - [TEST_STEP][PASSED] - selenium = new com.thoughtworks.selenium.webdriven.WebDriverBackedSelenium(driver, baseUrl): null

2020-01-30 12:58:30 - [TEST_STEP][PASSED] - selenium.open("https://guitarcenter.pl/catalog/logreg.php"): null

2020-01-30 12:58:32 - [TEST_STEP][PASSED] - selenium.click("id=firstname"): null

2020-01-30 12:58:32 - [TEST_STEP][PASSED] - selenium.type("id=firstname", "Marek"): null

2020-01-30 12:58:32 - [TEST_STEP][PASSED] - selenium.type("id=lastname", "Nowak"): null

2020-01-30 12:58:33 - [TEST_STEP][PASSED] - selenium.type("id=email_address", "mareknowak+" + RN + "@gmail.com"): null

2020-01-30 12:58:33 - [TEST_STEP][PASSED] - selenium.type("id=telephone", "123852951"): null

2020-01-30 12:58:33 - [TEST_STEP][PASSED] - selenium.type("id=password", "ma"): null

2020-01-30 12:58:33 - [TEST_STEP][PASSED] - selenium.type("id=password_confirmation", "ma"): null

2020-01-30 12:58:33 - [TEST_STEP][PASSED] - selenium.click("id=regulamin"): null

2020-01-30 12:58:33 - [TEST_STEP][PASSED] - selenium.click("xpath=(//input[@value=''])[12]"): null

2020-01-30 12:58:34 - [TEST_STEP][PASSED] - verifyElementPresent(findTestObject("Problem z polem Hasło"), 5): Object 'Object Repository/Problem z polem Hasło' is present

2020-01-30 12:58:34 - [MESSAGE][PASSED] - Object 'Object Repository/Problem z polem Hasło' is present

2020-01-30 12:58:34 - [TEST_STEP][PASSED] - closeBrowser(): Browser is closed

2020-01-30 12:58:35 - [MESSAGE][PASSED] - Browser is closed]]></system-out>
         <system-err><![CDATA[]]></system-err>
      </testcase>
      <testcase name="Test Cases/GC.FR.7.2" time="11.543" classname="Test Cases/GC.FR.7.2" status="PASSED">
         <system-out><![CDATA[2020-01-30 12:58:35 - [TEST_CASE][PASSED] - Test Cases/GC.FR.7.2: Test Cases/GC.FR.7.2

2020-01-30 12:58:35 - [TEST_STEP][PASSED] - RN = Math.random() * 10000000: null

2020-01-30 12:58:35 - [TEST_STEP][PASSED] - openBrowser("https://www.google.com/"): Browser is opened with url: 'https://www.google.com/'

2020-01-30 12:58:35 - [MESSAGE][INFO] - Starting 'Firefox' driver

2020-01-30 12:58:41 - [MESSAGE][PASSED] - Browser is opened with url: 'https://www.google.com/'

2020-01-30 12:58:41 - [TEST_STEP][PASSED] - driver = getWebDriver(): null

2020-01-30 12:58:41 - [TEST_STEP][PASSED] - baseUrl = "https://www.google.com/": null

2020-01-30 12:58:41 - [TEST_STEP][PASSED] - selenium = new com.thoughtworks.selenium.webdriven.WebDriverBackedSelenium(driver, baseUrl): null

2020-01-30 12:58:41 - [TEST_STEP][PASSED] - selenium.open("https://guitarcenter.pl/catalog/logreg.php"): null

2020-01-30 12:58:44 - [TEST_STEP][PASSED] - selenium.click("id=firstname"): null

2020-01-30 12:58:44 - [TEST_STEP][PASSED] - selenium.type("id=firstname", "Marek"): null

2020-01-30 12:58:44 - [TEST_STEP][PASSED] - selenium.type("id=lastname", "Nowak"): null

2020-01-30 12:58:44 - [TEST_STEP][PASSED] - selenium.type("id=email_address", "mareknowak+" + RN + "@gmail.com"): null

2020-01-30 12:58:44 - [TEST_STEP][PASSED] - selenium.type("id=telephone", "123852951"): null

2020-01-30 12:58:44 - [TEST_STEP][PASSED] - selenium.type("id=password", "Marek123(!)"): null

2020-01-30 12:58:44 - [TEST_STEP][PASSED] - selenium.type("id=password_confirmation", "Marek123(!)"): null

2020-01-30 12:58:44 - [TEST_STEP][PASSED] - selenium.click("id=regulamin"): null

2020-01-30 12:58:44 - [TEST_STEP][PASSED] - selenium.click("xpath=(//input[@value=''])[12]"): null

2020-01-30 12:58:45 - [TEST_STEP][PASSED] - verifyElementPresent(findTestObject("Konto zostało założone"), 5): Object 'Object Repository/Konto zostało założone' is present

2020-01-30 12:58:46 - [MESSAGE][PASSED] - Object 'Object Repository/Konto zostało założone' is present

2020-01-30 12:58:46 - [TEST_STEP][PASSED] - closeBrowser(): Browser is closed

2020-01-30 12:58:47 - [MESSAGE][PASSED] - Browser is closed]]></system-out>
         <system-err><![CDATA[]]></system-err>
      </testcase>
      <testcase name="Test Cases/GC.FR.7.3" time="10.994" classname="Test Cases/GC.FR.7.3" status="PASSED">
         <system-out><![CDATA[2020-01-30 12:58:47 - [TEST_CASE][PASSED] - Test Cases/GC.FR.7.3: Test Cases/GC.FR.7.3

2020-01-30 12:58:47 - [TEST_STEP][PASSED] - RN = Math.random() * 10000000: null

2020-01-30 12:58:47 - [TEST_STEP][PASSED] - openBrowser("https://www.google.com/"): Browser is opened with url: 'https://www.google.com/'

2020-01-30 12:58:47 - [MESSAGE][INFO] - Starting 'Firefox' driver

2020-01-30 12:58:52 - [MESSAGE][PASSED] - Browser is opened with url: 'https://www.google.com/'

2020-01-30 12:58:52 - [TEST_STEP][PASSED] - driver = getWebDriver(): null

2020-01-30 12:58:52 - [TEST_STEP][PASSED] - baseUrl = "https://www.google.com/": null

2020-01-30 12:58:52 - [TEST_STEP][PASSED] - selenium = new com.thoughtworks.selenium.webdriven.WebDriverBackedSelenium(driver, baseUrl): null

2020-01-30 12:58:52 - [TEST_STEP][PASSED] - selenium.open("https://guitarcenter.pl/catalog/logreg.php"): null

2020-01-30 12:58:55 - [TEST_STEP][PASSED] - selenium.click("id=firstname"): null

2020-01-30 12:58:55 - [TEST_STEP][PASSED] - selenium.type("id=firstname", "Marek"): null

2020-01-30 12:58:55 - [TEST_STEP][PASSED] - selenium.type("id=lastname", "Nowak"): null

2020-01-30 12:58:55 - [TEST_STEP][PASSED] - selenium.type("id=email_address", "mareknowak+" + RN + "@gmail.com"): null

2020-01-30 12:58:55 - [TEST_STEP][PASSED] - selenium.type("id=telephone", "123852951"): null

2020-01-30 12:58:55 - [TEST_STEP][PASSED] - selenium.type("id=password", "marek123"): null

2020-01-30 12:58:55 - [TEST_STEP][PASSED] - selenium.type("id=password_confirmation", ""): null

2020-01-30 12:58:55 - [TEST_STEP][PASSED] - selenium.click("id=regulamin"): null

2020-01-30 12:58:56 - [TEST_STEP][PASSED] - selenium.click("xpath=(//input[@value=''])[12]"): null

2020-01-30 12:58:56 - [TEST_STEP][PASSED] - verifyElementPresent(findTestObject("Problem z polem Hasło"), 5): Object 'Object Repository/Problem z polem Hasło' is present

2020-01-30 12:58:57 - [MESSAGE][PASSED] - Object 'Object Repository/Problem z polem Hasło' is present

2020-01-30 12:58:57 - [TEST_STEP][PASSED] - closeBrowser(): Browser is closed

2020-01-30 12:58:58 - [MESSAGE][PASSED] - Browser is closed]]></system-out>
         <system-err><![CDATA[]]></system-err>
      </testcase>
      <testcase name="Test Cases/GC.FR.7.4" time="11.805" classname="Test Cases/GC.FR.7.4" status="PASSED">
         <system-out><![CDATA[2020-01-30 12:58:58 - [TEST_CASE][PASSED] - Test Cases/GC.FR.7.4: Test Cases/GC.FR.7.4

2020-01-30 12:58:58 - [TEST_STEP][PASSED] - RN = Math.random() * 10000000: null

2020-01-30 12:58:58 - [TEST_STEP][PASSED] - openBrowser("https://www.google.com/"): Browser is opened with url: 'https://www.google.com/'

2020-01-30 12:58:58 - [MESSAGE][INFO] - Starting 'Firefox' driver

2020-01-30 12:59:04 - [MESSAGE][PASSED] - Browser is opened with url: 'https://www.google.com/'

2020-01-30 12:59:04 - [TEST_STEP][PASSED] - driver = getWebDriver(): null

2020-01-30 12:59:04 - [TEST_STEP][PASSED] - baseUrl = "https://www.google.com/": null

2020-01-30 12:59:04 - [TEST_STEP][PASSED] - selenium = new com.thoughtworks.selenium.webdriven.WebDriverBackedSelenium(driver, baseUrl): null

2020-01-30 12:59:04 - [TEST_STEP][PASSED] - selenium.open("https://guitarcenter.pl/catalog/logreg.php"): null

2020-01-30 12:59:06 - [TEST_STEP][PASSED] - selenium.click("id=firstname"): null

2020-01-30 12:59:07 - [TEST_STEP][PASSED] - selenium.type("id=firstname", "Marek"): null

2020-01-30 12:59:07 - [TEST_STEP][PASSED] - selenium.type("id=lastname", "Nowak"): null

2020-01-30 12:59:07 - [TEST_STEP][PASSED] - selenium.type("id=email_address", "mareknowak+" + RN + "@gmail.com"): null

2020-01-30 12:59:07 - [TEST_STEP][PASSED] - selenium.type("id=telephone", "123852951"): null

2020-01-30 12:59:07 - [TEST_STEP][PASSED] - selenium.type("id=password", "marek123"): null

2020-01-30 12:59:07 - [TEST_STEP][PASSED] - selenium.type("id=password_confirmation", "marek"): null

2020-01-30 12:59:07 - [TEST_STEP][PASSED] - selenium.click("id=regulamin"): null

2020-01-30 12:59:07 - [TEST_STEP][PASSED] - selenium.click("xpath=(//input[@value=''])[12]"): null

2020-01-30 12:59:08 - [TEST_STEP][PASSED] - verifyElementPresent(findTestObject("Problem z polem Hasło"), 5): Object 'Object Repository/Problem z polem Hasło' is present

2020-01-30 12:59:08 - [MESSAGE][PASSED] - Object 'Object Repository/Problem z polem Hasło' is present

2020-01-30 12:59:08 - [TEST_STEP][PASSED] - closeBrowser(): Browser is closed

2020-01-30 12:59:10 - [MESSAGE][PASSED] - Browser is closed]]></system-out>
         <system-err><![CDATA[]]></system-err>
      </testcase>
      <testcase name="Test Cases/GC.FR.8" time="11.095" classname="Test Cases/GC.FR.8" status="PASSED">
         <system-out><![CDATA[2020-01-30 12:59:10 - [TEST_CASE][PASSED] - Test Cases/GC.FR.8: Test Cases/GC.FR.8

2020-01-30 12:59:10 - [TEST_STEP][PASSED] - RN = Math.random() * 10000000: null

2020-01-30 12:59:10 - [TEST_STEP][PASSED] - openBrowser("https://www.google.com/"): Browser is opened with url: 'https://www.google.com/'

2020-01-30 12:59:10 - [MESSAGE][INFO] - Starting 'Firefox' driver

2020-01-30 12:59:15 - [MESSAGE][PASSED] - Browser is opened with url: 'https://www.google.com/'

2020-01-30 12:59:15 - [TEST_STEP][PASSED] - driver = getWebDriver(): null

2020-01-30 12:59:15 - [TEST_STEP][PASSED] - baseUrl = "https://www.google.com/": null

2020-01-30 12:59:15 - [TEST_STEP][PASSED] - selenium = new com.thoughtworks.selenium.webdriven.WebDriverBackedSelenium(driver, baseUrl): null

2020-01-30 12:59:15 - [TEST_STEP][PASSED] - selenium.open("https://guitarcenter.pl/catalog/logreg.php"): null

2020-01-30 12:59:18 - [TEST_STEP][PASSED] - selenium.click("id=firstname"): null

2020-01-30 12:59:18 - [TEST_STEP][PASSED] - selenium.type("id=firstname", "Marek"): null

2020-01-30 12:59:18 - [TEST_STEP][PASSED] - selenium.type("id=lastname", "Nowak"): null

2020-01-30 12:59:18 - [TEST_STEP][PASSED] - selenium.type("id=email_address", "mareknowak+" + RN + "@gmail.com"): null

2020-01-30 12:59:18 - [TEST_STEP][PASSED] - selenium.type("id=telephone", "123852951"): null

2020-01-30 12:59:18 - [TEST_STEP][PASSED] - selenium.type("id=password", "marek123"): null

2020-01-30 12:59:18 - [TEST_STEP][PASSED] - selenium.type("id=password_confirmation", "marek123"): null

2020-01-30 12:59:18 - [TEST_STEP][PASSED] - selenium.click("xpath=(//input[@value=''])[12]"): null

2020-01-30 12:59:19 - [TEST_STEP][PASSED] - verifyElementPresent(findTestObject("Brak akceptacji regulaminu"), 5): Object 'Object Repository/Brak akceptacji regulaminu' is present

2020-01-30 12:59:19 - [MESSAGE][PASSED] - Object 'Object Repository/Brak akceptacji regulaminu' is present

2020-01-30 12:59:19 - [TEST_STEP][PASSED] - closeBrowser(): Browser is closed

2020-01-30 12:59:21 - [MESSAGE][PASSED] - Browser is closed]]></system-out>
         <system-err><![CDATA[]]></system-err>
      </testcase>
      <testcase name="Test Cases/GC.FR.9" time="14.005" classname="Test Cases/GC.FR.9" status="PASSED">
         <system-out><![CDATA[2020-01-30 12:59:21 - [TEST_CASE][PASSED] - Test Cases/GC.FR.9: Test Cases/GC.FR.9

2020-01-30 12:59:21 - [TEST_STEP][PASSED] - RN = Math.random() * 10000000: null

2020-01-30 12:59:21 - [TEST_STEP][PASSED] - openBrowser("https://www.google.com/"): Browser is opened with url: 'https://www.google.com/'

2020-01-30 12:59:21 - [MESSAGE][INFO] - Starting 'Firefox' driver

2020-01-30 12:59:26 - [MESSAGE][PASSED] - Browser is opened with url: 'https://www.google.com/'

2020-01-30 12:59:26 - [TEST_STEP][PASSED] - driver = getWebDriver(): null

2020-01-30 12:59:26 - [TEST_STEP][PASSED] - baseUrl = "https://www.google.com/": null

2020-01-30 12:59:26 - [TEST_STEP][PASSED] - selenium = new com.thoughtworks.selenium.webdriven.WebDriverBackedSelenium(driver, baseUrl): null

2020-01-30 12:59:26 - [TEST_STEP][PASSED] - selenium.open("https://guitarcenter.pl/catalog/logreg.php"): null

2020-01-30 12:59:29 - [TEST_STEP][PASSED] - selenium.click("id=firstname"): null

2020-01-30 12:59:29 - [TEST_STEP][PASSED] - selenium.type("id=firstname", "Marek"): null

2020-01-30 12:59:29 - [TEST_STEP][PASSED] - selenium.type("id=lastname", "Nowak"): null

2020-01-30 12:59:29 - [TEST_STEP][PASSED] - selenium.type("id=email_address", "mareknowak+" + RN + "@gmail.com"): null

2020-01-30 12:59:29 - [TEST_STEP][PASSED] - selenium.type("id=telephone", "123852951"): null

2020-01-30 12:59:29 - [TEST_STEP][PASSED] - selenium.type("id=password", "marek123"): null

2020-01-30 12:59:29 - [TEST_STEP][PASSED] - selenium.type("id=password_confirmation", "marek123"): null

2020-01-30 12:59:30 - [TEST_STEP][PASSED] - selenium.click("id=regulamin"): null

2020-01-30 12:59:30 - [TEST_STEP][PASSED] - selenium.click("id=newsletter"): null

2020-01-30 12:59:30 - [TEST_STEP][PASSED] - selenium.click("id=directmarketing"): null

2020-01-30 12:59:30 - [TEST_STEP][PASSED] - selenium.click("xpath=(//input[@value=''])[12]"): null

2020-01-30 12:59:33 - [TEST_STEP][PASSED] - verifyElementPresent(findTestObject("Konto zostało założone"), 10): Object 'Object Repository/Konto zostało założone' is present

2020-01-30 12:59:34 - [MESSAGE][PASSED] - Object 'Object Repository/Konto zostało założone' is present

2020-01-30 12:59:34 - [TEST_STEP][PASSED] - closeBrowser(): Browser is closed

2020-01-30 12:59:35 - [MESSAGE][PASSED] - Browser is closed]]></system-out>
         <system-err><![CDATA[]]></system-err>
      </testcase>
      <system-out><![CDATA[2020-01-30 12:55:42 - [TEST_SUITE][FAILED] - GuitarCenter Formularz Rejestracji: Test Cases/GC.FR.3.2 FAILED.
Reason:
com.kms.katalon.core.exception.StepFailedException: Unable to verify object 'Object Repository/Problem z polem Imię' is present
	at com.kms.katalon.core.webui.keyword.internal.WebUIKeywordMain.stepFailed(WebUIKeywordMain.groovy:64)
	at com.kms.katalon.core.webui.keyword.internal.WebUIKeywordMain.runKeyword(WebUIKeywordMain.groovy:26)
	at com.kms.katalon.core.webui.keyword.builtin.VerifyElementPresentKeyword.verifyElementPresent(VerifyElementPresentKeyword.groovy:92)
	at com.kms.katalon.core.webui.keyword.builtin.VerifyElementPresentKeyword.execute(VerifyElementPresentKeyword.groovy:68)
	at com.kms.katalon.core.keyword.internal.KeywordExecutor.executeKeywordForPlatform(KeywordExecutor.groovy:72)
	at com.kms.katalon.core.webui.keyword.WebUiBuiltInKeywords.verifyElementPresent(WebUiBuiltInKeywords.groovy:1434)
	at com.kms.katalon.core.webui.keyword.WebUiBuiltInKeywords$verifyElementPresent$0.call(Unknown Source)
	at GC.FR.3.2.run(GC.FR.3.2:73)
	at com.kms.katalon.core.main.ScriptEngine.run(ScriptEngine.java:194)
	at com.kms.katalon.core.main.ScriptEngine.runScriptAsRawText(ScriptEngine.java:119)
	at com.kms.katalon.core.main.TestCaseExecutor.runScript(TestCaseExecutor.java:337)
	at com.kms.katalon.core.main.TestCaseExecutor.doExecute(TestCaseExecutor.java:328)
	at com.kms.katalon.core.main.TestCaseExecutor.processExecutionPhase(TestCaseExecutor.java:307)
	at com.kms.katalon.core.main.TestCaseExecutor.accessMainPhase(TestCaseExecutor.java:299)
	at com.kms.katalon.core.main.TestCaseExecutor.execute(TestCaseExecutor.java:233)
	at com.kms.katalon.core.main.TestSuiteExecutor.accessTestCaseMainPhase(TestSuiteExecutor.java:169)
	at com.kms.katalon.core.main.TestSuiteExecutor.accessTestSuiteMainPhase(TestSuiteExecutor.java:142)
	at com.kms.katalon.core.main.TestSuiteExecutor.execute(TestSuiteExecutor.java:91)
	at com.kms.katalon.core.main.TestCaseMain.startTestSuite(TestCaseMain.java:157)
	at com.kms.katalon.core.main.TestCaseMain$startTestSuite$0.call(Unknown Source)
	at TempTestSuite1580385341239.run(TempTestSuite1580385341239.groovy:36)
Caused by: com.kms.katalon.core.exception.StepFailedException: com.kms.katalon.core.webui.exception.WebElementNotFoundException: Web element with id: 'Object Repository/Problem z polem Imię' located by 'By.xpath: /html/body/center/table/tbody/tr/td/table[2]/tbody/tr/td/table/tbody/tr/td[2]/form/table[1]/tbody/tr[1]/td/p' not found
	at com.kms.katalon.core.webui.keyword.internal.WebUIKeywordMain.stepFailed(WebUIKeywordMain.groovy:64)
	at com.kms.katalon.core.webui.keyword.builtin.VerifyElementPresentKeyword$_verifyElementPresent_closure1.doCall(VerifyElementPresentKeyword.groovy:85)
	at com.kms.katalon.core.webui.keyword.builtin.VerifyElementPresentKeyword$_verifyElementPresent_closure1.call(VerifyElementPresentKeyword.groovy)
	at com.kms.katalon.core.webui.keyword.internal.WebUIKeywordMain.runKeyword(WebUIKeywordMain.groovy:20)
	... 19 more]]></system-out>
      <system-err><![CDATA[2020-01-30 12:55:42 - [TEST_SUITE][FAILED] - GuitarCenter Formularz Rejestracji: Test Cases/GC.FR.3.2 FAILED.
Reason:
com.kms.katalon.core.exception.StepFailedException: Unable to verify object 'Object Repository/Problem z polem Imię' is present
	at com.kms.katalon.core.webui.keyword.internal.WebUIKeywordMain.stepFailed(WebUIKeywordMain.groovy:64)
	at com.kms.katalon.core.webui.keyword.internal.WebUIKeywordMain.runKeyword(WebUIKeywordMain.groovy:26)
	at com.kms.katalon.core.webui.keyword.builtin.VerifyElementPresentKeyword.verifyElementPresent(VerifyElementPresentKeyword.groovy:92)
	at com.kms.katalon.core.webui.keyword.builtin.VerifyElementPresentKeyword.execute(VerifyElementPresentKeyword.groovy:68)
	at com.kms.katalon.core.keyword.internal.KeywordExecutor.executeKeywordForPlatform(KeywordExecutor.groovy:72)
	at com.kms.katalon.core.webui.keyword.WebUiBuiltInKeywords.verifyElementPresent(WebUiBuiltInKeywords.groovy:1434)
	at com.kms.katalon.core.webui.keyword.WebUiBuiltInKeywords$verifyElementPresent$0.call(Unknown Source)
	at GC.FR.3.2.run(GC.FR.3.2:73)
	at com.kms.katalon.core.main.ScriptEngine.run(ScriptEngine.java:194)
	at com.kms.katalon.core.main.ScriptEngine.runScriptAsRawText(ScriptEngine.java:119)
	at com.kms.katalon.core.main.TestCaseExecutor.runScript(TestCaseExecutor.java:337)
	at com.kms.katalon.core.main.TestCaseExecutor.doExecute(TestCaseExecutor.java:328)
	at com.kms.katalon.core.main.TestCaseExecutor.processExecutionPhase(TestCaseExecutor.java:307)
	at com.kms.katalon.core.main.TestCaseExecutor.accessMainPhase(TestCaseExecutor.java:299)
	at com.kms.katalon.core.main.TestCaseExecutor.execute(TestCaseExecutor.java:233)
	at com.kms.katalon.core.main.TestSuiteExecutor.accessTestCaseMainPhase(TestSuiteExecutor.java:169)
	at com.kms.katalon.core.main.TestSuiteExecutor.accessTestSuiteMainPhase(TestSuiteExecutor.java:142)
	at com.kms.katalon.core.main.TestSuiteExecutor.execute(TestSuiteExecutor.java:91)
	at com.kms.katalon.core.main.TestCaseMain.startTestSuite(TestCaseMain.java:157)
	at com.kms.katalon.core.main.TestCaseMain$startTestSuite$0.call(Unknown Source)
	at TempTestSuite1580385341239.run(TempTestSuite1580385341239.groovy:36)
Caused by: com.kms.katalon.core.exception.StepFailedException: com.kms.katalon.core.webui.exception.WebElementNotFoundException: Web element with id: 'Object Repository/Problem z polem Imię' located by 'By.xpath: /html/body/center/table/tbody/tr/td/table[2]/tbody/tr/td/table/tbody/tr/td[2]/form/table[1]/tbody/tr[1]/td/p' not found
	at com.kms.katalon.core.webui.keyword.internal.WebUIKeywordMain.stepFailed(WebUIKeywordMain.groovy:64)
	at com.kms.katalon.core.webui.keyword.builtin.VerifyElementPresentKeyword$_verifyElementPresent_closure1.doCall(VerifyElementPresentKeyword.groovy:85)
	at com.kms.katalon.core.webui.keyword.builtin.VerifyElementPresentKeyword$_verifyElementPresent_closure1.call(VerifyElementPresentKeyword.groovy)
	at com.kms.katalon.core.webui.keyword.internal.WebUIKeywordMain.runKeyword(WebUIKeywordMain.groovy:20)
	... 19 more]]></system-err>
   </testsuite>
</testsuites>
